<?xml version="1.0" encoding="UTF-8"?>
<testsuites name="DONA 1st BOD ONLINE" time="256" tests="1" failures="1" errors="0">
   <testsuite name="DONA 1st BOD ONLINE" tests="1" failures="1" errors="0" time="256" timestamp="2018-11-02 14:02:02" hostname="pramudityo.pratanto - ID-L1719.hcg.homecredit.net" id="Test Suites/DONA 1st BOD ONLINE">
      <properties>
         <property name="deviceName" value="asus ASUS_X00TD (Android 8.1.0)"/>
         <property name="devicePlatform" value=""/>
         <property name="logFolder" value="C:\\Users\\pramudityo.pratanto\\git\\MobileApp_HomeCredit_Indonesia_2.0\\Reports\\DONA 1st BOD ONLINE\\20181102_140133"/>
         <property name="logFiles" value="C:\\Users\\pramudityo.pratanto\\git\\MobileApp_HomeCredit_Indonesia_2.0\\Reports\\DONA 1st BOD ONLINE\\20181102_140133\\appium.log, C:\\Users\\pramudityo.pratanto\\git\\MobileApp_HomeCredit_Indonesia_2.0\\Reports\\DONA 1st BOD ONLINE\\20181102_140133\\execution0.log"/>
         <property name="attachments" value="C:\\Users\\pramudityo.pratanto\\git\\MobileApp_HomeCredit_Indonesia_2.0\\Reports\\DONA 1st BOD ONLINE\\20181102_140133\\1541142369011.png, C:\\Users\\pramudityo.pratanto\\git\\MobileApp_HomeCredit_Indonesia_2.0\\Reports\\DONA 1st BOD ONLINE\\20181102_140133\\1541142373135.png"/>
         <property name="hostName" value="pramudityo.pratanto - ID-L1719.hcg.homecredit.net"/>
         <property name="os" value="Windows 7 64bit"/>
         <property name="katalonVersion" value="5.6.0.1"/>
         <property name="deviceOS" value="Android"/>
         <property name="appiumVersion" value="1.8.1"/>
         <property name="deviceModel" value="ASUS_X00TD"/>
         <property name="hostAddress" value="10.58.29.236"/>
         <property name="deviceManufacturer" value="asus"/>
         <property name="deviceId" value="J5AXGF00V036ZZZ"/>
         <property name="deviceName" value="asus ASUS_X00TD (Android 8.1.0)"/>
         <property name="deviceOSVersion" value="8.1.0"/>
      </properties>
      <testcase name="Test Cases/Open" classname="Test Cases/Open" status="PASSED">
         <system-out><![CDATA[2018-11-02 14:02:04 - [TEST_CASE][PASSED] - Test Cases/Open: Test Cases/Open

2018-11-02 14:02:05 - [TEST_STEP][PASSED] - startApplication: Started app at: 'C:\Users\pramudityo.pratanto\Desktop\Katalon Update\appv2-development-universal-debug (1).apk'

2018-11-02 14:04:18 - [MESSAGE][PASSED] - Started app at: 'C:\Users\pramudityo.pratanto\Desktop\Katalon Update\appv2-development-universal-debug (1).apk']]></system-out>
         <system-err><![CDATA[]]></system-err>
      </testcase>
      <testcase name="Test Cases/DONA 1st bod" classname="Test Cases/DONA 1st bod" status="FAILED">
         <failure type="FAILED" message="Failed to tap on element 'Object Repository/My Home Credit Indonesia/DONA/android.widget.ImageView2 (1)' (Root cause: Object Object Repository/My Home Credit Indonesia/DONA/android.widget.ImageView2 (1) not found)"/>
         <system-out><![CDATA[2018-11-02 14:04:18 - [TEST_CASE][FAILED] - Test Cases/DONA 1st bod: Test Cases/DONA 1st bod FAILED because (of) Failed to tap on element 'Object Repository/My Home Credit Indonesia/DONA/android.widget.ImageView2 (1)' (Root cause: Object Object Repository/My Home Credit Indonesia/DONA/android.widget.ImageView2 (1) not found)

2018-11-02 14:04:19 - [TEST_STEP][PASSED] - delay: Delayed 15 second(s)

2018-11-02 14:04:34 - [MESSAGE][PASSED] - Delayed 15 second(s)

2018-11-02 14:04:34 - [TEST_STEP][PASSED] - tap: Tapped on element 'Object Repository/My Home Credit Indonesia/DONA/android.widget.ImageView5 (Dona Banner 2)'

2018-11-02 14:04:38 - [MESSAGE][PASSED] - Tapped on element 'Object Repository/My Home Credit Indonesia/DONA/android.widget.ImageView5 (Dona Banner 2)'

2018-11-02 14:04:38 - [TEST_STEP][PASSED] - tap: Tapped on element 'Object Repository/My Home Credit Indonesia/DONA/android.widget.TextView6 - AJUKAN SEKARANG'

2018-11-02 14:04:40 - [MESSAGE][PASSED] - Tapped on element 'Object Repository/My Home Credit Indonesia/DONA/android.widget.TextView6 - AJUKAN SEKARANG'

2018-11-02 14:04:40 - [TEST_STEP][PASSED] - tap: Tapped on element 'Object Repository/My Home Credit Indonesia/DONA/android.widget.TextView4 - LANJUTKAN (1)'

2018-11-02 14:04:46 - [MESSAGE][PASSED] - Tapped on element 'Object Repository/My Home Credit Indonesia/DONA/android.widget.TextView4 - LANJUTKAN (1)'

2018-11-02 14:04:46 - [TEST_STEP][PASSED] - delay: Delayed 8 second(s)

2018-11-02 14:04:54 - [MESSAGE][PASSED] - Delayed 8 second(s)

2018-11-02 14:04:54 - [TEST_STEP][PASSED] - tap: Tapped on element 'Object Repository/My Home Credit Indonesia/DONA/android.widget.TextView7 - MULAI PENGAJUAN (1)'

2018-11-02 14:04:58 - [MESSAGE][PASSED] - Tapped on element 'Object Repository/My Home Credit Indonesia/DONA/android.widget.TextView7 - MULAI PENGAJUAN (1)'

2018-11-02 14:04:58 - [TEST_STEP][PASSED] - tap: Tapped on element 'Object Repository/My Home Credit Indonesia/DONA/android.widget.ImageView1 (3)'

2018-11-02 14:05:01 - [MESSAGE][PASSED] - Tapped on element 'Object Repository/My Home Credit Indonesia/DONA/android.widget.ImageView1 (3)'

2018-11-02 14:05:01 - [TEST_STEP][PASSED] - tap: Tapped on element 'Object Repository/My Home Credit Indonesia/DONA/android.widget.TextView9 - LANJUTKAN (1)'

2018-11-02 14:05:04 - [MESSAGE][PASSED] - Tapped on element 'Object Repository/My Home Credit Indonesia/DONA/android.widget.TextView9 - LANJUTKAN (1)'

2018-11-02 14:05:04 - [TEST_STEP][PASSED] - tap: Tapped on element 'Object Repository/My Home Credit Indonesia/DONA/android.widget.TextView0 - GANTI KAMERA (1)'

2018-11-02 14:05:47 - [MESSAGE][PASSED] - Tapped on element 'Object Repository/My Home Credit Indonesia/DONA/android.widget.TextView0 - GANTI KAMERA (1)'

2018-11-02 14:05:47 - [TEST_STEP][PASSED] - tap: Tapped on element 'Object Repository/My Home Credit Indonesia/DONA/android.widget.ImageView10'

2018-11-02 14:05:52 - [MESSAGE][PASSED] - Tapped on element 'Object Repository/My Home Credit Indonesia/DONA/android.widget.ImageView10'

2018-11-02 14:05:52 - [TEST_STEP][PASSED] - tap: Tapped on element 'Object Repository/My Home Credit Indonesia/DONA/android.widget.ImageView2'

2018-11-02 14:05:55 - [MESSAGE][PASSED] - Tapped on element 'Object Repository/My Home Credit Indonesia/DONA/android.widget.ImageView2'

2018-11-02 14:05:55 - [TEST_STEP][PASSED] - delay: Delayed 8 second(s)

2018-11-02 14:06:03 - [MESSAGE][PASSED] - Delayed 8 second(s)

2018-11-02 14:06:03 - [TEST_STEP][PASSED] - tap: Tapped on element 'Object Repository/My Home Credit Indonesia/DONA/android.widget.TextView2 - LANJUTKAN'

2018-11-02 14:06:05 - [MESSAGE][PASSED] - Tapped on element 'Object Repository/My Home Credit Indonesia/DONA/android.widget.TextView2 - LANJUTKAN'

2018-11-02 14:06:05 - [TEST_STEP][FAILED] - tap: Failed to tap on element 'Object Repository/My Home Credit Indonesia/DONA/android.widget.ImageView2 (1)' (Root cause: Object Object Repository/My Home Credit Indonesia/DONA/android.widget.ImageView2 (1) not found)

2018-11-02 14:06:13 - [MESSAGE][FAILED] - Object Object Repository/My Home Credit Indonesia/DONA/android.widget.ImageView2 (1) not found
[[ATTACHMENT|C:\\Users\\pramudityo.pratanto\\git\\MobileApp_HomeCredit_Indonesia_2.0\\Reports\\DONA 1st BOD ONLINE\\20181102_140133\\1541142369011.png]]

2018-11-02 14:06:14 - [MESSAGE][FAILED] - Failed to tap on element 'Object Repository/My Home Credit Indonesia/DONA/android.widget.ImageView2 (1)' (Root cause: Object Object Repository/My Home Credit Indonesia/DONA/android.widget.ImageView2 (1) not found)
[[ATTACHMENT|C:\\Users\\pramudityo.pratanto\\git\\MobileApp_HomeCredit_Indonesia_2.0\\Reports\\DONA 1st BOD ONLINE\\20181102_140133\\1541142373135.png]]]]></system-out>
         <system-err><![CDATA[2018-11-02 14:04:18 - [TEST_CASE][FAILED] - Test Cases/DONA 1st bod: Test Cases/DONA 1st bod FAILED because (of) Failed to tap on element 'Object Repository/My Home Credit Indonesia/DONA/android.widget.ImageView2 (1)' (Root cause: Object Object Repository/My Home Credit Indonesia/DONA/android.widget.ImageView2 (1) not found)]]></system-err>
      </testcase>
      <system-out><![CDATA[2018-11-02 14:02:02 - [TEST_SUITE][FAILED] - DONA 1st BOD ONLINE: Test Cases/DONA 1st bod FAILED because (of) Failed to tap on element 'Object Repository/My Home Credit Indonesia/DONA/android.widget.ImageView2 (1)' (Root cause: Object Object Repository/My Home Credit Indonesia/DONA/android.widget.ImageView2 (1) not found)]]></system-out>
      <system-err><![CDATA[2018-11-02 14:02:02 - [TEST_SUITE][FAILED] - DONA 1st BOD ONLINE: Test Cases/DONA 1st bod FAILED because (of) Failed to tap on element 'Object Repository/My Home Credit Indonesia/DONA/android.widget.ImageView2 (1)' (Root cause: Object Object Repository/My Home Credit Indonesia/DONA/android.widget.ImageView2 (1) not found)]]></system-err>
   </testsuite>
</testsuites>
