<?xml version="1.0" encoding="UTF-8"?>
<testsuites name="Testing Flexifast" time="86" tests="1" failures="2" errors="0">
   <testsuite name="Testing Flexifast" tests="1" failures="2" errors="0" time="86" timestamp="2018-10-02 09:59:18" hostname="pramudityo.pratanto - ID-L1719.hcg.homecredit.net" id="Test Suites/Testing Flexifast">
      <properties>
         <property name="deviceName" value="asus ASUS_X00TD (Android 8.1.0)"/>
         <property name="devicePlatform" value=""/>
         <property name="logFolder" value="C:\\Users\\pramudityo.pratanto\\git\\MobileApp_HomeCredit_Indonesia_2.0\\Reports\\Testing Flexifast\\20181002_095915"/>
         <property name="logFiles" value="C:\\Users\\pramudityo.pratanto\\git\\MobileApp_HomeCredit_Indonesia_2.0\\Reports\\Testing Flexifast\\20181002_095915\\appium.log, C:\\Users\\pramudityo.pratanto\\git\\MobileApp_HomeCredit_Indonesia_2.0\\Reports\\Testing Flexifast\\20181002_095915\\execution0.log"/>
         <property name="attachments" value="C:\\Users\\pramudityo.pratanto\\git\\MobileApp_HomeCredit_Indonesia_2.0\\Reports\\Testing Flexifast\\20181002_095915\\1538449236390.png, C:\\Users\\pramudityo.pratanto\\git\\MobileApp_HomeCredit_Indonesia_2.0\\Reports\\Testing Flexifast\\20181002_095915\\1538449237644.png, C:\\Users\\pramudityo.pratanto\\git\\MobileApp_HomeCredit_Indonesia_2.0\\Reports\\Testing Flexifast\\20181002_095915\\1538449242034.png, C:\\Users\\pramudityo.pratanto\\git\\MobileApp_HomeCredit_Indonesia_2.0\\Reports\\Testing Flexifast\\20181002_095915\\1538449243087.png"/>
         <property name="hostName" value="pramudityo.pratanto - ID-L1719.hcg.homecredit.net"/>
         <property name="os" value="Windows 7 64bit"/>
         <property name="katalonVersion" value="5.6.0.1"/>
         <property name="deviceOS" value="Android"/>
         <property name="appiumVersion" value="1.8.1"/>
         <property name="deviceModel" value="ASUS_X00TD"/>
         <property name="hostAddress" value="10.58.29.152"/>
         <property name="deviceManufacturer" value="asus"/>
         <property name="deviceId" value="J5AXGF00V036ZZZ"/>
         <property name="deviceName" value="asus ASUS_X00TD (Android 8.1.0)"/>
         <property name="deviceOSVersion" value="8.1.0"/>
      </properties>
      <testcase name="Test Cases/Open" classname="Test Cases/Open" status="PASSED">
         <system-out><![CDATA[2018-10-02 09:59:19 - [TEST_CASE][PASSED] - Test Cases/Open: Test Cases/Open

2018-10-02 09:59:19 - [TEST_STEP][PASSED] - startApplication: Started app at: 'C:\Users\pramudityo.pratanto\Desktop\Katalon Update\appv2-development-universal-debug (1).apk'

2018-10-02 10:00:33 - [MESSAGE][PASSED] - Started app at: 'C:\Users\pramudityo.pratanto\Desktop\Katalon Update\appv2-development-universal-debug (1).apk']]></system-out>
         <system-err><![CDATA[]]></system-err>
      </testcase>
      <testcase name="Test Cases/Login" classname="Test Cases/Login" status="FAILED">
         <failure type="FAILED" message="Failed to set text into element (Root cause: Object Object Repository/My Home Credit Indonesia/android.widget.EditText0 - Masukkan No. Handphone Anda not found)"/>
         <system-out><![CDATA[2018-10-02 10:00:33 - [TEST_CASE][FAILED] - Test Cases/Login: Test Cases/Login FAILED because (of) Failed to set text into element (Root cause: Object Object Repository/My Home Credit Indonesia/android.widget.EditText0 - Masukkan No. Handphone Anda not found)

2018-10-02 10:00:33 - [TEST_STEP][FAILED] - setText: Failed to set text into element (Root cause: Object Object Repository/My Home Credit Indonesia/android.widget.EditText0 - Masukkan No. Handphone Anda not found)

2018-10-02 10:00:37 - [MESSAGE][FAILED] - Object Object Repository/My Home Credit Indonesia/android.widget.EditText0 - Masukkan No. Handphone Anda not found
[[ATTACHMENT|C:\\Users\\pramudityo.pratanto\\git\\MobileApp_HomeCredit_Indonesia_2.0\\Reports\\Testing Flexifast\\20181002_095915\\1538449236390.png]]

2018-10-02 10:00:38 - [MESSAGE][FAILED] - Failed to set text into element (Root cause: Object Object Repository/My Home Credit Indonesia/android.widget.EditText0 - Masukkan No. Handphone Anda not found)
[[ATTACHMENT|C:\\Users\\pramudityo.pratanto\\git\\MobileApp_HomeCredit_Indonesia_2.0\\Reports\\Testing Flexifast\\20181002_095915\\1538449237644.png]]]]></system-out>
         <system-err><![CDATA[2018-10-02 10:00:33 - [TEST_CASE][FAILED] - Test Cases/Login: Test Cases/Login FAILED because (of) Failed to set text into element (Root cause: Object Object Repository/My Home Credit Indonesia/android.widget.EditText0 - Masukkan No. Handphone Anda not found)]]></system-err>
      </testcase>
      <testcase name="Test Cases/Flexifast" classname="Test Cases/Flexifast" status="FAILED">
         <failure type="FAILED" message="Failed to tap on element 'Object Repository/My Home Credit Indonesia/android.widget.TextView10 - Renovasi Rumah' (Root cause: Object Object Repository/My Home Credit Indonesia/android.widget.TextView10 - Renovasi Rumah not found)"/>
         <system-out><![CDATA[2018-10-02 10:00:38 - [TEST_CASE][FAILED] - Test Cases/Flexifast: Test Cases/Flexifast FAILED because (of) Failed to tap on element 'Object Repository/My Home Credit Indonesia/android.widget.TextView10 - Renovasi Rumah' (Root cause: Object Object Repository/My Home Credit Indonesia/android.widget.TextView10 - Renovasi Rumah not found)

2018-10-02 10:00:38 - [TEST_STEP][FAILED] - tap: Failed to tap on element 'Object Repository/My Home Credit Indonesia/android.widget.TextView10 - Renovasi Rumah' (Root cause: Object Object Repository/My Home Credit Indonesia/android.widget.TextView10 - Renovasi Rumah not found)

2018-10-02 10:00:43 - [MESSAGE][FAILED] - Object Object Repository/My Home Credit Indonesia/android.widget.TextView10 - Renovasi Rumah not found
[[ATTACHMENT|C:\\Users\\pramudityo.pratanto\\git\\MobileApp_HomeCredit_Indonesia_2.0\\Reports\\Testing Flexifast\\20181002_095915\\1538449242034.png]]

2018-10-02 10:00:44 - [MESSAGE][FAILED] - Failed to tap on element 'Object Repository/My Home Credit Indonesia/android.widget.TextView10 - Renovasi Rumah' (Root cause: Object Object Repository/My Home Credit Indonesia/android.widget.TextView10 - Renovasi Rumah not found)
[[ATTACHMENT|C:\\Users\\pramudityo.pratanto\\git\\MobileApp_HomeCredit_Indonesia_2.0\\Reports\\Testing Flexifast\\20181002_095915\\1538449243087.png]]]]></system-out>
         <system-err><![CDATA[2018-10-02 10:00:38 - [TEST_CASE][FAILED] - Test Cases/Flexifast: Test Cases/Flexifast FAILED because (of) Failed to tap on element 'Object Repository/My Home Credit Indonesia/android.widget.TextView10 - Renovasi Rumah' (Root cause: Object Object Repository/My Home Credit Indonesia/android.widget.TextView10 - Renovasi Rumah not found)]]></system-err>
      </testcase>
      <system-out><![CDATA[2018-10-02 09:59:18 - [TEST_SUITE][FAILED] - Testing Flexifast: Test Cases/Login FAILED because (of) Failed to set text into element (Root cause: Object Object Repository/My Home Credit Indonesia/android.widget.EditText0 - Masukkan No. Handphone Anda not found)]]></system-out>
      <system-err><![CDATA[2018-10-02 09:59:18 - [TEST_SUITE][FAILED] - Testing Flexifast: Test Cases/Login FAILED because (of) Failed to set text into element (Root cause: Object Object Repository/My Home Credit Indonesia/android.widget.EditText0 - Masukkan No. Handphone Anda not found)]]></system-err>
   </testsuite>
</testsuites>
