<?xml version="1.0" encoding="UTF-8"?>
<testsuites name="Test Flexifast" time="43" tests="1" failures="1" errors="0">
   <testsuite name="Test Flexifast" tests="1" failures="1" errors="0" time="43" timestamp="2018-11-01 13:51:48" hostname="pramudityo.pratanto - ID-L1719.hcg.homecredit.net" id="Test Suites/Test Flexifast">
      <properties>
         <property name="deviceName" value="asus ASUS_X00TD (Android 8.1.0)"/>
         <property name="devicePlatform" value=""/>
         <property name="logFolder" value="C:\\Users\\pramudityo.pratanto\\git\\MobileApp_HomeCredit_Indonesia_2.0\\Reports\\Test Flexifast\\20181101_135146"/>
         <property name="logFiles" value="C:\\Users\\pramudityo.pratanto\\git\\MobileApp_HomeCredit_Indonesia_2.0\\Reports\\Test Flexifast\\20181101_135146\\appium.log, C:\\Users\\pramudityo.pratanto\\git\\MobileApp_HomeCredit_Indonesia_2.0\\Reports\\Test Flexifast\\20181101_135146\\execution0.log"/>
         <property name="attachments" value="C:\\Users\\pramudityo.pratanto\\git\\MobileApp_HomeCredit_Indonesia_2.0\\Reports\\Test Flexifast\\20181101_135146\\1541055148511.png, C:\\Users\\pramudityo.pratanto\\git\\MobileApp_HomeCredit_Indonesia_2.0\\Reports\\Test Flexifast\\20181101_135146\\1541055149882.png"/>
         <property name="hostName" value="pramudityo.pratanto - ID-L1719.hcg.homecredit.net"/>
         <property name="os" value="Windows 7 64bit"/>
         <property name="katalonVersion" value="5.6.0.1"/>
         <property name="deviceOS" value="Android"/>
         <property name="appiumVersion" value="1.8.1"/>
         <property name="deviceModel" value="ASUS_X00TD"/>
         <property name="hostAddress" value="10.58.29.236"/>
         <property name="deviceManufacturer" value="asus"/>
         <property name="deviceId" value="J5AXGF00V036ZZZ"/>
         <property name="deviceName" value="asus ASUS_X00TD (Android 8.1.0)"/>
         <property name="deviceOSVersion" value="8.1.0"/>
      </properties>
      <testcase name="Test Cases/Open" classname="Test Cases/Open" status="PASSED">
         <system-out><![CDATA[2018-11-01 13:51:49 - [TEST_CASE][PASSED] - Test Cases/Open: Test Cases/Open

2018-11-01 13:51:49 - [TEST_STEP][PASSED] - startApplication: Started app at: 'C:\Users\pramudityo.pratanto\Desktop\Katalon Update\appv2-development-universal-debug (1).apk'

2018-11-01 13:52:21 - [MESSAGE][PASSED] - Started app at: 'C:\Users\pramudityo.pratanto\Desktop\Katalon Update\appv2-development-universal-debug (1).apk']]></system-out>
         <system-err><![CDATA[]]></system-err>
      </testcase>
      <testcase name="Test Cases/Flexifast" classname="Test Cases/Flexifast" status="FAILED">
         <failure type="FAILED" message="Failed to tap on element 'Object Repository/My Home Credit Indonesia/android.widget.TextView9 - Daftar Sekarang' (Root cause: Object Object Repository/My Home Credit Indonesia/android.widget.TextView9 - Daftar Sekarang not found)"/>
         <system-out><![CDATA[2018-11-01 13:52:21 - [TEST_CASE][FAILED] - Test Cases/Flexifast: Test Cases/Flexifast FAILED because (of) Failed to tap on element 'Object Repository/My Home Credit Indonesia/android.widget.TextView9 - Daftar Sekarang' (Root cause: Object Object Repository/My Home Credit Indonesia/android.widget.TextView9 - Daftar Sekarang not found)

2018-11-01 13:52:21 - [TEST_STEP][PASSED] - tap: Tapped on element 'Object Repository/My Home Credit Indonesia/android.widget.TextView10 - Renovasi Rumah'

2018-11-01 13:52:23 - [MESSAGE][PASSED] - Tapped on element 'Object Repository/My Home Credit Indonesia/android.widget.TextView10 - Renovasi Rumah'

2018-11-01 13:52:23 - [TEST_STEP][FAILED] - tap: Failed to tap on element 'Object Repository/My Home Credit Indonesia/android.widget.TextView9 - Daftar Sekarang' (Root cause: Object Object Repository/My Home Credit Indonesia/android.widget.TextView9 - Daftar Sekarang not found)

2018-11-01 13:52:29 - [MESSAGE][FAILED] - Object Object Repository/My Home Credit Indonesia/android.widget.TextView9 - Daftar Sekarang not found
[[ATTACHMENT|C:\\Users\\pramudityo.pratanto\\git\\MobileApp_HomeCredit_Indonesia_2.0\\Reports\\Test Flexifast\\20181101_135146\\1541055148511.png]]

2018-11-01 13:52:31 - [MESSAGE][FAILED] - Failed to tap on element 'Object Repository/My Home Credit Indonesia/android.widget.TextView9 - Daftar Sekarang' (Root cause: Object Object Repository/My Home Credit Indonesia/android.widget.TextView9 - Daftar Sekarang not found)
[[ATTACHMENT|C:\\Users\\pramudityo.pratanto\\git\\MobileApp_HomeCredit_Indonesia_2.0\\Reports\\Test Flexifast\\20181101_135146\\1541055149882.png]]]]></system-out>
         <system-err><![CDATA[2018-11-01 13:52:21 - [TEST_CASE][FAILED] - Test Cases/Flexifast: Test Cases/Flexifast FAILED because (of) Failed to tap on element 'Object Repository/My Home Credit Indonesia/android.widget.TextView9 - Daftar Sekarang' (Root cause: Object Object Repository/My Home Credit Indonesia/android.widget.TextView9 - Daftar Sekarang not found)]]></system-err>
      </testcase>
      <system-out><![CDATA[2018-11-01 13:51:48 - [TEST_SUITE][FAILED] - Test Flexifast: Test Cases/Flexifast FAILED because (of) Failed to tap on element 'Object Repository/My Home Credit Indonesia/android.widget.TextView9 - Daftar Sekarang' (Root cause: Object Object Repository/My Home Credit Indonesia/android.widget.TextView9 - Daftar Sekarang not found)]]></system-out>
      <system-err><![CDATA[2018-11-01 13:51:48 - [TEST_SUITE][FAILED] - Test Flexifast: Test Cases/Flexifast FAILED because (of) Failed to tap on element 'Object Repository/My Home Credit Indonesia/android.widget.TextView9 - Daftar Sekarang' (Root cause: Object Object Repository/My Home Credit Indonesia/android.widget.TextView9 - Daftar Sekarang not found)]]></system-err>
   </testsuite>
</testsuites>
