<?xml version="1.0" encoding="UTF-8"?>
<testsuites name="Testing Flexifast" time="108" tests="2" failures="2" errors="0">
   <testsuite name="Testing Flexifast" tests="2" failures="2" errors="0" time="108" timestamp="2018-10-05 11:14:27" hostname="pramudityo.pratanto - ID-L1719.hcg.homecredit.net" id="Test Suites/Testing Flexifast">
      <properties>
         <property name="deviceName" value="asus ASUS_X00TD (Android 8.1.0)"/>
         <property name="devicePlatform" value=""/>
         <property name="logFolder" value="C:\\Users\\pramudityo.pratanto\\git\\MobileApp_HomeCredit_Indonesia_2.0\\Reports\\Testing Flexifast\\20181005_111424"/>
         <property name="logFiles" value="C:\\Users\\pramudityo.pratanto\\git\\MobileApp_HomeCredit_Indonesia_2.0\\Reports\\Testing Flexifast\\20181005_111424\\appium.log, C:\\Users\\pramudityo.pratanto\\git\\MobileApp_HomeCredit_Indonesia_2.0\\Reports\\Testing Flexifast\\20181005_111424\\execution0.log"/>
         <property name="attachments" value="C:\\Users\\pramudityo.pratanto\\git\\MobileApp_HomeCredit_Indonesia_2.0\\Reports\\Testing Flexifast\\20181005_111424\\1538712967794.png, C:\\Users\\pramudityo.pratanto\\git\\MobileApp_HomeCredit_Indonesia_2.0\\Reports\\Testing Flexifast\\20181005_111424\\1538712969005.png, C:\\Users\\pramudityo.pratanto\\git\\MobileApp_HomeCredit_Indonesia_2.0\\Reports\\Testing Flexifast\\20181005_111424\\1538712973282.png, C:\\Users\\pramudityo.pratanto\\git\\MobileApp_HomeCredit_Indonesia_2.0\\Reports\\Testing Flexifast\\20181005_111424\\1538712974330.png"/>
         <property name="hostName" value="pramudityo.pratanto - ID-L1719.hcg.homecredit.net"/>
         <property name="os" value="Windows 7 64bit"/>
         <property name="katalonVersion" value="5.6.0.1"/>
         <property name="deviceOS" value="Android"/>
         <property name="appiumVersion" value="1.8.1"/>
         <property name="deviceModel" value="ASUS_X00TD"/>
         <property name="hostAddress" value="10.58.29.152"/>
         <property name="deviceManufacturer" value="asus"/>
         <property name="deviceId" value="J5AXGF00V036ZZZ"/>
         <property name="deviceName" value="asus ASUS_X00TD (Android 8.1.0)"/>
         <property name="deviceOSVersion" value="8.1.0"/>
      </properties>
      <testcase name="Test Cases/Open" classname="Test Cases/Open" status="PASSED">
         <system-out><![CDATA[2018-10-05 11:14:28 - [TEST_CASE][PASSED] - Test Cases/Open: Test Cases/Open

2018-10-05 11:14:28 - [TEST_STEP][PASSED] - startApplication: Started app at: 'C:\Users\pramudityo.pratanto\Desktop\Katalon Update\appv2-development-universal-debug (1).apk'

2018-10-05 11:15:46 - [MESSAGE][PASSED] - Started app at: 'C:\Users\pramudityo.pratanto\Desktop\Katalon Update\appv2-development-universal-debug (1).apk']]></system-out>
         <system-err><![CDATA[]]></system-err>
      </testcase>
      <testcase name="Test Cases/Login" classname="Test Cases/Login" status="PASSED">
         <system-out><![CDATA[2018-10-05 11:15:46 - [TEST_CASE][PASSED] - Test Cases/Login: Test Cases/Login

2018-10-05 11:15:46 - [TEST_STEP][PASSED] - setText: Text '81213254451' has been set to element 'Object Repository/My Home Credit Indonesia/android.widget.EditText0 - Masukkan No. Handphone Anda'

2018-10-05 11:15:49 - [MESSAGE][PASSED] - Text '81213254451' has been set to element 'Object Repository/My Home Credit Indonesia/android.widget.EditText0 - Masukkan No. Handphone Anda'

2018-10-05 11:15:49 - [TEST_STEP][PASSED] - setText: Text '1111' has been set to element 'Object Repository/My Home Credit Indonesia/android.widget.EditText1 - Masukkan Kode PIN'

2018-10-05 11:15:51 - [MESSAGE][PASSED] - Text '1111' has been set to element 'Object Repository/My Home Credit Indonesia/android.widget.EditText1 - Masukkan Kode PIN'

2018-10-05 11:15:51 - [TEST_STEP][PASSED] - tap: Tapped on element 'Object Repository/My Home Credit Indonesia/android.widget.Button0 - LOGIN'

2018-10-05 11:15:54 - [MESSAGE][PASSED] - Tapped on element 'Object Repository/My Home Credit Indonesia/android.widget.Button0 - LOGIN']]></system-out>
         <system-err><![CDATA[]]></system-err>
      </testcase>
      <testcase name="Test Cases/Flexifast" classname="Test Cases/Flexifast" status="FAILED">
         <failure type="FAILED" message="Failed to tap on element 'Object Repository/My Home Credit Indonesia/android.widget.TextView6 - Pilih Tujuan' (Root cause: Object Object Repository/My Home Credit Indonesia/android.widget.TextView6 - Pilih Tujuan not found)"/>
         <system-out><![CDATA[2018-10-05 11:15:54 - [TEST_CASE][FAILED] - Test Cases/Flexifast: Test Cases/Flexifast FAILED because (of) Failed to tap on element 'Object Repository/My Home Credit Indonesia/android.widget.TextView6 - Pilih Tujuan' (Root cause: Object Object Repository/My Home Credit Indonesia/android.widget.TextView6 - Pilih Tujuan not found)

2018-10-05 11:15:54 - [TEST_STEP][PASSED] - tap: Tapped on element 'Object Repository/My Home Credit Indonesia/android.widget.TextView10 - Renovasi Rumah'

2018-10-05 11:15:59 - [MESSAGE][PASSED] - Tapped on element 'Object Repository/My Home Credit Indonesia/android.widget.TextView10 - Renovasi Rumah'

2018-10-05 11:15:59 - [TEST_STEP][PASSED] - tap: Tapped on element 'Object Repository/My Home Credit Indonesia/android.widget.TextView9 - Daftar Sekarang'

2018-10-05 11:16:02 - [MESSAGE][PASSED] - Tapped on element 'Object Repository/My Home Credit Indonesia/android.widget.TextView9 - Daftar Sekarang'

2018-10-05 11:16:02 - [TEST_STEP][FAILED] - tap: Failed to tap on element 'Object Repository/My Home Credit Indonesia/android.widget.TextView6 - Pilih Tujuan' (Root cause: Object Object Repository/My Home Credit Indonesia/android.widget.TextView6 - Pilih Tujuan not found)

2018-10-05 11:16:08 - [MESSAGE][FAILED] - Object Object Repository/My Home Credit Indonesia/android.widget.TextView6 - Pilih Tujuan not found
[[ATTACHMENT|C:\\Users\\pramudityo.pratanto\\git\\MobileApp_HomeCredit_Indonesia_2.0\\Reports\\Testing Flexifast\\20181005_111424\\1538712967794.png]]

2018-10-05 11:16:10 - [MESSAGE][FAILED] - Failed to tap on element 'Object Repository/My Home Credit Indonesia/android.widget.TextView6 - Pilih Tujuan' (Root cause: Object Object Repository/My Home Credit Indonesia/android.widget.TextView6 - Pilih Tujuan not found)
[[ATTACHMENT|C:\\Users\\pramudityo.pratanto\\git\\MobileApp_HomeCredit_Indonesia_2.0\\Reports\\Testing Flexifast\\20181005_111424\\1538712969005.png]]]]></system-out>
         <system-err><![CDATA[2018-10-05 11:15:54 - [TEST_CASE][FAILED] - Test Cases/Flexifast: Test Cases/Flexifast FAILED because (of) Failed to tap on element 'Object Repository/My Home Credit Indonesia/android.widget.TextView6 - Pilih Tujuan' (Root cause: Object Object Repository/My Home Credit Indonesia/android.widget.TextView6 - Pilih Tujuan not found)]]></system-err>
      </testcase>
      <testcase name="Test Cases/Logout" classname="Test Cases/Logout" status="FAILED">
         <failure type="FAILED" message="Failed to tap on element 'Object Repository/My Home Credit Indonesia/android.widget.TextView20 - PROFILE' (Root cause: Object Object Repository/My Home Credit Indonesia/android.widget.TextView20 - PROFILE not found)"/>
         <system-out><![CDATA[2018-10-05 11:16:10 - [TEST_CASE][FAILED] - Test Cases/Logout: Test Cases/Logout FAILED because (of) Failed to tap on element 'Object Repository/My Home Credit Indonesia/android.widget.TextView20 - PROFILE' (Root cause: Object Object Repository/My Home Credit Indonesia/android.widget.TextView20 - PROFILE not found)

2018-10-05 11:16:10 - [TEST_STEP][FAILED] - tap: Failed to tap on element 'Object Repository/My Home Credit Indonesia/android.widget.TextView20 - PROFILE' (Root cause: Object Object Repository/My Home Credit Indonesia/android.widget.TextView20 - PROFILE not found)

2018-10-05 11:16:14 - [MESSAGE][FAILED] - Object Object Repository/My Home Credit Indonesia/android.widget.TextView20 - PROFILE not found
[[ATTACHMENT|C:\\Users\\pramudityo.pratanto\\git\\MobileApp_HomeCredit_Indonesia_2.0\\Reports\\Testing Flexifast\\20181005_111424\\1538712973282.png]]

2018-10-05 11:16:15 - [MESSAGE][FAILED] - Failed to tap on element 'Object Repository/My Home Credit Indonesia/android.widget.TextView20 - PROFILE' (Root cause: Object Object Repository/My Home Credit Indonesia/android.widget.TextView20 - PROFILE not found)
[[ATTACHMENT|C:\\Users\\pramudityo.pratanto\\git\\MobileApp_HomeCredit_Indonesia_2.0\\Reports\\Testing Flexifast\\20181005_111424\\1538712974330.png]]]]></system-out>
         <system-err><![CDATA[2018-10-05 11:16:10 - [TEST_CASE][FAILED] - Test Cases/Logout: Test Cases/Logout FAILED because (of) Failed to tap on element 'Object Repository/My Home Credit Indonesia/android.widget.TextView20 - PROFILE' (Root cause: Object Object Repository/My Home Credit Indonesia/android.widget.TextView20 - PROFILE not found)]]></system-err>
      </testcase>
      <system-out><![CDATA[2018-10-05 11:14:27 - [TEST_SUITE][FAILED] - Testing Flexifast: Test Cases/Flexifast FAILED because (of) Failed to tap on element 'Object Repository/My Home Credit Indonesia/android.widget.TextView6 - Pilih Tujuan' (Root cause: Object Object Repository/My Home Credit Indonesia/android.widget.TextView6 - Pilih Tujuan not found)]]></system-out>
      <system-err><![CDATA[2018-10-05 11:14:27 - [TEST_SUITE][FAILED] - Testing Flexifast: Test Cases/Flexifast FAILED because (of) Failed to tap on element 'Object Repository/My Home Credit Indonesia/android.widget.TextView6 - Pilih Tujuan' (Root cause: Object Object Repository/My Home Credit Indonesia/android.widget.TextView6 - Pilih Tujuan not found)]]></system-err>
   </testsuite>
</testsuites>
