<?xml version="1.0" encoding="UTF-8"?>
<testsuites name="Test Flexifast" time="161" tests="1" failures="1" errors="0">
   <testsuite name="Test Flexifast" tests="1" failures="1" errors="0" time="161" timestamp="2018-11-01 15:34:42" hostname="pramudityo.pratanto - ID-L1719.hcg.homecredit.net" id="Test Suites/Test Flexifast">
      <properties>
         <property name="deviceName" value="asus ASUS_X00TD (Android 8.1.0)"/>
         <property name="devicePlatform" value=""/>
         <property name="logFolder" value="C:\\Users\\pramudityo.pratanto\\git\\MobileApp_HomeCredit_Indonesia_2.0\\Reports\\Test Flexifast\\20181101_153436"/>
         <property name="logFiles" value="C:\\Users\\pramudityo.pratanto\\git\\MobileApp_HomeCredit_Indonesia_2.0\\Reports\\Test Flexifast\\20181101_153436\\appium.log, C:\\Users\\pramudityo.pratanto\\git\\MobileApp_HomeCredit_Indonesia_2.0\\Reports\\Test Flexifast\\20181101_153436\\execution0.log"/>
         <property name="attachments" value="C:\\Users\\pramudityo.pratanto\\git\\MobileApp_HomeCredit_Indonesia_2.0\\Reports\\Test Flexifast\\20181101_153436\\1541061441607.png"/>
         <property name="hostName" value="pramudityo.pratanto - ID-L1719.hcg.homecredit.net"/>
         <property name="os" value="Windows 7 64bit"/>
         <property name="katalonVersion" value="5.6.0.1"/>
         <property name="deviceOS" value="Android"/>
         <property name="appiumVersion" value="1.8.1"/>
         <property name="deviceModel" value="ASUS_X00TD"/>
         <property name="hostAddress" value="10.58.29.236"/>
         <property name="deviceManufacturer" value="asus"/>
         <property name="deviceId" value="J5AXGF00V036ZZZ"/>
         <property name="deviceName" value="asus ASUS_X00TD (Android 8.1.0)"/>
         <property name="deviceOSVersion" value="8.1.0"/>
      </properties>
      <testcase name="Test Cases/Open" classname="Test Cases/Open" status="PASSED">
         <system-out><![CDATA[2018-11-01 15:34:43 - [TEST_CASE][PASSED] - Test Cases/Open: Test Cases/Open

2018-11-01 15:34:43 - [TEST_STEP][PASSED] - startApplication: Started app at: 'C:\Users\pramudityo.pratanto\Desktop\Katalon Update\appv2-development-universal-debug (1).apk'

2018-11-01 15:35:46 - [MESSAGE][PASSED] - Started app at: 'C:\Users\pramudityo.pratanto\Desktop\Katalon Update\appv2-development-universal-debug (1).apk']]></system-out>
         <system-err><![CDATA[]]></system-err>
      </testcase>
      <testcase name="Test Cases/Flexifast" classname="Test Cases/Flexifast" status="FAILED">
         <failure type="FAILED" message="Unable to scroll to text 'Lanjutkan' (Root cause: org.openqa.selenium.NoSuchElementException: An element could not be located on the page using the given search parameters. (WARNING: The server did not provide any stacktrace information)
Command duration or timeout: 0 milliseconds
For documentation on this error, please visit: http://seleniumhq.org/exceptions/no_such_element.html
Build info: version: '3.7.1', revision: '8a0099a', time: '2017-11-06T21:07:36.161Z'
System info: host: 'ID-L1719', ip: '10.58.29.236', os.name: 'Windows 7', os.arch: 'amd64', os.version: '6.1', java.version: '1.8.0_181'
Driver info: com.kms.katalon.core.appium.driver.SwipeableAndroidDriver
Capabilities {app: C:\Users\pramudityo.pratant..., appPackage: id.co.myhomecredit.dev, appWaitActivity: id.co.homecredit.*, autoGrantPermissions: true, automationName: uiautomator2, databaseEnabled: false, desired: {app: C:\Users\pramudityo.pratant..., appWaitActivity: id.co.homecredit.*, autoGrantPermissions: true, automationName: uiautomator2, deviceId: , deviceName: asus ASUS_X00TD (Android 8...., fullReset: false, newCommandTimeout: 1800, noReset: true, platform: ANDROID, platformName: Android, udid: J5AXGF00V036ZZZ}, deviceApiLevel: 27, deviceId: , deviceManufacturer: asus, deviceModel: ASUS_X00TD, deviceName: J5AXGF00V036ZZZ, deviceScreenDensity: 480, deviceScreenSize: 1080x2160, deviceUDID: J5AXGF00V036ZZZ, fullReset: false, javascriptEnabled: true, locationContextEnabled: false, networkConnectionEnabled: true, newCommandTimeout: 1800, noReset: true, pixelRatio: 3, platform: ANDROID, platformName: ANDROID, platformVersion: 8.1.0, statBarHeight: 72, takesScreenshot: true, udid: J5AXGF00V036ZZZ, viewportRect: {height: 1944, left: 0, top: 72, width: 1080}, warnings: {}, webStorageEnabled: false}
Session ID: d460db22-3391-4bd1-956e-1ed665f54a40
*** Element info: {Using=-android uiautomator, value=new UiScrollable(new UiSelector().scrollable(true).instance(0)).scrollIntoView(new UiSelector().textContains(&quot;Lanjutkan&quot;))})"/>
         <system-out><![CDATA[2018-11-01 15:35:46 - [TEST_CASE][FAILED] - Test Cases/Flexifast: Test Cases/Flexifast FAILED because (of) Unable to scroll to text 'Lanjutkan' (Root cause: org.openqa.selenium.NoSuchElementException: An element could not be located on the page using the given search parameters. (WARNING: The server did not provide any stacktrace information)
Command duration or timeout: 0 milliseconds
For documentation on this error, please visit: http://seleniumhq.org/exceptions/no_such_element.html
Build info: version: '3.7.1', revision: '8a0099a', time: '2017-11-06T21:07:36.161Z'
System info: host: 'ID-L1719', ip: '10.58.29.236', os.name: 'Windows 7', os.arch: 'amd64', os.version: '6.1', java.version: '1.8.0_181'
Driver info: com.kms.katalon.core.appium.driver.SwipeableAndroidDriver
Capabilities {app: C:\Users\pramudityo.pratant..., appPackage: id.co.myhomecredit.dev, appWaitActivity: id.co.homecredit.*, autoGrantPermissions: true, automationName: uiautomator2, databaseEnabled: false, desired: {app: C:\Users\pramudityo.pratant..., appWaitActivity: id.co.homecredit.*, autoGrantPermissions: true, automationName: uiautomator2, deviceId: , deviceName: asus ASUS_X00TD (Android 8...., fullReset: false, newCommandTimeout: 1800, noReset: true, platform: ANDROID, platformName: Android, udid: J5AXGF00V036ZZZ}, deviceApiLevel: 27, deviceId: , deviceManufacturer: asus, deviceModel: ASUS_X00TD, deviceName: J5AXGF00V036ZZZ, deviceScreenDensity: 480, deviceScreenSize: 1080x2160, deviceUDID: J5AXGF00V036ZZZ, fullReset: false, javascriptEnabled: true, locationContextEnabled: false, networkConnectionEnabled: true, newCommandTimeout: 1800, noReset: true, pixelRatio: 3, platform: ANDROID, platformName: ANDROID, platformVersion: 8.1.0, statBarHeight: 72, takesScreenshot: true, udid: J5AXGF00V036ZZZ, viewportRect: {height: 1944, left: 0, top: 72, width: 1080}, warnings: {}, webStorageEnabled: false}
Session ID: d460db22-3391-4bd1-956e-1ed665f54a40
*** Element info: {Using=-android uiautomator, value=new UiScrollable(new UiSelector().scrollable(true).instance(0)).scrollIntoView(new UiSelector().textContains("Lanjutkan"))})

2018-11-01 15:35:46 - [TEST_STEP][PASSED] - tap: Tapped on element 'Object Repository/My Home Credit Indonesia/android.widget.TextView10 - Renovasi Rumah'

2018-11-01 15:35:50 - [MESSAGE][PASSED] - Tapped on element 'Object Repository/My Home Credit Indonesia/android.widget.TextView10 - Renovasi Rumah'

2018-11-01 15:35:50 - [TEST_STEP][PASSED] - tap: Tapped on element 'Object Repository/My Home Credit Indonesia/android.widget.TextView9 - Daftar Sekarang'

2018-11-01 15:35:53 - [MESSAGE][PASSED] - Tapped on element 'Object Repository/My Home Credit Indonesia/android.widget.TextView9 - Daftar Sekarang'

2018-11-01 15:35:53 - [TEST_STEP][PASSED] - tap: Tapped on element 'Object Repository/My Home Credit Indonesia/android.widget.TextView6 - Pilih Tujuan'

2018-11-01 15:35:55 - [MESSAGE][PASSED] - Tapped on element 'Object Repository/My Home Credit Indonesia/android.widget.TextView6 - Pilih Tujuan'

2018-11-01 15:35:55 - [TEST_STEP][PASSED] - tap: Tapped on element 'Object Repository/My Home Credit Indonesia/android.widget.TextView2 - Handphonegadgettablet'

2018-11-01 15:35:57 - [MESSAGE][PASSED] - Tapped on element 'Object Repository/My Home Credit Indonesia/android.widget.TextView2 - Handphonegadgettablet'

2018-11-01 15:35:57 - [TEST_STEP][PASSED] - tap: Tapped on element 'Object Repository/My Home Credit Indonesia/Flexifast/obj_calc_page/android.widget.LinearLayout12'

2018-11-01 15:35:59 - [MESSAGE][PASSED] - Tapped on element 'Object Repository/My Home Credit Indonesia/Flexifast/obj_calc_page/android.widget.LinearLayout12'

2018-11-01 15:35:59 - [TEST_STEP][PASSED] - tap: Tapped on element 'Object Repository/My Home Credit Indonesia/Flexifast/android.widget.RelativeLayout4'

2018-11-01 15:36:00 - [MESSAGE][PASSED] - Tapped on element 'Object Repository/My Home Credit Indonesia/Flexifast/android.widget.RelativeLayout4'

2018-11-01 15:36:00 - [TEST_STEP][PASSED] - scrollToText: Scrolling to text 'Lanjutkan' successfully

2018-11-01 15:36:06 - [MESSAGE][PASSED] - Scrolling to text 'Lanjutkan' successfully

2018-11-01 15:36:06 - [TEST_STEP][PASSED] - tap: Tapped on element 'Object Repository/My Home Credit Indonesia/android.widget.TextView12 - Lanjutkan'

2018-11-01 15:36:10 - [MESSAGE][PASSED] - Tapped on element 'Object Repository/My Home Credit Indonesia/android.widget.TextView12 - Lanjutkan'

2018-11-01 15:36:10 - [TEST_STEP][PASSED] - scrollToText: Scrolling to text 'UPLOAD' successfully

2018-11-01 15:36:19 - [MESSAGE][PASSED] - Scrolling to text 'UPLOAD' successfully

2018-11-01 15:36:19 - [TEST_STEP][PASSED] - tap: Tapped on element 'Object Repository/My Home Credit Indonesia/android.widget.Button0 - UPLOAD'

2018-11-01 15:36:21 - [MESSAGE][PASSED] - Tapped on element 'Object Repository/My Home Credit Indonesia/android.widget.Button0 - UPLOAD'

2018-11-01 15:36:21 - [TEST_STEP][PASSED] - tap: Tapped on element 'Object Repository/My Home Credit Indonesia/Flexifast/ff_ktp_kamera_page/(Old kamera ktp button) android.widget.ImageButton1'

2018-11-01 15:36:25 - [MESSAGE][PASSED] - Tapped on element 'Object Repository/My Home Credit Indonesia/Flexifast/ff_ktp_kamera_page/(Old kamera ktp button) android.widget.ImageButton1'

2018-11-01 15:36:25 - [TEST_STEP][PASSED] - scrollToText: Scrolling to text 'UPLOAD' successfully

2018-11-01 15:36:26 - [MESSAGE][PASSED] - Scrolling to text 'UPLOAD' successfully

2018-11-01 15:36:26 - [TEST_STEP][PASSED] - tap: Tapped on element 'Object Repository/My Home Credit Indonesia/android.widget.Button1 - UPLOAD'

2018-11-01 15:36:28 - [MESSAGE][PASSED] - Tapped on element 'Object Repository/My Home Credit Indonesia/android.widget.Button1 - UPLOAD'

2018-11-01 15:36:28 - [TEST_STEP][PASSED] - scrollToText: Scrolling to text 'Lanjutkan' successfully

2018-11-01 15:36:31 - [MESSAGE][PASSED] - Scrolling to text 'Lanjutkan' successfully

2018-11-01 15:36:31 - [TEST_STEP][PASSED] - tap: Tapped on element 'Object Repository/My Home Credit Indonesia/Flexifast/Flexifast selfie page/android.widget.TextView16 - LANJUTKAN'

2018-11-01 15:36:32 - [MESSAGE][WARNING] - Timeout '0' is invalid. Using default page load timeout: '60'

2018-11-01 15:36:34 - [MESSAGE][PASSED] - Tapped on element 'Object Repository/My Home Credit Indonesia/Flexifast/Flexifast selfie page/android.widget.TextView16 - LANJUTKAN'

2018-11-01 15:36:34 - [TEST_STEP][PASSED] - tap: Tapped on element 'Object Repository/My Home Credit Indonesia/Flexifast/Flexifast selfie page/(button kamera)android.widget.ImageView10'

2018-11-01 15:36:36 - [MESSAGE][PASSED] - Tapped on element 'Object Repository/My Home Credit Indonesia/Flexifast/Flexifast selfie page/(button kamera)android.widget.ImageView10'

2018-11-01 15:36:36 - [TEST_STEP][PASSED] - tap: Tapped on element 'Object Repository/My Home Credit Indonesia/Flexifast/Flexifast selfie page/(selfie ceklis kamera)android.widget.ImageView3'

2018-11-01 15:36:36 - [MESSAGE][WARNING] - Timeout '0' is invalid. Using default page load timeout: '60'

2018-11-01 15:36:40 - [MESSAGE][PASSED] - Tapped on element 'Object Repository/My Home Credit Indonesia/Flexifast/Flexifast selfie page/(selfie ceklis kamera)android.widget.ImageView3'

2018-11-01 15:36:40 - [TEST_STEP][PASSED] - scrollToText: Scrolling to text 'Lanjutkan' successfully

2018-11-01 15:36:41 - [MESSAGE][PASSED] - Scrolling to text 'Lanjutkan' successfully

2018-11-01 15:36:41 - [TEST_STEP][PASSED] - tap: Tapped on element 'Object Repository/My Home Credit Indonesia/android.widget.TextView9 - LANJUTKAN'

2018-11-01 15:36:43 - [MESSAGE][PASSED] - Tapped on element 'Object Repository/My Home Credit Indonesia/android.widget.TextView9 - LANJUTKAN'

2018-11-01 15:36:43 - [TEST_STEP][PASSED] - delay: Delayed 10 second(s)

2018-11-01 15:36:53 - [MESSAGE][PASSED] - Delayed 10 second(s)

2018-11-01 15:36:53 - [TEST_STEP][PASSED] - tap: Tapped on element 'Object Repository/My Home Credit Indonesia/android.widget.TextView3 - Pilih Bank'

2018-11-01 15:37:00 - [MESSAGE][PASSED] - Tapped on element 'Object Repository/My Home Credit Indonesia/android.widget.TextView3 - Pilih Bank'

2018-11-01 15:37:00 - [TEST_STEP][PASSED] - setText: Text 'bca' has been set to element 'Object Repository/My Home Credit Indonesia/android.widget.EditText0 - Cari Nama Bank'

2018-11-01 15:37:03 - [MESSAGE][PASSED] - Text 'bca' has been set to element 'Object Repository/My Home Credit Indonesia/android.widget.EditText0 - Cari Nama Bank'

2018-11-01 15:37:03 - [TEST_STEP][PASSED] - tap: Tapped on element 'Object Repository/My Home Credit Indonesia/android.widget.TextView1 - Bca'

2018-11-01 15:37:04 - [MESSAGE][PASSED] - Tapped on element 'Object Repository/My Home Credit Indonesia/android.widget.TextView1 - Bca'

2018-11-01 15:37:04 - [TEST_STEP][PASSED] - setText: Text '1300190983' has been set to element 'Object Repository/My Home Credit Indonesia/android.widget.EditText0'

2018-11-01 15:37:06 - [MESSAGE][PASSED] - Text '1300190983' has been set to element 'Object Repository/My Home Credit Indonesia/android.widget.EditText0'

2018-11-01 15:37:06 - [TEST_STEP][PASSED] - tap: Tapped on element 'Object Repository/My Home Credit Indonesia/android.widget.TextView5 - Verifikasi Nomor Rekening'

2018-11-01 15:37:09 - [MESSAGE][PASSED] - Tapped on element 'Object Repository/My Home Credit Indonesia/android.widget.TextView5 - Verifikasi Nomor Rekening'

2018-11-01 15:37:09 - [TEST_STEP][FAILED] - scrollToText: Unable to scroll to text 'Lanjutkan' (Root cause: org.openqa.selenium.NoSuchElementException: An element could not be located on the page using the given search parameters. (WARNING: The server did not provide any stacktrace information)
Command duration or timeout: 0 milliseconds
For documentation on this error, please visit: http://seleniumhq.org/exceptions/no_such_element.html
Build info: version: '3.7.1', revision: '8a0099a', time: '2017-11-06T21:07:36.161Z'
System info: host: 'ID-L1719', ip: '10.58.29.236', os.name: 'Windows 7', os.arch: 'amd64', os.version: '6.1', java.version: '1.8.0_181'
Driver info: com.kms.katalon.core.appium.driver.SwipeableAndroidDriver
Capabilities {app: C:\Users\pramudityo.pratant..., appPackage: id.co.myhomecredit.dev, appWaitActivity: id.co.homecredit.*, autoGrantPermissions: true, automationName: uiautomator2, databaseEnabled: false, desired: {app: C:\Users\pramudityo.pratant..., appWaitActivity: id.co.homecredit.*, autoGrantPermissions: true, automationName: uiautomator2, deviceId: , deviceName: asus ASUS_X00TD (Android 8...., fullReset: false, newCommandTimeout: 1800, noReset: true, platform: ANDROID, platformName: Android, udid: J5AXGF00V036ZZZ}, deviceApiLevel: 27, deviceId: , deviceManufacturer: asus, deviceModel: ASUS_X00TD, deviceName: J5AXGF00V036ZZZ, deviceScreenDensity: 480, deviceScreenSize: 1080x2160, deviceUDID: J5AXGF00V036ZZZ, fullReset: false, javascriptEnabled: true, locationContextEnabled: false, networkConnectionEnabled: true, newCommandTimeout: 1800, noReset: true, pixelRatio: 3, platform: ANDROID, platformName: ANDROID, platformVersion: 8.1.0, statBarHeight: 72, takesScreenshot: true, udid: J5AXGF00V036ZZZ, viewportRect: {height: 1944, left: 0, top: 72, width: 1080}, warnings: {}, webStorageEnabled: false}
Session ID: d460db22-3391-4bd1-956e-1ed665f54a40
*** Element info: {Using=-android uiautomator, value=new UiScrollable(new UiSelector().scrollable(true).instance(0)).scrollIntoView(new UiSelector().textContains("Lanjutkan"))})

2018-11-01 15:37:22 - [MESSAGE][FAILED] - Unable to scroll to text 'Lanjutkan' (Root cause: org.openqa.selenium.NoSuchElementException: An element could not be located on the page using the given search parameters. (WARNING: The server did not provide any stacktrace information)
Command duration or timeout: 0 milliseconds
For documentation on this error, please visit: http://seleniumhq.org/exceptions/no_such_element.html
Build info: version: '3.7.1', revision: '8a0099a', time: '2017-11-06T21:07:36.161Z'
System info: host: 'ID-L1719', ip: '10.58.29.236', os.name: 'Windows 7', os.arch: 'amd64', os.version: '6.1', java.version: '1.8.0_181'
Driver info: com.kms.katalon.core.appium.driver.SwipeableAndroidDriver
Capabilities {app: C:\Users\pramudityo.pratant..., appPackage: id.co.myhomecredit.dev, appWaitActivity: id.co.homecredit.*, autoGrantPermissions: true, automationName: uiautomator2, databaseEnabled: false, desired: {app: C:\Users\pramudityo.pratant..., appWaitActivity: id.co.homecredit.*, autoGrantPermissions: true, automationName: uiautomator2, deviceId: , deviceName: asus ASUS_X00TD (Android 8...., fullReset: false, newCommandTimeout: 1800, noReset: true, platform: ANDROID, platformName: Android, udid: J5AXGF00V036ZZZ}, deviceApiLevel: 27, deviceId: , deviceManufacturer: asus, deviceModel: ASUS_X00TD, deviceName: J5AXGF00V036ZZZ, deviceScreenDensity: 480, deviceScreenSize: 1080x2160, deviceUDID: J5AXGF00V036ZZZ, fullReset: false, javascriptEnabled: true, locationContextEnabled: false, networkConnectionEnabled: true, newCommandTimeout: 1800, noReset: true, pixelRatio: 3, platform: ANDROID, platformName: ANDROID, platformVersion: 8.1.0, statBarHeight: 72, takesScreenshot: true, udid: J5AXGF00V036ZZZ, viewportRect: {height: 1944, left: 0, top: 72, width: 1080}, warnings: {}, webStorageEnabled: false}
Session ID: d460db22-3391-4bd1-956e-1ed665f54a40
*** Element info: {Using=-android uiautomator, value=new UiScrollable(new UiSelector().scrollable(true).instance(0)).scrollIntoView(new UiSelector().textContains("Lanjutkan"))})
[[ATTACHMENT|C:\\Users\\pramudityo.pratanto\\git\\MobileApp_HomeCredit_Indonesia_2.0\\Reports\\Test Flexifast\\20181101_153436\\1541061441607.png]]]]></system-out>
         <system-err><![CDATA[2018-11-01 15:35:46 - [TEST_CASE][FAILED] - Test Cases/Flexifast: Test Cases/Flexifast FAILED because (of) Unable to scroll to text 'Lanjutkan' (Root cause: org.openqa.selenium.NoSuchElementException: An element could not be located on the page using the given search parameters. (WARNING: The server did not provide any stacktrace information)
Command duration or timeout: 0 milliseconds
For documentation on this error, please visit: http://seleniumhq.org/exceptions/no_such_element.html
Build info: version: '3.7.1', revision: '8a0099a', time: '2017-11-06T21:07:36.161Z'
System info: host: 'ID-L1719', ip: '10.58.29.236', os.name: 'Windows 7', os.arch: 'amd64', os.version: '6.1', java.version: '1.8.0_181'
Driver info: com.kms.katalon.core.appium.driver.SwipeableAndroidDriver
Capabilities {app: C:\Users\pramudityo.pratant..., appPackage: id.co.myhomecredit.dev, appWaitActivity: id.co.homecredit.*, autoGrantPermissions: true, automationName: uiautomator2, databaseEnabled: false, desired: {app: C:\Users\pramudityo.pratant..., appWaitActivity: id.co.homecredit.*, autoGrantPermissions: true, automationName: uiautomator2, deviceId: , deviceName: asus ASUS_X00TD (Android 8...., fullReset: false, newCommandTimeout: 1800, noReset: true, platform: ANDROID, platformName: Android, udid: J5AXGF00V036ZZZ}, deviceApiLevel: 27, deviceId: , deviceManufacturer: asus, deviceModel: ASUS_X00TD, deviceName: J5AXGF00V036ZZZ, deviceScreenDensity: 480, deviceScreenSize: 1080x2160, deviceUDID: J5AXGF00V036ZZZ, fullReset: false, javascriptEnabled: true, locationContextEnabled: false, networkConnectionEnabled: true, newCommandTimeout: 1800, noReset: true, pixelRatio: 3, platform: ANDROID, platformName: ANDROID, platformVersion: 8.1.0, statBarHeight: 72, takesScreenshot: true, udid: J5AXGF00V036ZZZ, viewportRect: {height: 1944, left: 0, top: 72, width: 1080}, warnings: {}, webStorageEnabled: false}
Session ID: d460db22-3391-4bd1-956e-1ed665f54a40
*** Element info: {Using=-android uiautomator, value=new UiScrollable(new UiSelector().scrollable(true).instance(0)).scrollIntoView(new UiSelector().textContains("Lanjutkan"))})]]></system-err>
      </testcase>
      <system-out><![CDATA[2018-11-01 15:34:42 - [TEST_SUITE][FAILED] - Test Flexifast: Test Cases/Flexifast FAILED because (of) Unable to scroll to text 'Lanjutkan' (Root cause: org.openqa.selenium.NoSuchElementException: An element could not be located on the page using the given search parameters. (WARNING: The server did not provide any stacktrace information)
Command duration or timeout: 0 milliseconds
For documentation on this error, please visit: http://seleniumhq.org/exceptions/no_such_element.html
Build info: version: '3.7.1', revision: '8a0099a', time: '2017-11-06T21:07:36.161Z'
System info: host: 'ID-L1719', ip: '10.58.29.236', os.name: 'Windows 7', os.arch: 'amd64', os.version: '6.1', java.version: '1.8.0_181'
Driver info: com.kms.katalon.core.appium.driver.SwipeableAndroidDriver
Capabilities {app: C:\Users\pramudityo.pratant..., appPackage: id.co.myhomecredit.dev, appWaitActivity: id.co.homecredit.*, autoGrantPermissions: true, automationName: uiautomator2, databaseEnabled: false, desired: {app: C:\Users\pramudityo.pratant..., appWaitActivity: id.co.homecredit.*, autoGrantPermissions: true, automationName: uiautomator2, deviceId: , deviceName: asus ASUS_X00TD (Android 8...., fullReset: false, newCommandTimeout: 1800, noReset: true, platform: ANDROID, platformName: Android, udid: J5AXGF00V036ZZZ}, deviceApiLevel: 27, deviceId: , deviceManufacturer: asus, deviceModel: ASUS_X00TD, deviceName: J5AXGF00V036ZZZ, deviceScreenDensity: 480, deviceScreenSize: 1080x2160, deviceUDID: J5AXGF00V036ZZZ, fullReset: false, javascriptEnabled: true, locationContextEnabled: false, networkConnectionEnabled: true, newCommandTimeout: 1800, noReset: true, pixelRatio: 3, platform: ANDROID, platformName: ANDROID, platformVersion: 8.1.0, statBarHeight: 72, takesScreenshot: true, udid: J5AXGF00V036ZZZ, viewportRect: {height: 1944, left: 0, top: 72, width: 1080}, warnings: {}, webStorageEnabled: false}
Session ID: d460db22-3391-4bd1-956e-1ed665f54a40
*** Element info: {Using=-android uiautomator, value=new UiScrollable(new UiSelector().scrollable(true).instance(0)).scrollIntoView(new UiSelector().textContains("Lanjutkan"))})]]></system-out>
      <system-err><![CDATA[2018-11-01 15:34:42 - [TEST_SUITE][FAILED] - Test Flexifast: Test Cases/Flexifast FAILED because (of) Unable to scroll to text 'Lanjutkan' (Root cause: org.openqa.selenium.NoSuchElementException: An element could not be located on the page using the given search parameters. (WARNING: The server did not provide any stacktrace information)
Command duration or timeout: 0 milliseconds
For documentation on this error, please visit: http://seleniumhq.org/exceptions/no_such_element.html
Build info: version: '3.7.1', revision: '8a0099a', time: '2017-11-06T21:07:36.161Z'
System info: host: 'ID-L1719', ip: '10.58.29.236', os.name: 'Windows 7', os.arch: 'amd64', os.version: '6.1', java.version: '1.8.0_181'
Driver info: com.kms.katalon.core.appium.driver.SwipeableAndroidDriver
Capabilities {app: C:\Users\pramudityo.pratant..., appPackage: id.co.myhomecredit.dev, appWaitActivity: id.co.homecredit.*, autoGrantPermissions: true, automationName: uiautomator2, databaseEnabled: false, desired: {app: C:\Users\pramudityo.pratant..., appWaitActivity: id.co.homecredit.*, autoGrantPermissions: true, automationName: uiautomator2, deviceId: , deviceName: asus ASUS_X00TD (Android 8...., fullReset: false, newCommandTimeout: 1800, noReset: true, platform: ANDROID, platformName: Android, udid: J5AXGF00V036ZZZ}, deviceApiLevel: 27, deviceId: , deviceManufacturer: asus, deviceModel: ASUS_X00TD, deviceName: J5AXGF00V036ZZZ, deviceScreenDensity: 480, deviceScreenSize: 1080x2160, deviceUDID: J5AXGF00V036ZZZ, fullReset: false, javascriptEnabled: true, locationContextEnabled: false, networkConnectionEnabled: true, newCommandTimeout: 1800, noReset: true, pixelRatio: 3, platform: ANDROID, platformName: ANDROID, platformVersion: 8.1.0, statBarHeight: 72, takesScreenshot: true, udid: J5AXGF00V036ZZZ, viewportRect: {height: 1944, left: 0, top: 72, width: 1080}, warnings: {}, webStorageEnabled: false}
Session ID: d460db22-3391-4bd1-956e-1ed665f54a40
*** Element info: {Using=-android uiautomator, value=new UiScrollable(new UiSelector().scrollable(true).instance(0)).scrollIntoView(new UiSelector().textContains("Lanjutkan"))})]]></system-err>
   </testsuite>
</testsuites>
