<?xml version="1.0" encoding="UTF-8"?>
<testsuites name="My Home Credit Mobile App" time="62" tests="3" failures="0" errors="0">
   <testsuite name="My Home Credit Mobile App" tests="3" failures="0" errors="0" time="62" timestamp="2018-10-02 15:58:55" hostname="pramudityo.pratanto - ID-L1719.hcg.homecredit.net" id="Test Suites/My Home Credit Mobile App">
      <properties>
         <property name="deviceName" value="asus ASUS_X00TD (Android 8.1.0)"/>
         <property name="devicePlatform" value=""/>
         <property name="logFolder" value="C:\\Users\\pramudityo.pratanto\\git\\MobileApp_HomeCredit_Indonesia_2.0\\Reports\\My Home Credit Mobile App\\20181002_155847"/>
         <property name="logFiles" value="C:\\Users\\pramudityo.pratanto\\git\\MobileApp_HomeCredit_Indonesia_2.0\\Reports\\My Home Credit Mobile App\\20181002_155847\\appium.log, C:\\Users\\pramudityo.pratanto\\git\\MobileApp_HomeCredit_Indonesia_2.0\\Reports\\My Home Credit Mobile App\\20181002_155847\\execution0.log"/>
         <property name="attachments" value=""/>
         <property name="hostName" value="pramudityo.pratanto - ID-L1719.hcg.homecredit.net"/>
         <property name="os" value="Windows 7 64bit"/>
         <property name="katalonVersion" value="5.6.0.1"/>
         <property name="deviceOS" value="Android"/>
         <property name="appiumVersion" value="1.8.1"/>
         <property name="deviceModel" value="ASUS_X00TD"/>
         <property name="hostAddress" value="10.58.29.152"/>
         <property name="deviceManufacturer" value="asus"/>
         <property name="deviceId" value="J5AXGF00V036ZZZ"/>
         <property name="deviceName" value="asus ASUS_X00TD (Android 8.1.0)"/>
         <property name="deviceOSVersion" value="8.1.0"/>
      </properties>
      <testcase name="Test Cases/Open" classname="Test Cases/Open" status="PASSED">
         <system-out><![CDATA[2018-10-02 15:58:56 - [TEST_CASE][PASSED] - Test Cases/Open: Test Cases/Open

2018-10-02 15:58:56 - [TEST_STEP][PASSED] - startApplication: Started app at: 'C:\Users\pramudityo.pratanto\Desktop\Katalon Update\appv2-development-universal-debug (1).apk'

2018-10-02 15:59:38 - [MESSAGE][PASSED] - Started app at: 'C:\Users\pramudityo.pratanto\Desktop\Katalon Update\appv2-development-universal-debug (1).apk']]></system-out>
         <system-err><![CDATA[]]></system-err>
      </testcase>
      <testcase name="Test Cases/Login" classname="Test Cases/Login" status="PASSED">
         <system-out><![CDATA[2018-10-02 15:59:38 - [TEST_CASE][PASSED] - Test Cases/Login: Test Cases/Login

2018-10-02 15:59:38 - [TEST_STEP][PASSED] - setText: Text '81213254451' has been set to element 'Object Repository/My Home Credit Indonesia/android.widget.EditText0 - Masukkan No. Handphone Anda'

2018-10-02 15:59:42 - [MESSAGE][PASSED] - Text '81213254451' has been set to element 'Object Repository/My Home Credit Indonesia/android.widget.EditText0 - Masukkan No. Handphone Anda'

2018-10-02 15:59:42 - [TEST_STEP][PASSED] - setText: Text '1111' has been set to element 'Object Repository/My Home Credit Indonesia/android.widget.EditText1 - Masukkan Kode PIN'

2018-10-02 15:59:44 - [MESSAGE][PASSED] - Text '1111' has been set to element 'Object Repository/My Home Credit Indonesia/android.widget.EditText1 - Masukkan Kode PIN'

2018-10-02 15:59:44 - [TEST_STEP][PASSED] - tap: Tapped on element 'Object Repository/My Home Credit Indonesia/android.widget.Button0 - LOGIN'

2018-10-02 15:59:46 - [MESSAGE][PASSED] - Tapped on element 'Object Repository/My Home Credit Indonesia/android.widget.Button0 - LOGIN']]></system-out>
         <system-err><![CDATA[]]></system-err>
      </testcase>
      <testcase name="Test Cases/Logout" classname="Test Cases/Logout" status="PASSED">
         <system-out><![CDATA[2018-10-02 15:59:46 - [TEST_CASE][PASSED] - Test Cases/Logout: Test Cases/Logout

2018-10-02 15:59:46 - [TEST_STEP][PASSED] - tap: Tapped on element 'Object Repository/My Home Credit Indonesia/android.widget.TextView20 - PROFILE'

2018-10-02 15:59:50 - [MESSAGE][PASSED] - Tapped on element 'Object Repository/My Home Credit Indonesia/android.widget.TextView20 - PROFILE'

2018-10-02 15:59:50 - [TEST_STEP][PASSED] - scrollToText: Scrolling to text 'LOG OUT' successfully

2018-10-02 15:59:54 - [MESSAGE][PASSED] - Scrolling to text 'LOG OUT' successfully

2018-10-02 15:59:55 - [TEST_STEP][PASSED] - tap: Tapped on element 'Object Repository/My Home Credit Indonesia/android.widget.TextView11 - LOG OUT'

2018-10-02 15:59:57 - [MESSAGE][PASSED] - Tapped on element 'Object Repository/My Home Credit Indonesia/android.widget.TextView11 - LOG OUT'

2018-10-02 15:59:57 - [TEST_STEP][PASSED] - closeApplication: Close app successfully

2018-10-02 15:59:58 - [MESSAGE][PASSED] - Close app successfully]]></system-out>
         <system-err><![CDATA[]]></system-err>
      </testcase>
      <system-out><![CDATA[2018-10-02 15:58:55 - [TEST_SUITE][PASSED] - My Home Credit Mobile App: Test Cases/Logout]]></system-out>
      <system-err><![CDATA[]]></system-err>
   </testsuite>
</testsuites>
