<?xml version="1.0" encoding="UTF-8"?>
<testsuites name="DONA 1st BOD ONLINE" time="56" tests="1" failures="0" errors="1">
   <testsuite name="DONA 1st BOD ONLINE" tests="1" failures="0" errors="1" time="56" timestamp="2018-10-31 18:59:28" hostname="pramudityo.pratanto - ID-L1719.hcg.homecredit.net" id="Test Suites/DONA 1st BOD ONLINE">
      <properties>
         <property name="deviceName" value="asus ASUS_X00TD (Android 8.1.0)"/>
         <property name="devicePlatform" value=""/>
         <property name="logFolder" value="C:\\Users\\pramudityo.pratanto\\git\\MobileApp_HomeCredit_Indonesia_2.0\\Reports\\DONA 1st BOD ONLINE\\20181031_185926"/>
         <property name="logFiles" value="C:\\Users\\pramudityo.pratanto\\git\\MobileApp_HomeCredit_Indonesia_2.0\\Reports\\DONA 1st BOD ONLINE\\20181031_185926\\appium.log, C:\\Users\\pramudityo.pratanto\\git\\MobileApp_HomeCredit_Indonesia_2.0\\Reports\\DONA 1st BOD ONLINE\\20181031_185926\\execution0.log"/>
         <property name="attachments" value=""/>
         <property name="hostName" value="pramudityo.pratanto - ID-L1719.hcg.homecredit.net"/>
         <property name="os" value="Windows 7 64bit"/>
         <property name="katalonVersion" value="5.6.0.1"/>
         <property name="deviceOS" value="Android"/>
         <property name="appiumVersion" value="1.8.1"/>
         <property name="deviceModel" value="ASUS_X00TD"/>
         <property name="hostAddress" value="10.58.29.236"/>
         <property name="deviceManufacturer" value="asus"/>
         <property name="deviceId" value="J5AXGF00V036ZZZ"/>
         <property name="deviceName" value="asus ASUS_X00TD (Android 8.1.0)"/>
         <property name="deviceOSVersion" value="8.1.0"/>
      </properties>
      <testcase name="Test Cases/Open" classname="Test Cases/Open" status="PASSED">
         <system-out><![CDATA[2018-10-31 18:59:28 - [TEST_CASE][PASSED] - Test Cases/Open: Test Cases/Open

2018-10-31 18:59:29 - [TEST_STEP][PASSED] - startApplication: Started app at: 'C:\Users\pramudityo.pratanto\Desktop\Katalon Update\appv2-development-universal-debug (1).apk'

2018-10-31 19:00:00 - [MESSAGE][PASSED] - Started app at: 'C:\Users\pramudityo.pratanto\Desktop\Katalon Update\appv2-development-universal-debug (1).apk']]></system-out>
         <system-err><![CDATA[]]></system-err>
      </testcase>
      <testcase name="Test Cases/DONA 1st bod" classname="Test Cases/DONA 1st bod" status="ERROR">
         <error type="ERROR" message="Test Cases/DONA 1st bod FAILED because (of) org.openqa.selenium.WebDriverException: Connection refused: connect
Build info: version: '3.7.1', revision: '8a0099a', time: '2017-11-06T21:07:36.161Z'
System info: host: 'ID-L1719', ip: '10.58.29.236', os.name: 'Windows 7', os.arch: 'amd64', os.version: '6.1', java.version: '1.8.0_181'
Driver info: driver.version: AppiumDriver"/>
         <system-out><![CDATA[2018-10-31 19:00:00 - [TEST_CASE][ERROR] - Test Cases/DONA 1st bod: Test Cases/DONA 1st bod FAILED because (of) org.openqa.selenium.WebDriverException: Connection refused: connect
Build info: version: '3.7.1', revision: '8a0099a', time: '2017-11-06T21:07:36.161Z'
System info: host: 'ID-L1719', ip: '10.58.29.236', os.name: 'Windows 7', os.arch: 'amd64', os.version: '6.1', java.version: '1.8.0_181'
Driver info: driver.version: AppiumDriver

2018-10-31 19:00:00 - [TEST_STEP][PASSED] - delay: Delayed 19 second(s)

2018-10-31 19:00:19 - [MESSAGE][PASSED] - Delayed 19 second(s)

2018-10-31 19:00:19 - [TEST_STEP][PASSED] - tap: Checking timeout]]></system-out>
         <system-err><![CDATA[2018-10-31 19:00:00 - [TEST_CASE][ERROR] - Test Cases/DONA 1st bod: Test Cases/DONA 1st bod FAILED because (of) org.openqa.selenium.WebDriverException: Connection refused: connect
Build info: version: '3.7.1', revision: '8a0099a', time: '2017-11-06T21:07:36.161Z'
System info: host: 'ID-L1719', ip: '10.58.29.236', os.name: 'Windows 7', os.arch: 'amd64', os.version: '6.1', java.version: '1.8.0_181'
Driver info: driver.version: AppiumDriver]]></system-err>
      </testcase>
      <system-out><![CDATA[2018-10-31 18:59:28 - [TEST_SUITE][INCOMPLETE] - DONA 1st BOD ONLINE: null]]></system-out>
      <system-err><![CDATA[2018-10-31 18:59:28 - [TEST_SUITE][INCOMPLETE] - DONA 1st BOD ONLINE: null]]></system-err>
   </testsuite>
</testsuites>
