<?xml version="1.0" encoding="UTF-8"?>
<testsuites name="Testing Flexifast" time="144" tests="1" failures="2" errors="0">
   <testsuite name="Testing Flexifast" tests="1" failures="2" errors="0" time="144" timestamp="2018-10-02 10:32:39" hostname="pramudityo.pratanto - ID-L1719.hcg.homecredit.net" id="Test Suites/Testing Flexifast">
      <properties>
         <property name="deviceName" value="asus ASUS_X00TD (Android 8.1.0)"/>
         <property name="devicePlatform" value=""/>
         <property name="logFolder" value="C:\\Users\\pramudityo.pratanto\\git\\MobileApp_HomeCredit_Indonesia_2.0\\Reports\\Testing Flexifast\\20181002_103237"/>
         <property name="logFiles" value="C:\\Users\\pramudityo.pratanto\\git\\MobileApp_HomeCredit_Indonesia_2.0\\Reports\\Testing Flexifast\\20181002_103237\\appium.log, C:\\Users\\pramudityo.pratanto\\git\\MobileApp_HomeCredit_Indonesia_2.0\\Reports\\Testing Flexifast\\20181002_103237\\execution0.log"/>
         <property name="attachments" value="C:\\Users\\pramudityo.pratanto\\git\\MobileApp_HomeCredit_Indonesia_2.0\\Reports\\Testing Flexifast\\20181002_103237\\1538451194418.png, C:\\Users\\pramudityo.pratanto\\git\\MobileApp_HomeCredit_Indonesia_2.0\\Reports\\Testing Flexifast\\20181002_103237\\1538451196202.png, C:\\Users\\pramudityo.pratanto\\git\\MobileApp_HomeCredit_Indonesia_2.0\\Reports\\Testing Flexifast\\20181002_103237\\1538451302616.png"/>
         <property name="hostName" value="pramudityo.pratanto - ID-L1719.hcg.homecredit.net"/>
         <property name="os" value="Windows 7 64bit"/>
         <property name="katalonVersion" value="5.6.0.1"/>
         <property name="deviceOS" value="Android"/>
         <property name="appiumVersion" value="1.8.1"/>
         <property name="deviceModel" value="ASUS_X00TD"/>
         <property name="hostAddress" value="10.58.29.152"/>
         <property name="deviceManufacturer" value="asus"/>
         <property name="deviceId" value="J5AXGF00V036ZZZ"/>
         <property name="deviceName" value="asus ASUS_X00TD (Android 8.1.0)"/>
         <property name="deviceOSVersion" value="8.1.0"/>
      </properties>
      <testcase name="Test Cases/Open" classname="Test Cases/Open" status="PASSED">
         <system-out><![CDATA[2018-10-02 10:32:39 - [TEST_CASE][PASSED] - Test Cases/Open: Test Cases/Open

2018-10-02 10:32:40 - [TEST_STEP][PASSED] - startApplication: Started app at: 'C:\Users\pramudityo.pratanto\Desktop\Katalon Update\appv2-development-universal-debug (1).apk'

2018-10-02 10:33:11 - [MESSAGE][PASSED] - Started app at: 'C:\Users\pramudityo.pratanto\Desktop\Katalon Update\appv2-development-universal-debug (1).apk']]></system-out>
         <system-err><![CDATA[]]></system-err>
      </testcase>
      <testcase name="Test Cases/Login" classname="Test Cases/Login" status="FAILED">
         <failure type="FAILED" message="Failed to set text into element (Root cause: Object Object Repository/My Home Credit Indonesia/android.widget.EditText0 - Masukkan No. Handphone Anda not found)"/>
         <system-out><![CDATA[2018-10-02 10:33:11 - [TEST_CASE][FAILED] - Test Cases/Login: Test Cases/Login FAILED because (of) Failed to set text into element (Root cause: Object Object Repository/My Home Credit Indonesia/android.widget.EditText0 - Masukkan No. Handphone Anda not found)

2018-10-02 10:33:11 - [TEST_STEP][FAILED] - setText: Failed to set text into element (Root cause: Object Object Repository/My Home Credit Indonesia/android.widget.EditText0 - Masukkan No. Handphone Anda not found)

2018-10-02 10:33:16 - [MESSAGE][FAILED] - Object Object Repository/My Home Credit Indonesia/android.widget.EditText0 - Masukkan No. Handphone Anda not found
[[ATTACHMENT|C:\\Users\\pramudityo.pratanto\\git\\MobileApp_HomeCredit_Indonesia_2.0\\Reports\\Testing Flexifast\\20181002_103237\\1538451194418.png]]

2018-10-02 10:33:17 - [MESSAGE][FAILED] - Failed to set text into element (Root cause: Object Object Repository/My Home Credit Indonesia/android.widget.EditText0 - Masukkan No. Handphone Anda not found)
[[ATTACHMENT|C:\\Users\\pramudityo.pratanto\\git\\MobileApp_HomeCredit_Indonesia_2.0\\Reports\\Testing Flexifast\\20181002_103237\\1538451196202.png]]]]></system-out>
         <system-err><![CDATA[2018-10-02 10:33:11 - [TEST_CASE][FAILED] - Test Cases/Login: Test Cases/Login FAILED because (of) Failed to set text into element (Root cause: Object Object Repository/My Home Credit Indonesia/android.widget.EditText0 - Masukkan No. Handphone Anda not found)]]></system-err>
      </testcase>
      <testcase name="Test Cases/Flexifast" classname="Test Cases/Flexifast" status="FAILED">
         <failure type="FAILED" message="Failed to check element (Root cause: java.lang.IllegalArgumentException: Object is null)"/>
         <system-out><![CDATA[2018-10-02 10:33:17 - [TEST_CASE][FAILED] - Test Cases/Flexifast: Test Cases/Flexifast FAILED because (of) Failed to check element (Root cause: java.lang.IllegalArgumentException: Object is null)

2018-10-02 10:33:17 - [TEST_STEP][PASSED] - tap: Tapped on element 'Object Repository/My Home Credit Indonesia/android.widget.TextView10 - Renovasi Rumah'

2018-10-02 10:33:20 - [MESSAGE][PASSED] - Tapped on element 'Object Repository/My Home Credit Indonesia/android.widget.TextView10 - Renovasi Rumah'

2018-10-02 10:33:20 - [TEST_STEP][PASSED] - tap: Tapped on element 'Object Repository/My Home Credit Indonesia/android.widget.TextView9 - Daftar Sekarang'

2018-10-02 10:33:23 - [MESSAGE][PASSED] - Tapped on element 'Object Repository/My Home Credit Indonesia/android.widget.TextView9 - Daftar Sekarang'

2018-10-02 10:33:23 - [TEST_STEP][PASSED] - tap: Tapped on element 'Object Repository/My Home Credit Indonesia/android.widget.TextView6 - Pilih Tujuan'

2018-10-02 10:33:28 - [MESSAGE][PASSED] - Tapped on element 'Object Repository/My Home Credit Indonesia/android.widget.TextView6 - Pilih Tujuan'

2018-10-02 10:33:28 - [TEST_STEP][PASSED] - tap: Tapped on element 'Object Repository/My Home Credit Indonesia/android.widget.TextView2 - Handphonegadgettablet'

2018-10-02 10:33:29 - [MESSAGE][PASSED] - Tapped on element 'Object Repository/My Home Credit Indonesia/android.widget.TextView2 - Handphonegadgettablet'

2018-10-02 10:33:29 - [TEST_STEP][PASSED] - tap: Tapped on element 'Object Repository/My Home Credit Indonesia/android.widget.TextView4 - 42 bulan'

2018-10-02 10:33:31 - [MESSAGE][PASSED] - Tapped on element 'Object Repository/My Home Credit Indonesia/android.widget.TextView4 - 42 bulan'

2018-10-02 10:33:31 - [TEST_STEP][PASSED] - tap: Tapped on element 'Object Repository/My Home Credit Indonesia/android.widget.RelativeLayout0'

2018-10-02 10:33:32 - [MESSAGE][PASSED] - Tapped on element 'Object Repository/My Home Credit Indonesia/android.widget.RelativeLayout0'

2018-10-02 10:33:32 - [TEST_STEP][PASSED] - scrollToText: Scrolling to text 'Lanjutkan' successfully

2018-10-02 10:33:36 - [MESSAGE][PASSED] - Scrolling to text 'Lanjutkan' successfully

2018-10-02 10:33:37 - [TEST_STEP][PASSED] - tap: Tapped on element 'Object Repository/My Home Credit Indonesia/android.widget.TextView12 - Lanjutkan'

2018-10-02 10:33:39 - [MESSAGE][PASSED] - Tapped on element 'Object Repository/My Home Credit Indonesia/android.widget.TextView12 - Lanjutkan'

2018-10-02 10:33:39 - [TEST_STEP][PASSED] - scrollToText: Scrolling to text 'UPLOAD' successfully

2018-10-02 10:33:43 - [MESSAGE][PASSED] - Scrolling to text 'UPLOAD' successfully

2018-10-02 10:33:43 - [TEST_STEP][PASSED] - tap: Tapped on element 'Object Repository/My Home Credit Indonesia/android.widget.Button0 - UPLOAD'

2018-10-02 10:33:46 - [MESSAGE][PASSED] - Tapped on element 'Object Repository/My Home Credit Indonesia/android.widget.Button0 - UPLOAD'

2018-10-02 10:33:46 - [TEST_STEP][PASSED] - tap: Tapped on element 'Object Repository/My Home Credit Indonesia/android.widget.ImageButton1'

2018-10-02 10:33:47 - [MESSAGE][PASSED] - Tapped on element 'Object Repository/My Home Credit Indonesia/android.widget.ImageButton1'

2018-10-02 10:33:47 - [TEST_STEP][PASSED] - scrollToText: Scrolling to text 'UPLOAD' successfully

2018-10-02 10:33:56 - [MESSAGE][PASSED] - Scrolling to text 'UPLOAD' successfully

2018-10-02 10:33:56 - [TEST_STEP][PASSED] - tap: Tapped on element 'Object Repository/My Home Credit Indonesia/android.widget.Button1 - UPLOAD'

2018-10-02 10:33:59 - [MESSAGE][PASSED] - Tapped on element 'Object Repository/My Home Credit Indonesia/android.widget.Button1 - UPLOAD'

2018-10-02 10:33:59 - [TEST_STEP][PASSED] - tap: Tapped on element 'Object Repository/My Home Credit Indonesia/android.widget.ImageButton1'

2018-10-02 10:34:01 - [MESSAGE][PASSED] - Tapped on element 'Object Repository/My Home Credit Indonesia/android.widget.ImageButton1'

2018-10-02 10:34:01 - [TEST_STEP][PASSED] - scrollToText: Scrolling to text 'Lanjutkan' successfully

2018-10-02 10:34:03 - [MESSAGE][PASSED] - Scrolling to text 'Lanjutkan' successfully

2018-10-02 10:34:03 - [TEST_STEP][PASSED] - tap: Tapped on element 'Object Repository/My Home Credit Indonesia/android.widget.TextView9 - LANJUTKAN'

2018-10-02 10:34:05 - [MESSAGE][PASSED] - Tapped on element 'Object Repository/My Home Credit Indonesia/android.widget.TextView9 - LANJUTKAN'

2018-10-02 10:34:05 - [TEST_STEP][PASSED] - tap: Tapped on element 'Object Repository/My Home Credit Indonesia/android.widget.TextView3 - Pilih Bank'

2018-10-02 10:34:07 - [MESSAGE][PASSED] - Tapped on element 'Object Repository/My Home Credit Indonesia/android.widget.TextView3 - Pilih Bank'

2018-10-02 10:34:07 - [TEST_STEP][PASSED] - setText: Text 'bca' has been set to element 'Object Repository/My Home Credit Indonesia/android.widget.EditText0 - Cari Nama Bank'

2018-10-02 10:34:11 - [MESSAGE][PASSED] - Text 'bca' has been set to element 'Object Repository/My Home Credit Indonesia/android.widget.EditText0 - Cari Nama Bank'

2018-10-02 10:34:11 - [TEST_STEP][PASSED] - tap: Tapped on element 'Object Repository/My Home Credit Indonesia/android.widget.TextView1 - Bca'

2018-10-02 10:34:13 - [MESSAGE][PASSED] - Tapped on element 'Object Repository/My Home Credit Indonesia/android.widget.TextView1 - Bca'

2018-10-02 10:34:13 - [TEST_STEP][PASSED] - setText: Text '1300190983' has been set to element 'Object Repository/My Home Credit Indonesia/android.widget.EditText0'

2018-10-02 10:34:14 - [MESSAGE][PASSED] - Text '1300190983' has been set to element 'Object Repository/My Home Credit Indonesia/android.widget.EditText0'

2018-10-02 10:34:14 - [TEST_STEP][PASSED] - tap: Tapped on element 'Object Repository/My Home Credit Indonesia/android.widget.TextView5 - Verifikasi Nomor Rekening'

2018-10-02 10:34:16 - [MESSAGE][PASSED] - Tapped on element 'Object Repository/My Home Credit Indonesia/android.widget.TextView5 - Verifikasi Nomor Rekening'

2018-10-02 10:34:16 - [TEST_STEP][PASSED] - scrollToText: Scrolling to text 'Lanjutkan' successfully

2018-10-02 10:34:20 - [MESSAGE][PASSED] - Scrolling to text 'Lanjutkan' successfully

2018-10-02 10:34:21 - [TEST_STEP][PASSED] - tap: Tapped on element 'Object Repository/My Home Credit Indonesia/android.widget.TextView8 - LANJUTKAN'

2018-10-02 10:34:23 - [MESSAGE][PASSED] - Tapped on element 'Object Repository/My Home Credit Indonesia/android.widget.TextView8 - LANJUTKAN'

2018-10-02 10:34:23 - [TEST_STEP][PASSED] - setText: Text 'testing flexifast' has been set to element 'Object Repository/My Home Credit Indonesia/android.widget.EditText0 (1)'

2018-10-02 10:34:24 - [MESSAGE][PASSED] - Text 'testing flexifast' has been set to element 'Object Repository/My Home Credit Indonesia/android.widget.EditText0 (1)'

2018-10-02 10:34:24 - [TEST_STEP][PASSED] - scrollToText: Scrolling to text 'Lanjutkan' successfully

2018-10-02 10:34:28 - [MESSAGE][PASSED] - Scrolling to text 'Lanjutkan' successfully

2018-10-02 10:34:28 - [TEST_STEP][PASSED] - tap: Tapped on element 'Object Repository/My Home Credit Indonesia/android.widget.TextView12 - LANJUTKAN (1)'

2018-10-02 10:34:31 - [MESSAGE][PASSED] - Tapped on element 'Object Repository/My Home Credit Indonesia/android.widget.TextView12 - LANJUTKAN (1)'

2018-10-02 10:34:31 - [TEST_STEP][PASSED] - setText: Text 'yogaaaa' has been set to element 'Object Repository/My Home Credit Indonesia/android.widget.EditText0 (2)'

2018-10-02 10:34:32 - [MESSAGE][PASSED] - Text 'yogaaaa' has been set to element 'Object Repository/My Home Credit Indonesia/android.widget.EditText0 (2)'

2018-10-02 10:34:32 - [TEST_STEP][PASSED] - setText: Text '81213254410' has been set to element 'Object Repository/My Home Credit Indonesia/android.widget.EditText2'

2018-10-02 10:34:34 - [MESSAGE][PASSED] - Text '81213254410' has been set to element 'Object Repository/My Home Credit Indonesia/android.widget.EditText2'

2018-10-02 10:34:34 - [TEST_STEP][PASSED] - tap: Tapped on element 'Object Repository/My Home Credit Indonesia/android.widget.TextView7 - Pilih Hubungan'

2018-10-02 10:34:36 - [MESSAGE][PASSED] - Tapped on element 'Object Repository/My Home Credit Indonesia/android.widget.TextView7 - Pilih Hubungan'

2018-10-02 10:34:36 - [TEST_STEP][PASSED] - tap: Tapped on element 'Object Repository/My Home Credit Indonesia/android.widget.TextView2 - Ayah'

2018-10-02 10:34:38 - [MESSAGE][PASSED] - Tapped on element 'Object Repository/My Home Credit Indonesia/android.widget.TextView2 - Ayah'

2018-10-02 10:34:38 - [TEST_STEP][PASSED] - setText: Text 'aryoooo' has been set to element 'Object Repository/My Home Credit Indonesia/android.widget.EditText3'

2018-10-02 10:34:39 - [MESSAGE][PASSED] - Text 'aryoooo' has been set to element 'Object Repository/My Home Credit Indonesia/android.widget.EditText3'

2018-10-02 10:34:39 - [TEST_STEP][PASSED] - scrollToText: Scrolling to text 'Lanjutkan' successfully

2018-10-02 10:34:43 - [MESSAGE][PASSED] - Scrolling to text 'Lanjutkan' successfully

2018-10-02 10:34:43 - [TEST_STEP][PASSED] - setText: Text '87886840568' has been set to element 'Object Repository/My Home Credit Indonesia/android.widget.EditText4'

2018-10-02 10:34:45 - [MESSAGE][PASSED] - Text '87886840568' has been set to element 'Object Repository/My Home Credit Indonesia/android.widget.EditText4'

2018-10-02 10:34:45 - [TEST_STEP][PASSED] - tap: Tapped on element 'Object Repository/My Home Credit Indonesia/android.widget.TextView10 - Pilih Hubungan'

2018-10-02 10:34:47 - [MESSAGE][PASSED] - Tapped on element 'Object Repository/My Home Credit Indonesia/android.widget.TextView10 - Pilih Hubungan'

2018-10-02 10:34:47 - [TEST_STEP][PASSED] - tap: Tapped on element 'Object Repository/My Home Credit Indonesia/android.widget.TextView4 - KakakAdik Laki-Laki'

2018-10-02 10:34:48 - [MESSAGE][PASSED] - Tapped on element 'Object Repository/My Home Credit Indonesia/android.widget.TextView4 - KakakAdik Laki-Laki'

2018-10-02 10:34:48 - [TEST_STEP][PASSED] - tap: Tapped on element 'Object Repository/My Home Credit Indonesia/android.widget.TextView12 - LANJUTKAN (1)'

2018-10-02 10:34:50 - [MESSAGE][PASSED] - Tapped on element 'Object Repository/My Home Credit Indonesia/android.widget.TextView12 - LANJUTKAN (1)'

2018-10-02 10:34:50 - [TEST_STEP][PASSED] - setText: Text '15000000' has been set to element 'Object Repository/My Home Credit Indonesia/android.widget.EditText0 (3)'

2018-10-02 10:34:52 - [MESSAGE][PASSED] - Text '15000000' has been set to element 'Object Repository/My Home Credit Indonesia/android.widget.EditText0 (3)'

2018-10-02 10:34:52 - [TEST_STEP][PASSED] - setText: Text '0' has been set to element 'Object Repository/My Home Credit Indonesia/android.widget.EditText1'

2018-10-02 10:34:53 - [MESSAGE][PASSED] - Text '0' has been set to element 'Object Repository/My Home Credit Indonesia/android.widget.EditText1'

2018-10-02 10:34:53 - [TEST_STEP][PASSED] - scrollToText: Scrolling to text 'Kirim' successfully

2018-10-02 10:34:57 - [MESSAGE][PASSED] - Scrolling to text 'Kirim' successfully

2018-10-02 10:34:57 - [TEST_STEP][PASSED] - setText: Text '1' has been set to element 'Object Repository/My Home Credit Indonesia/android.widget.EditText1 (1)'

2018-10-02 10:34:58 - [MESSAGE][PASSED] - Text '1' has been set to element 'Object Repository/My Home Credit Indonesia/android.widget.EditText1 (1)'

2018-10-02 10:34:58 - [TEST_STEP][PASSED] - setText: Text '5' has been set to element 'Object Repository/My Home Credit Indonesia/android.widget.EditText2 (1)'

2018-10-02 10:35:00 - [MESSAGE][PASSED] - Text '5' has been set to element 'Object Repository/My Home Credit Indonesia/android.widget.EditText2 (1)'

2018-10-02 10:35:00 - [TEST_STEP][PASSED] - tap: Tapped on element 'Object Repository/My Home Credit Indonesia/android.widget.CheckBox0'

2018-10-02 10:35:02 - [MESSAGE][PASSED] - Tapped on element 'Object Repository/My Home Credit Indonesia/android.widget.CheckBox0'

2018-10-02 10:35:02 - [TEST_STEP][FAILED] - checkElement: Failed to check element (Root cause: java.lang.IllegalArgumentException: Object is null)

2018-10-02 10:35:02 - [MESSAGE][WARNING] - Test object id is null

2018-10-02 10:35:02 - [MESSAGE][WARNING] - Test object with id 'Object Repository/' does not exist

2018-10-02 10:35:03 - [MESSAGE][FAILED] - Failed to check element (Root cause: java.lang.IllegalArgumentException: Object is null)
[[ATTACHMENT|C:\\Users\\pramudityo.pratanto\\git\\MobileApp_HomeCredit_Indonesia_2.0\\Reports\\Testing Flexifast\\20181002_103237\\1538451302616.png]]]]></system-out>
         <system-err><![CDATA[2018-10-02 10:33:17 - [TEST_CASE][FAILED] - Test Cases/Flexifast: Test Cases/Flexifast FAILED because (of) Failed to check element (Root cause: java.lang.IllegalArgumentException: Object is null)]]></system-err>
      </testcase>
      <system-out><![CDATA[2018-10-02 10:32:39 - [TEST_SUITE][FAILED] - Testing Flexifast: Test Cases/Login FAILED because (of) Failed to set text into element (Root cause: Object Object Repository/My Home Credit Indonesia/android.widget.EditText0 - Masukkan No. Handphone Anda not found)]]></system-out>
      <system-err><![CDATA[2018-10-02 10:32:39 - [TEST_SUITE][FAILED] - Testing Flexifast: Test Cases/Login FAILED because (of) Failed to set text into element (Root cause: Object Object Repository/My Home Credit Indonesia/android.widget.EditText0 - Masukkan No. Handphone Anda not found)]]></system-err>
   </testsuite>
</testsuites>
