<?xml version="1.0" encoding="UTF-8"?>
<testsuites name="DONA Online Offline" time="137" tests="1" failures="1" errors="0">
   <testsuite name="DONA Online Offline" tests="1" failures="1" errors="0" time="137" timestamp="2018-10-11 17:10:11" hostname="pramudityo.pratanto - ID-L1719.hcg.homecredit.net" id="Test Suites/DONA Online Offline">
      <properties>
         <property name="deviceName" value="asus ASUS_X00TD (Android 8.1.0)"/>
         <property name="devicePlatform" value=""/>
         <property name="logFolder" value="C:\\Users\\pramudityo.pratanto\\git\\MobileApp_HomeCredit_Indonesia_2.0\\Reports\\DONA Online Offline\\20181011_171009"/>
         <property name="logFiles" value="C:\\Users\\pramudityo.pratanto\\git\\MobileApp_HomeCredit_Indonesia_2.0\\Reports\\DONA Online Offline\\20181011_171009\\appium.log, C:\\Users\\pramudityo.pratanto\\git\\MobileApp_HomeCredit_Indonesia_2.0\\Reports\\DONA Online Offline\\20181011_171009\\execution0.log"/>
         <property name="attachments" value="C:\\Users\\pramudityo.pratanto\\git\\MobileApp_HomeCredit_Indonesia_2.0\\Reports\\DONA Online Offline\\20181011_171009\\1539252742637.png, C:\\Users\\pramudityo.pratanto\\git\\MobileApp_HomeCredit_Indonesia_2.0\\Reports\\DONA Online Offline\\20181011_171009\\1539252745385.png"/>
         <property name="hostName" value="pramudityo.pratanto - ID-L1719.hcg.homecredit.net"/>
         <property name="os" value="Windows 7 64bit"/>
         <property name="katalonVersion" value="5.6.0.1"/>
         <property name="deviceOS" value="Android"/>
         <property name="appiumVersion" value="1.8.1"/>
         <property name="deviceModel" value="ASUS_X00TD"/>
         <property name="hostAddress" value="10.58.28.115"/>
         <property name="deviceManufacturer" value="asus"/>
         <property name="deviceId" value="J5AXGF00V036ZZZ"/>
         <property name="deviceName" value="asus ASUS_X00TD (Android 8.1.0)"/>
         <property name="deviceOSVersion" value="8.1.0"/>
      </properties>
      <testcase name="Test Cases/Open" classname="Test Cases/Open" status="PASSED">
         <system-out><![CDATA[2018-10-11 17:10:11 - [TEST_CASE][PASSED] - Test Cases/Open: Test Cases/Open

2018-10-11 17:10:12 - [TEST_STEP][PASSED] - startApplication: Started app at: 'C:\Users\pramudityo.pratanto\Desktop\Katalon Update\appv2-development-universal-debug (1).apk'

2018-10-11 17:10:42 - [MESSAGE][PASSED] - Started app at: 'C:\Users\pramudityo.pratanto\Desktop\Katalon Update\appv2-development-universal-debug (1).apk']]></system-out>
         <system-err><![CDATA[]]></system-err>
      </testcase>
      <testcase name="Test Cases/DONA Offline 1st bod" classname="Test Cases/DONA Offline 1st bod" status="FAILED">
         <failure type="FAILED" message="Failed to tap on element 'Object Repository/My Home Credit Indonesia/DONA/android.widget.ImageButton1 (2)' (Root cause: Object Object Repository/My Home Credit Indonesia/DONA/android.widget.ImageButton1 (2) not found)"/>
         <system-out><![CDATA[2018-10-11 17:10:42 - [TEST_CASE][FAILED] - Test Cases/DONA Offline 1st bod: Test Cases/DONA Offline 1st bod FAILED because (of) Failed to tap on element 'Object Repository/My Home Credit Indonesia/DONA/android.widget.ImageButton1 (2)' (Root cause: Object Object Repository/My Home Credit Indonesia/DONA/android.widget.ImageButton1 (2) not found)

2018-10-11 17:10:42 - [TEST_STEP][PASSED] - delay: Delayed 8 second(s)

2018-10-11 17:10:50 - [MESSAGE][PASSED] - Delayed 8 second(s)

2018-10-11 17:10:50 - [TEST_STEP][PASSED] - tap: Tapped on element 'Object Repository/My Home Credit Indonesia/DONA/android.widget.ImageView5 (Dona Banner 2)'

2018-10-11 17:10:54 - [MESSAGE][PASSED] - Tapped on element 'Object Repository/My Home Credit Indonesia/DONA/android.widget.ImageView5 (Dona Banner 2)'

2018-10-11 17:10:54 - [TEST_STEP][PASSED] - tap: Tapped on element 'Object Repository/My Home Credit Indonesia/DONA/android.widget.TextView6 - AJUKAN SEKARANG'

2018-10-11 17:10:57 - [MESSAGE][PASSED] - Tapped on element 'Object Repository/My Home Credit Indonesia/DONA/android.widget.TextView6 - AJUKAN SEKARANG'

2018-10-11 17:10:57 - [TEST_STEP][PASSED] - tap: Tapped on element 'Object Repository/My Home Credit Indonesia/DONA/android.widget.TextView4 - LANJUTKAN (1)'

2018-10-11 17:11:00 - [MESSAGE][PASSED] - Tapped on element 'Object Repository/My Home Credit Indonesia/DONA/android.widget.TextView4 - LANJUTKAN (1)'

2018-10-11 17:11:00 - [TEST_STEP][PASSED] - tap: Tapped on element 'Object Repository/My Home Credit Indonesia/DONA/android.widget.TextView7 - MULAI PENGAJUAN (1)'

2018-10-11 17:11:05 - [MESSAGE][PASSED] - Tapped on element 'Object Repository/My Home Credit Indonesia/DONA/android.widget.TextView7 - MULAI PENGAJUAN (1)'

2018-10-11 17:11:05 - [TEST_STEP][PASSED] - tap: Tapped on element 'Object Repository/My Home Credit Indonesia/DONA/android.widget.ImageView1 (3)'

2018-10-11 17:11:07 - [MESSAGE][PASSED] - Tapped on element 'Object Repository/My Home Credit Indonesia/DONA/android.widget.ImageView1 (3)'

2018-10-11 17:11:07 - [TEST_STEP][PASSED] - tap: Tapped on element 'Object Repository/My Home Credit Indonesia/DONA/android.widget.TextView9 - LANJUTKAN (1)'

2018-10-11 17:11:17 - [MESSAGE][PASSED] - Tapped on element 'Object Repository/My Home Credit Indonesia/DONA/android.widget.TextView9 - LANJUTKAN (1)'

2018-10-11 17:11:17 - [TEST_STEP][PASSED] - tap: Tapped on element 'Object Repository/My Home Credit Indonesia/DONA/android.widget.TextView0 - GANTI KAMERA (1)'

2018-10-11 17:12:01 - [MESSAGE][PASSED] - Tapped on element 'Object Repository/My Home Credit Indonesia/DONA/android.widget.TextView0 - GANTI KAMERA (1)'

2018-10-11 17:12:01 - [TEST_STEP][PASSED] - tap: Tapped on element 'Object Repository/My Home Credit Indonesia/DONA/android.widget.ImageView10'

2018-10-11 17:12:05 - [MESSAGE][PASSED] - Tapped on element 'Object Repository/My Home Credit Indonesia/DONA/android.widget.ImageView10'

2018-10-11 17:12:05 - [TEST_STEP][PASSED] - tap: Tapped on element 'Object Repository/My Home Credit Indonesia/DONA/android.widget.ImageView2'

2018-10-11 17:12:07 - [MESSAGE][PASSED] - Tapped on element 'Object Repository/My Home Credit Indonesia/DONA/android.widget.ImageView2'

2018-10-11 17:12:07 - [TEST_STEP][PASSED] - tap: Tapped on element 'Object Repository/My Home Credit Indonesia/DONA/android.widget.TextView2 - LANJUTKAN'

2018-10-11 17:12:11 - [MESSAGE][PASSED] - Tapped on element 'Object Repository/My Home Credit Indonesia/DONA/android.widget.TextView2 - LANJUTKAN'

2018-10-11 17:12:11 - [TEST_STEP][PASSED] - tap: Tapped on element 'Object Repository/My Home Credit Indonesia/DONA/android.widget.ImageView2 (1)'

2018-10-11 17:12:13 - [MESSAGE][PASSED] - Tapped on element 'Object Repository/My Home Credit Indonesia/DONA/android.widget.ImageView2 (1)'

2018-10-11 17:12:13 - [TEST_STEP][PASSED] - scrollToText: Scrolling to text 'LANJUTKAN' successfully

2018-10-11 17:12:17 - [MESSAGE][PASSED] - Scrolling to text 'LANJUTKAN' successfully

2018-10-11 17:12:17 - [TEST_STEP][PASSED] - tap: Tapped on element 'Object Repository/My Home Credit Indonesia/DONA/android.widget.TextView15 - LANJUTKAN'

2018-10-11 17:12:19 - [MESSAGE][PASSED] - Tapped on element 'Object Repository/My Home Credit Indonesia/DONA/android.widget.TextView15 - LANJUTKAN'

2018-10-11 17:12:19 - [TEST_STEP][FAILED] - tap: Failed to tap on element 'Object Repository/My Home Credit Indonesia/DONA/android.widget.ImageButton1 (2)' (Root cause: Object Object Repository/My Home Credit Indonesia/DONA/android.widget.ImageButton1 (2) not found)

2018-10-11 17:12:25 - [MESSAGE][FAILED] - Object Object Repository/My Home Credit Indonesia/DONA/android.widget.ImageButton1 (2) not found
[[ATTACHMENT|C:\\Users\\pramudityo.pratanto\\git\\MobileApp_HomeCredit_Indonesia_2.0\\Reports\\DONA Online Offline\\20181011_171009\\1539252742637.png]]

2018-10-11 17:12:28 - [MESSAGE][FAILED] - Failed to tap on element 'Object Repository/My Home Credit Indonesia/DONA/android.widget.ImageButton1 (2)' (Root cause: Object Object Repository/My Home Credit Indonesia/DONA/android.widget.ImageButton1 (2) not found)
[[ATTACHMENT|C:\\Users\\pramudityo.pratanto\\git\\MobileApp_HomeCredit_Indonesia_2.0\\Reports\\DONA Online Offline\\20181011_171009\\1539252745385.png]]]]></system-out>
         <system-err><![CDATA[2018-10-11 17:10:42 - [TEST_CASE][FAILED] - Test Cases/DONA Offline 1st bod: Test Cases/DONA Offline 1st bod FAILED because (of) Failed to tap on element 'Object Repository/My Home Credit Indonesia/DONA/android.widget.ImageButton1 (2)' (Root cause: Object Object Repository/My Home Credit Indonesia/DONA/android.widget.ImageButton1 (2) not found)]]></system-err>
      </testcase>
      <system-out><![CDATA[2018-10-11 17:10:11 - [TEST_SUITE][FAILED] - DONA Online Offline: Test Cases/DONA Offline 1st bod FAILED because (of) Failed to tap on element 'Object Repository/My Home Credit Indonesia/DONA/android.widget.ImageButton1 (2)' (Root cause: Object Object Repository/My Home Credit Indonesia/DONA/android.widget.ImageButton1 (2) not found)]]></system-out>
      <system-err><![CDATA[2018-10-11 17:10:11 - [TEST_SUITE][FAILED] - DONA Online Offline: Test Cases/DONA Offline 1st bod FAILED because (of) Failed to tap on element 'Object Repository/My Home Credit Indonesia/DONA/android.widget.ImageButton1 (2)' (Root cause: Object Object Repository/My Home Credit Indonesia/DONA/android.widget.ImageButton1 (2) not found)]]></system-err>
   </testsuite>
</testsuites>
