<?xml version="1.0" encoding="UTF-8"?>
<testsuites name="DONA 1st BOD ONLINE" time="116" tests="1" failures="1" errors="0">
   <testsuite name="DONA 1st BOD ONLINE" tests="1" failures="1" errors="0" time="116" timestamp="2018-11-02 11:27:38" hostname="pramudityo.pratanto - ID-L1719.hcg.homecredit.net" id="Test Suites/DONA 1st BOD ONLINE">
      <properties>
         <property name="deviceName" value="asus ASUS_X00TD (Android 8.1.0)"/>
         <property name="devicePlatform" value=""/>
         <property name="logFolder" value="C:\\Users\\pramudityo.pratanto\\git\\MobileApp_HomeCredit_Indonesia_2.0\\Reports\\DONA 1st BOD ONLINE\\20181102_112736"/>
         <property name="logFiles" value="C:\\Users\\pramudityo.pratanto\\git\\MobileApp_HomeCredit_Indonesia_2.0\\Reports\\DONA 1st BOD ONLINE\\20181102_112736\\appium.log, C:\\Users\\pramudityo.pratanto\\git\\MobileApp_HomeCredit_Indonesia_2.0\\Reports\\DONA 1st BOD ONLINE\\20181102_112736\\execution0.log"/>
         <property name="attachments" value="C:\\Users\\pramudityo.pratanto\\git\\MobileApp_HomeCredit_Indonesia_2.0\\Reports\\DONA 1st BOD ONLINE\\20181102_112736\\1541132972256.png, C:\\Users\\pramudityo.pratanto\\git\\MobileApp_HomeCredit_Indonesia_2.0\\Reports\\DONA 1st BOD ONLINE\\20181102_112736\\1541132973445.png"/>
         <property name="hostName" value="pramudityo.pratanto - ID-L1719.hcg.homecredit.net"/>
         <property name="os" value="Windows 7 64bit"/>
         <property name="katalonVersion" value="5.6.0.1"/>
         <property name="deviceOS" value="Android"/>
         <property name="appiumVersion" value="1.8.1"/>
         <property name="deviceModel" value="ASUS_X00TD"/>
         <property name="hostAddress" value="10.58.29.236"/>
         <property name="deviceManufacturer" value="asus"/>
         <property name="deviceId" value="J5AXGF00V036ZZZ"/>
         <property name="deviceName" value="asus ASUS_X00TD (Android 8.1.0)"/>
         <property name="deviceOSVersion" value="8.1.0"/>
      </properties>
      <testcase name="Test Cases/Open" classname="Test Cases/Open" status="PASSED">
         <system-out><![CDATA[2018-11-02 11:27:39 - [TEST_CASE][PASSED] - Test Cases/Open: Test Cases/Open

2018-11-02 11:27:39 - [TEST_STEP][PASSED] - startApplication: Started app at: 'C:\Users\pramudityo.pratanto\Desktop\Katalon Update\appv2-development-universal-debug (1).apk'

2018-11-02 11:28:11 - [MESSAGE][PASSED] - Started app at: 'C:\Users\pramudityo.pratanto\Desktop\Katalon Update\appv2-development-universal-debug (1).apk']]></system-out>
         <system-err><![CDATA[]]></system-err>
      </testcase>
      <testcase name="Test Cases/DONA 1st bod" classname="Test Cases/DONA 1st bod" status="FAILED">
         <failure type="FAILED" message="Failed to tap on element 'Object Repository/My Home Credit Indonesia/DONA/android.widget.TextView2 - LANJUTKAN' (Root cause: Object Object Repository/My Home Credit Indonesia/DONA/android.widget.TextView2 - LANJUTKAN not found)"/>
         <system-out><![CDATA[2018-11-02 11:28:11 - [TEST_CASE][FAILED] - Test Cases/DONA 1st bod: Test Cases/DONA 1st bod FAILED because (of) Failed to tap on element 'Object Repository/My Home Credit Indonesia/DONA/android.widget.TextView2 - LANJUTKAN' (Root cause: Object Object Repository/My Home Credit Indonesia/DONA/android.widget.TextView2 - LANJUTKAN not found)

2018-11-02 11:28:11 - [TEST_STEP][PASSED] - delay: Delayed 15 second(s)

2018-11-02 11:28:26 - [MESSAGE][PASSED] - Delayed 15 second(s)

2018-11-02 11:28:26 - [TEST_STEP][PASSED] - tap: Tapped on element 'Object Repository/My Home Credit Indonesia/DONA/android.widget.ImageView5 (Dona Banner 2)'

2018-11-02 11:28:31 - [MESSAGE][PASSED] - Tapped on element 'Object Repository/My Home Credit Indonesia/DONA/android.widget.ImageView5 (Dona Banner 2)'

2018-11-02 11:28:31 - [TEST_STEP][PASSED] - tap: Tapped on element 'Object Repository/My Home Credit Indonesia/DONA/android.widget.TextView6 - AJUKAN SEKARANG'

2018-11-02 11:28:34 - [MESSAGE][PASSED] - Tapped on element 'Object Repository/My Home Credit Indonesia/DONA/android.widget.TextView6 - AJUKAN SEKARANG'

2018-11-02 11:28:34 - [TEST_STEP][PASSED] - tap: Tapped on element 'Object Repository/My Home Credit Indonesia/DONA/android.widget.TextView4 - LANJUTKAN (1)'

2018-11-02 11:28:37 - [MESSAGE][PASSED] - Tapped on element 'Object Repository/My Home Credit Indonesia/DONA/android.widget.TextView4 - LANJUTKAN (1)'

2018-11-02 11:28:37 - [TEST_STEP][PASSED] - delay: Delayed 8 second(s)

2018-11-02 11:28:45 - [MESSAGE][PASSED] - Delayed 8 second(s)

2018-11-02 11:28:45 - [TEST_STEP][PASSED] - tap: Tapped on element 'Object Repository/My Home Credit Indonesia/DONA/android.widget.TextView7 - MULAI PENGAJUAN (1)'

2018-11-02 11:28:47 - [MESSAGE][PASSED] - Tapped on element 'Object Repository/My Home Credit Indonesia/DONA/android.widget.TextView7 - MULAI PENGAJUAN (1)'

2018-11-02 11:28:47 - [TEST_STEP][PASSED] - tap: Tapped on element 'Object Repository/My Home Credit Indonesia/DONA/android.widget.ImageView1 (3)'

2018-11-02 11:28:50 - [MESSAGE][PASSED] - Tapped on element 'Object Repository/My Home Credit Indonesia/DONA/android.widget.ImageView1 (3)'

2018-11-02 11:28:50 - [TEST_STEP][PASSED] - tap: Tapped on element 'Object Repository/My Home Credit Indonesia/DONA/android.widget.TextView9 - LANJUTKAN (1)'

2018-11-02 11:28:51 - [MESSAGE][PASSED] - Tapped on element 'Object Repository/My Home Credit Indonesia/DONA/android.widget.TextView9 - LANJUTKAN (1)'

2018-11-02 11:28:51 - [TEST_STEP][PASSED] - tap: Tapped on element 'Object Repository/My Home Credit Indonesia/DONA/android.widget.TextView0 - GANTI KAMERA (1)'

2018-11-02 11:29:22 - [MESSAGE][PASSED] - Tapped on element 'Object Repository/My Home Credit Indonesia/DONA/android.widget.TextView0 - GANTI KAMERA (1)'

2018-11-02 11:29:22 - [TEST_STEP][PASSED] - tap: Tapped on element 'Object Repository/My Home Credit Indonesia/DONA/android.widget.ImageView10'

2018-11-02 11:29:26 - [MESSAGE][PASSED] - Tapped on element 'Object Repository/My Home Credit Indonesia/DONA/android.widget.ImageView10'

2018-11-02 11:29:26 - [TEST_STEP][PASSED] - tap: Tapped on element 'Object Repository/My Home Credit Indonesia/DONA/android.widget.ImageView2'

2018-11-02 11:29:29 - [MESSAGE][PASSED] - Tapped on element 'Object Repository/My Home Credit Indonesia/DONA/android.widget.ImageView2'

2018-11-02 11:29:29 - [TEST_STEP][FAILED] - tap: Failed to tap on element 'Object Repository/My Home Credit Indonesia/DONA/android.widget.TextView2 - LANJUTKAN' (Root cause: Object Object Repository/My Home Credit Indonesia/DONA/android.widget.TextView2 - LANJUTKAN not found)

2018-11-02 11:29:33 - [MESSAGE][FAILED] - Object Object Repository/My Home Credit Indonesia/DONA/android.widget.TextView2 - LANJUTKAN not found
[[ATTACHMENT|C:\\Users\\pramudityo.pratanto\\git\\MobileApp_HomeCredit_Indonesia_2.0\\Reports\\DONA 1st BOD ONLINE\\20181102_112736\\1541132972256.png]]

2018-11-02 11:29:34 - [MESSAGE][FAILED] - Failed to tap on element 'Object Repository/My Home Credit Indonesia/DONA/android.widget.TextView2 - LANJUTKAN' (Root cause: Object Object Repository/My Home Credit Indonesia/DONA/android.widget.TextView2 - LANJUTKAN not found)
[[ATTACHMENT|C:\\Users\\pramudityo.pratanto\\git\\MobileApp_HomeCredit_Indonesia_2.0\\Reports\\DONA 1st BOD ONLINE\\20181102_112736\\1541132973445.png]]]]></system-out>
         <system-err><![CDATA[2018-11-02 11:28:11 - [TEST_CASE][FAILED] - Test Cases/DONA 1st bod: Test Cases/DONA 1st bod FAILED because (of) Failed to tap on element 'Object Repository/My Home Credit Indonesia/DONA/android.widget.TextView2 - LANJUTKAN' (Root cause: Object Object Repository/My Home Credit Indonesia/DONA/android.widget.TextView2 - LANJUTKAN not found)]]></system-err>
      </testcase>
      <system-out><![CDATA[2018-11-02 11:27:38 - [TEST_SUITE][FAILED] - DONA 1st BOD ONLINE: Test Cases/DONA 1st bod FAILED because (of) Failed to tap on element 'Object Repository/My Home Credit Indonesia/DONA/android.widget.TextView2 - LANJUTKAN' (Root cause: Object Object Repository/My Home Credit Indonesia/DONA/android.widget.TextView2 - LANJUTKAN not found)]]></system-out>
      <system-err><![CDATA[2018-11-02 11:27:38 - [TEST_SUITE][FAILED] - DONA 1st BOD ONLINE: Test Cases/DONA 1st bod FAILED because (of) Failed to tap on element 'Object Repository/My Home Credit Indonesia/DONA/android.widget.TextView2 - LANJUTKAN' (Root cause: Object Object Repository/My Home Credit Indonesia/DONA/android.widget.TextView2 - LANJUTKAN not found)]]></system-err>
   </testsuite>
</testsuites>
