<?xml version="1.0" encoding="UTF-8"?>
<testsuites name="DONA 1st BOD ONLINE" time="169" tests="1" failures="1" errors="0">
   <testsuite name="DONA 1st BOD ONLINE" tests="1" failures="1" errors="0" time="169" timestamp="2018-10-10 17:40:55" hostname="pramudityo.pratanto - ID-L1719.hcg.homecredit.net" id="Test Suites/DONA 1st BOD ONLINE">
      <properties>
         <property name="deviceName" value="asus ASUS_X00TD (Android 8.1.0)"/>
         <property name="devicePlatform" value=""/>
         <property name="logFolder" value="C:\\Users\\pramudityo.pratanto\\git\\MobileApp_HomeCredit_Indonesia_2.0\\Reports\\DONA 1st BOD ONLINE\\20181010_174053"/>
         <property name="logFiles" value="C:\\Users\\pramudityo.pratanto\\git\\MobileApp_HomeCredit_Indonesia_2.0\\Reports\\DONA 1st BOD ONLINE\\20181010_174053\\appium.log, C:\\Users\\pramudityo.pratanto\\git\\MobileApp_HomeCredit_Indonesia_2.0\\Reports\\DONA 1st BOD ONLINE\\20181010_174053\\execution0.log"/>
         <property name="attachments" value=""/>
         <property name="hostName" value="pramudityo.pratanto - ID-L1719.hcg.homecredit.net"/>
         <property name="os" value="Windows 7 64bit"/>
         <property name="katalonVersion" value="5.6.0.1"/>
         <property name="deviceOS" value="Android"/>
         <property name="appiumVersion" value="1.8.1"/>
         <property name="deviceModel" value="ASUS_X00TD"/>
         <property name="hostAddress" value="10.58.17.105"/>
         <property name="deviceManufacturer" value="asus"/>
         <property name="deviceId" value="J5AXGF00V036ZZZ"/>
         <property name="deviceName" value="asus ASUS_X00TD (Android 8.1.0)"/>
         <property name="deviceOSVersion" value="8.1.0"/>
      </properties>
      <testcase name="Test Cases/Open" classname="Test Cases/Open" status="PASSED">
         <system-out><![CDATA[2018-10-10 17:40:55 - [TEST_CASE][PASSED] - Test Cases/Open: Test Cases/Open

2018-10-10 17:40:56 - [TEST_STEP][PASSED] - startApplication: Started app at: 'C:\Users\pramudityo.pratanto\Desktop\Katalon Update\appv2-development-universal-debug (1).apk'

2018-10-10 17:41:25 - [MESSAGE][PASSED] - Started app at: 'C:\Users\pramudityo.pratanto\Desktop\Katalon Update\appv2-development-universal-debug (1).apk']]></system-out>
         <system-err><![CDATA[]]></system-err>
      </testcase>
      <testcase name="Test Cases/DONA 1st bod" classname="Test Cases/DONA 1st bod" status="FAILED">
         <failure type="FAILED" message="Failed to tap on element 'Object Repository/My Home Credit Indonesia/DONA/android.widget.LinearLayout23' (Root cause: org.openqa.selenium.WebDriverException: An unknown server-side error occurred while processing the command. Original error: Could not proxy command to remote server. Original error: Error: read ECONNRESET (WARNING: The server did not provide any stacktrace information)
Command duration or timeout: 0 milliseconds
Build info: version: '3.7.1', revision: '8a0099a', time: '2017-11-06T21:07:36.161Z'
System info: host: 'ID-L1719', ip: '10.58.17.105', os.name: 'Windows 7', os.arch: 'amd64', os.version: '6.1', java.version: '1.8.0_181'
Driver info: com.kms.katalon.core.appium.driver.SwipeableAndroidDriver
Capabilities {app: C:\Users\pramudityo.pratant..., appPackage: id.co.myhomecredit.dev, appWaitActivity: id.co.homecredit.*, autoGrantPermissions: true, automationName: uiautomator2, databaseEnabled: false, desired: {app: C:\Users\pramudityo.pratant..., appWaitActivity: id.co.homecredit.*, autoGrantPermissions: true, automationName: uiautomator2, deviceId: , deviceName: asus ASUS_X00TD (Android 8...., fullReset: false, newCommandTimeout: 1800, noReset: true, platform: ANDROID, platformName: Android, udid: J5AXGF00V036ZZZ}, deviceApiLevel: 27, deviceId: , deviceManufacturer: asus, deviceModel: ASUS_X00TD, deviceName: J5AXGF00V036ZZZ, deviceScreenDensity: 480, deviceScreenSize: 1080x2160, deviceUDID: J5AXGF00V036ZZZ, fullReset: false, javascriptEnabled: true, locationContextEnabled: false, networkConnectionEnabled: true, newCommandTimeout: 1800, noReset: true, pixelRatio: 3, platform: ANDROID, platformName: ANDROID, platformVersion: 8.1.0, statBarHeight: 72, takesScreenshot: true, udid: J5AXGF00V036ZZZ, viewportRect: {height: 1944, left: 0, top: 72, width: 1080}, warnings: {}, webStorageEnabled: false}
Session ID: dfc50318-94d4-4652-a820-cb098b01a9a7)"/>
         <system-out><![CDATA[2018-10-10 17:41:25 - [TEST_CASE][FAILED] - Test Cases/DONA 1st bod: Test Cases/DONA 1st bod FAILED because (of) Failed to tap on element 'Object Repository/My Home Credit Indonesia/DONA/android.widget.LinearLayout23' (Root cause: org.openqa.selenium.WebDriverException: An unknown server-side error occurred while processing the command. Original error: Could not proxy command to remote server. Original error: Error: read ECONNRESET (WARNING: The server did not provide any stacktrace information)
Command duration or timeout: 0 milliseconds
Build info: version: '3.7.1', revision: '8a0099a', time: '2017-11-06T21:07:36.161Z'
System info: host: 'ID-L1719', ip: '10.58.17.105', os.name: 'Windows 7', os.arch: 'amd64', os.version: '6.1', java.version: '1.8.0_181'
Driver info: com.kms.katalon.core.appium.driver.SwipeableAndroidDriver
Capabilities {app: C:\Users\pramudityo.pratant..., appPackage: id.co.myhomecredit.dev, appWaitActivity: id.co.homecredit.*, autoGrantPermissions: true, automationName: uiautomator2, databaseEnabled: false, desired: {app: C:\Users\pramudityo.pratant..., appWaitActivity: id.co.homecredit.*, autoGrantPermissions: true, automationName: uiautomator2, deviceId: , deviceName: asus ASUS_X00TD (Android 8...., fullReset: false, newCommandTimeout: 1800, noReset: true, platform: ANDROID, platformName: Android, udid: J5AXGF00V036ZZZ}, deviceApiLevel: 27, deviceId: , deviceManufacturer: asus, deviceModel: ASUS_X00TD, deviceName: J5AXGF00V036ZZZ, deviceScreenDensity: 480, deviceScreenSize: 1080x2160, deviceUDID: J5AXGF00V036ZZZ, fullReset: false, javascriptEnabled: true, locationContextEnabled: false, networkConnectionEnabled: true, newCommandTimeout: 1800, noReset: true, pixelRatio: 3, platform: ANDROID, platformName: ANDROID, platformVersion: 8.1.0, statBarHeight: 72, takesScreenshot: true, udid: J5AXGF00V036ZZZ, viewportRect: {height: 1944, left: 0, top: 72, width: 1080}, warnings: {}, webStorageEnabled: false}
Session ID: dfc50318-94d4-4652-a820-cb098b01a9a7)

2018-10-10 17:41:26 - [TEST_STEP][PASSED] - delay: Delayed 7 second(s)

2018-10-10 17:41:33 - [MESSAGE][PASSED] - Delayed 7 second(s)

2018-10-10 17:41:33 - [TEST_STEP][PASSED] - tap: Tapped on element 'Object Repository/My Home Credit Indonesia/DONA/android.widget.ImageView5 (Dona Banner 2)'

2018-10-10 17:41:37 - [MESSAGE][PASSED] - Tapped on element 'Object Repository/My Home Credit Indonesia/DONA/android.widget.ImageView5 (Dona Banner 2)'

2018-10-10 17:41:37 - [TEST_STEP][PASSED] - tap: Tapped on element 'Object Repository/My Home Credit Indonesia/DONA/android.widget.TextView6 - AJUKAN SEKARANG'

2018-10-10 17:41:41 - [MESSAGE][PASSED] - Tapped on element 'Object Repository/My Home Credit Indonesia/DONA/android.widget.TextView6 - AJUKAN SEKARANG'

2018-10-10 17:41:41 - [TEST_STEP][PASSED] - tap: Tapped on element 'Object Repository/My Home Credit Indonesia/DONA/android.widget.TextView4 - LANJUTKAN (1)'

2018-10-10 17:41:44 - [MESSAGE][PASSED] - Tapped on element 'Object Repository/My Home Credit Indonesia/DONA/android.widget.TextView4 - LANJUTKAN (1)'

2018-10-10 17:41:44 - [TEST_STEP][PASSED] - tap: Tapped on element 'Object Repository/My Home Credit Indonesia/DONA/android.widget.TextView7 - MULAI PENGAJUAN (1)'

2018-10-10 17:41:50 - [MESSAGE][PASSED] - Tapped on element 'Object Repository/My Home Credit Indonesia/DONA/android.widget.TextView7 - MULAI PENGAJUAN (1)'

2018-10-10 17:41:50 - [TEST_STEP][PASSED] - tap: Tapped on element 'Object Repository/My Home Credit Indonesia/DONA/android.widget.ImageView1 (3)'

2018-10-10 17:41:52 - [MESSAGE][PASSED] - Tapped on element 'Object Repository/My Home Credit Indonesia/DONA/android.widget.ImageView1 (3)'

2018-10-10 17:41:52 - [TEST_STEP][PASSED] - tap: Tapped on element 'Object Repository/My Home Credit Indonesia/DONA/android.widget.TextView9 - LANJUTKAN (1)'

2018-10-10 17:42:02 - [MESSAGE][PASSED] - Tapped on element 'Object Repository/My Home Credit Indonesia/DONA/android.widget.TextView9 - LANJUTKAN (1)'

2018-10-10 17:42:02 - [TEST_STEP][PASSED] - tap: Tapped on element 'Object Repository/My Home Credit Indonesia/DONA/android.widget.TextView0 - GANTI KAMERA (1)'

2018-10-10 17:42:50 - [MESSAGE][PASSED] - Tapped on element 'Object Repository/My Home Credit Indonesia/DONA/android.widget.TextView0 - GANTI KAMERA (1)'

2018-10-10 17:42:50 - [TEST_STEP][PASSED] - tap: Tapped on element 'Object Repository/My Home Credit Indonesia/DONA/android.widget.ImageView10'

2018-10-10 17:42:54 - [MESSAGE][PASSED] - Tapped on element 'Object Repository/My Home Credit Indonesia/DONA/android.widget.ImageView10'

2018-10-10 17:42:54 - [TEST_STEP][PASSED] - tap: Tapped on element 'Object Repository/My Home Credit Indonesia/DONA/android.widget.ImageView2'

2018-10-10 17:42:56 - [MESSAGE][PASSED] - Tapped on element 'Object Repository/My Home Credit Indonesia/DONA/android.widget.ImageView2'

2018-10-10 17:42:56 - [TEST_STEP][PASSED] - tap: Tapped on element 'Object Repository/My Home Credit Indonesia/DONA/android.widget.TextView2 - LANJUTKAN'

2018-10-10 17:43:01 - [MESSAGE][PASSED] - Tapped on element 'Object Repository/My Home Credit Indonesia/DONA/android.widget.TextView2 - LANJUTKAN'

2018-10-10 17:43:01 - [TEST_STEP][PASSED] - tap: Tapped on element 'Object Repository/My Home Credit Indonesia/DONA/android.widget.ImageView2 (1)'

2018-10-10 17:43:03 - [MESSAGE][PASSED] - Tapped on element 'Object Repository/My Home Credit Indonesia/DONA/android.widget.ImageView2 (1)'

2018-10-10 17:43:03 - [TEST_STEP][PASSED] - scrollToText: Scrolling to text 'LANJUTKAN' successfully

2018-10-10 17:43:07 - [MESSAGE][PASSED] - Scrolling to text 'LANJUTKAN' successfully

2018-10-10 17:43:07 - [TEST_STEP][PASSED] - tap: Tapped on element 'Object Repository/My Home Credit Indonesia/DONA/android.widget.TextView15 - LANJUTKAN'

2018-10-10 17:43:09 - [MESSAGE][PASSED] - Tapped on element 'Object Repository/My Home Credit Indonesia/DONA/android.widget.TextView15 - LANJUTKAN'

2018-10-10 17:43:09 - [TEST_STEP][PASSED] - tap: Tapped on element 'Object Repository/My Home Credit Indonesia/DONA/android.widget.ImageButton1 (2)'

2018-10-10 17:43:14 - [MESSAGE][PASSED] - Tapped on element 'Object Repository/My Home Credit Indonesia/DONA/android.widget.ImageButton1 (2)'

2018-10-10 17:43:14 - [TEST_STEP][PASSED] - tap: Tapped on element 'Object Repository/My Home Credit Indonesia/DONA/android.widget.TextView2 - LANJUTKAN (1)'

2018-10-10 17:43:16 - [MESSAGE][PASSED] - Tapped on element 'Object Repository/My Home Credit Indonesia/DONA/android.widget.TextView2 - LANJUTKAN (1)'

2018-10-10 17:43:16 - [TEST_STEP][PASSED] - tap: Tapped on element 'Object Repository/My Home Credit Indonesia/DONA/android.widget.TextView1 - MULAI PENGAJUAN'

2018-10-10 17:43:19 - [MESSAGE][PASSED] - Tapped on element 'Object Repository/My Home Credit Indonesia/DONA/android.widget.TextView1 - MULAI PENGAJUAN'

2018-10-10 17:43:19 - [TEST_STEP][PASSED] - setText: Text '0108501701931125' has been set to element 'Object Repository/My Home Credit Indonesia/DONA/android.widget.EditText0'

2018-10-10 17:43:20 - [MESSAGE][PASSED] - Text '0108501701931125' has been set to element 'Object Repository/My Home Credit Indonesia/DONA/android.widget.EditText0'

2018-10-10 17:43:20 - [TEST_STEP][PASSED] - setText: Text 'DONNAATTT LAGII' has been set to element 'Object Repository/My Home Credit Indonesia/DONA/android.widget.EditText1'

2018-10-10 17:43:22 - [MESSAGE][PASSED] - Text 'DONNAATTT LAGII' has been set to element 'Object Repository/My Home Credit Indonesia/DONA/android.widget.EditText1'

2018-10-10 17:43:22 - [TEST_STEP][PASSED] - setText: Text 'DOUNAT' has been set to element 'Object Repository/My Home Credit Indonesia/DONA/android.widget.EditText2'

2018-10-10 17:43:24 - [MESSAGE][PASSED] - Text 'DOUNAT' has been set to element 'Object Repository/My Home Credit Indonesia/DONA/android.widget.EditText2'

2018-10-10 17:43:24 - [TEST_STEP][PASSED] - setText: Text 'Jakarta' has been set to element 'Object Repository/My Home Credit Indonesia/DONA/android.widget.EditText3'

2018-10-10 17:43:26 - [MESSAGE][PASSED] - Text 'Jakarta' has been set to element 'Object Repository/My Home Credit Indonesia/DONA/android.widget.EditText3'

2018-10-10 17:43:26 - [TEST_STEP][PASSED] - scrollToText: Scrolling to text 'LANJUT ISI KONTAK' successfully

2018-10-10 17:43:31 - [MESSAGE][PASSED] - Scrolling to text 'LANJUT ISI KONTAK' successfully

2018-10-10 17:43:31 - [TEST_STEP][PASSED] - setText: Text 'MOMMMYY DONAT' has been set to element 'Object Repository/My Home Credit Indonesia/DONA/android.widget.EditText1 (1)'

2018-10-10 17:43:32 - [MESSAGE][PASSED] - Text 'MOMMMYY DONAT' has been set to element 'Object Repository/My Home Credit Indonesia/DONA/android.widget.EditText1 (1)'

2018-10-10 17:43:32 - [TEST_STEP][PASSED] - tap: Tapped on element 'Object Repository/My Home Credit Indonesia/DONA/android.widget.TextView3 - LANJUT ISI KONTAK'

2018-10-10 17:43:36 - [MESSAGE][PASSED] - Tapped on element 'Object Repository/My Home Credit Indonesia/DONA/android.widget.TextView3 - LANJUT ISI KONTAK'

2018-10-10 17:43:36 - [TEST_STEP][PASSED] - setText: Text 'hcis8mobile@gmail.com' has been set to element 'Object Repository/My Home Credit Indonesia/DONA/android.widget.EditText1 (2)'

2018-10-10 17:43:37 - [MESSAGE][PASSED] - Text 'hcis8mobile@gmail.com' has been set to element 'Object Repository/My Home Credit Indonesia/DONA/android.widget.EditText1 (2)'

2018-10-10 17:43:37 - [TEST_STEP][PASSED] - tap: Tapped on element 'Object Repository/My Home Credit Indonesia/DONA/android.widget.TextView8 - LANJUT ISI ALAMAT'

2018-10-10 17:43:41 - [MESSAGE][PASSED] - Tapped on element 'Object Repository/My Home Credit Indonesia/DONA/android.widget.TextView8 - LANJUT ISI ALAMAT'

2018-10-10 17:43:41 - [TEST_STEP][PASSED] - setText: Text 'Testing jalan ktp donnaa' has been set to element 'Object Repository/My Home Credit Indonesia/DONA/android.widget.EditText0 (1)'

2018-10-10 17:43:42 - [MESSAGE][PASSED] - Text 'Testing jalan ktp donnaa' has been set to element 'Object Repository/My Home Credit Indonesia/DONA/android.widget.EditText0 (1)'

2018-10-10 17:43:42 - [TEST_STEP][FAILED] - tap: Failed to tap on element 'Object Repository/My Home Credit Indonesia/DONA/android.widget.LinearLayout23' (Root cause: org.openqa.selenium.WebDriverException: An unknown server-side error occurred while processing the command. Original error: Could not proxy command to remote server. Original error: Error: read ECONNRESET (WARNING: The server did not provide any stacktrace information)
Command duration or timeout: 0 milliseconds
Build info: version: '3.7.1', revision: '8a0099a', time: '2017-11-06T21:07:36.161Z'
System info: host: 'ID-L1719', ip: '10.58.17.105', os.name: 'Windows 7', os.arch: 'amd64', os.version: '6.1', java.version: '1.8.0_181'
Driver info: com.kms.katalon.core.appium.driver.SwipeableAndroidDriver
Capabilities {app: C:\Users\pramudityo.pratant..., appPackage: id.co.myhomecredit.dev, appWaitActivity: id.co.homecredit.*, autoGrantPermissions: true, automationName: uiautomator2, databaseEnabled: false, desired: {app: C:\Users\pramudityo.pratant..., appWaitActivity: id.co.homecredit.*, autoGrantPermissions: true, automationName: uiautomator2, deviceId: , deviceName: asus ASUS_X00TD (Android 8...., fullReset: false, newCommandTimeout: 1800, noReset: true, platform: ANDROID, platformName: Android, udid: J5AXGF00V036ZZZ}, deviceApiLevel: 27, deviceId: , deviceManufacturer: asus, deviceModel: ASUS_X00TD, deviceName: J5AXGF00V036ZZZ, deviceScreenDensity: 480, deviceScreenSize: 1080x2160, deviceUDID: J5AXGF00V036ZZZ, fullReset: false, javascriptEnabled: true, locationContextEnabled: false, networkConnectionEnabled: true, newCommandTimeout: 1800, noReset: true, pixelRatio: 3, platform: ANDROID, platformName: ANDROID, platformVersion: 8.1.0, statBarHeight: 72, takesScreenshot: true, udid: J5AXGF00V036ZZZ, viewportRect: {height: 1944, left: 0, top: 72, width: 1080}, warnings: {}, webStorageEnabled: false}
Session ID: dfc50318-94d4-4652-a820-cb098b01a9a7)

2018-10-10 17:43:44 - [MESSAGE][WARNING] - Cannot take screenshot

2018-10-10 17:43:44 - [MESSAGE][FAILED] - Failed to tap on element 'Object Repository/My Home Credit Indonesia/DONA/android.widget.LinearLayout23' (Root cause: org.openqa.selenium.WebDriverException: An unknown server-side error occurred while processing the command. Original error: Could not proxy command to remote server. Original error: Error: read ECONNRESET (WARNING: The server did not provide any stacktrace information)
Command duration or timeout: 0 milliseconds
Build info: version: '3.7.1', revision: '8a0099a', time: '2017-11-06T21:07:36.161Z'
System info: host: 'ID-L1719', ip: '10.58.17.105', os.name: 'Windows 7', os.arch: 'amd64', os.version: '6.1', java.version: '1.8.0_181'
Driver info: com.kms.katalon.core.appium.driver.SwipeableAndroidDriver
Capabilities {app: C:\Users\pramudityo.pratant..., appPackage: id.co.myhomecredit.dev, appWaitActivity: id.co.homecredit.*, autoGrantPermissions: true, automationName: uiautomator2, databaseEnabled: false, desired: {app: C:\Users\pramudityo.pratant..., appWaitActivity: id.co.homecredit.*, autoGrantPermissions: true, automationName: uiautomator2, deviceId: , deviceName: asus ASUS_X00TD (Android 8...., fullReset: false, newCommandTimeout: 1800, noReset: true, platform: ANDROID, platformName: Android, udid: J5AXGF00V036ZZZ}, deviceApiLevel: 27, deviceId: , deviceManufacturer: asus, deviceModel: ASUS_X00TD, deviceName: J5AXGF00V036ZZZ, deviceScreenDensity: 480, deviceScreenSize: 1080x2160, deviceUDID: J5AXGF00V036ZZZ, fullReset: false, javascriptEnabled: true, locationContextEnabled: false, networkConnectionEnabled: true, newCommandTimeout: 1800, noReset: true, pixelRatio: 3, platform: ANDROID, platformName: ANDROID, platformVersion: 8.1.0, statBarHeight: 72, takesScreenshot: true, udid: J5AXGF00V036ZZZ, viewportRect: {height: 1944, left: 0, top: 72, width: 1080}, warnings: {}, webStorageEnabled: false}
Session ID: dfc50318-94d4-4652-a820-cb098b01a9a7)]]></system-out>
         <system-err><![CDATA[2018-10-10 17:41:25 - [TEST_CASE][FAILED] - Test Cases/DONA 1st bod: Test Cases/DONA 1st bod FAILED because (of) Failed to tap on element 'Object Repository/My Home Credit Indonesia/DONA/android.widget.LinearLayout23' (Root cause: org.openqa.selenium.WebDriverException: An unknown server-side error occurred while processing the command. Original error: Could not proxy command to remote server. Original error: Error: read ECONNRESET (WARNING: The server did not provide any stacktrace information)
Command duration or timeout: 0 milliseconds
Build info: version: '3.7.1', revision: '8a0099a', time: '2017-11-06T21:07:36.161Z'
System info: host: 'ID-L1719', ip: '10.58.17.105', os.name: 'Windows 7', os.arch: 'amd64', os.version: '6.1', java.version: '1.8.0_181'
Driver info: com.kms.katalon.core.appium.driver.SwipeableAndroidDriver
Capabilities {app: C:\Users\pramudityo.pratant..., appPackage: id.co.myhomecredit.dev, appWaitActivity: id.co.homecredit.*, autoGrantPermissions: true, automationName: uiautomator2, databaseEnabled: false, desired: {app: C:\Users\pramudityo.pratant..., appWaitActivity: id.co.homecredit.*, autoGrantPermissions: true, automationName: uiautomator2, deviceId: , deviceName: asus ASUS_X00TD (Android 8...., fullReset: false, newCommandTimeout: 1800, noReset: true, platform: ANDROID, platformName: Android, udid: J5AXGF00V036ZZZ}, deviceApiLevel: 27, deviceId: , deviceManufacturer: asus, deviceModel: ASUS_X00TD, deviceName: J5AXGF00V036ZZZ, deviceScreenDensity: 480, deviceScreenSize: 1080x2160, deviceUDID: J5AXGF00V036ZZZ, fullReset: false, javascriptEnabled: true, locationContextEnabled: false, networkConnectionEnabled: true, newCommandTimeout: 1800, noReset: true, pixelRatio: 3, platform: ANDROID, platformName: ANDROID, platformVersion: 8.1.0, statBarHeight: 72, takesScreenshot: true, udid: J5AXGF00V036ZZZ, viewportRect: {height: 1944, left: 0, top: 72, width: 1080}, warnings: {}, webStorageEnabled: false}
Session ID: dfc50318-94d4-4652-a820-cb098b01a9a7)]]></system-err>
      </testcase>
      <system-out><![CDATA[2018-10-10 17:40:55 - [TEST_SUITE][FAILED] - DONA 1st BOD ONLINE: Test Cases/DONA 1st bod FAILED because (of) Failed to tap on element 'Object Repository/My Home Credit Indonesia/DONA/android.widget.LinearLayout23' (Root cause: org.openqa.selenium.WebDriverException: An unknown server-side error occurred while processing the command. Original error: Could not proxy command to remote server. Original error: Error: read ECONNRESET (WARNING: The server did not provide any stacktrace information)
Command duration or timeout: 0 milliseconds
Build info: version: '3.7.1', revision: '8a0099a', time: '2017-11-06T21:07:36.161Z'
System info: host: 'ID-L1719', ip: '10.58.17.105', os.name: 'Windows 7', os.arch: 'amd64', os.version: '6.1', java.version: '1.8.0_181'
Driver info: com.kms.katalon.core.appium.driver.SwipeableAndroidDriver
Capabilities {app: C:\Users\pramudityo.pratant..., appPackage: id.co.myhomecredit.dev, appWaitActivity: id.co.homecredit.*, autoGrantPermissions: true, automationName: uiautomator2, databaseEnabled: false, desired: {app: C:\Users\pramudityo.pratant..., appWaitActivity: id.co.homecredit.*, autoGrantPermissions: true, automationName: uiautomator2, deviceId: , deviceName: asus ASUS_X00TD (Android 8...., fullReset: false, newCommandTimeout: 1800, noReset: true, platform: ANDROID, platformName: Android, udid: J5AXGF00V036ZZZ}, deviceApiLevel: 27, deviceId: , deviceManufacturer: asus, deviceModel: ASUS_X00TD, deviceName: J5AXGF00V036ZZZ, deviceScreenDensity: 480, deviceScreenSize: 1080x2160, deviceUDID: J5AXGF00V036ZZZ, fullReset: false, javascriptEnabled: true, locationContextEnabled: false, networkConnectionEnabled: true, newCommandTimeout: 1800, noReset: true, pixelRatio: 3, platform: ANDROID, platformName: ANDROID, platformVersion: 8.1.0, statBarHeight: 72, takesScreenshot: true, udid: J5AXGF00V036ZZZ, viewportRect: {height: 1944, left: 0, top: 72, width: 1080}, warnings: {}, webStorageEnabled: false}
Session ID: dfc50318-94d4-4652-a820-cb098b01a9a7)]]></system-out>
      <system-err><![CDATA[2018-10-10 17:40:55 - [TEST_SUITE][FAILED] - DONA 1st BOD ONLINE: Test Cases/DONA 1st bod FAILED because (of) Failed to tap on element 'Object Repository/My Home Credit Indonesia/DONA/android.widget.LinearLayout23' (Root cause: org.openqa.selenium.WebDriverException: An unknown server-side error occurred while processing the command. Original error: Could not proxy command to remote server. Original error: Error: read ECONNRESET (WARNING: The server did not provide any stacktrace information)
Command duration or timeout: 0 milliseconds
Build info: version: '3.7.1', revision: '8a0099a', time: '2017-11-06T21:07:36.161Z'
System info: host: 'ID-L1719', ip: '10.58.17.105', os.name: 'Windows 7', os.arch: 'amd64', os.version: '6.1', java.version: '1.8.0_181'
Driver info: com.kms.katalon.core.appium.driver.SwipeableAndroidDriver
Capabilities {app: C:\Users\pramudityo.pratant..., appPackage: id.co.myhomecredit.dev, appWaitActivity: id.co.homecredit.*, autoGrantPermissions: true, automationName: uiautomator2, databaseEnabled: false, desired: {app: C:\Users\pramudityo.pratant..., appWaitActivity: id.co.homecredit.*, autoGrantPermissions: true, automationName: uiautomator2, deviceId: , deviceName: asus ASUS_X00TD (Android 8...., fullReset: false, newCommandTimeout: 1800, noReset: true, platform: ANDROID, platformName: Android, udid: J5AXGF00V036ZZZ}, deviceApiLevel: 27, deviceId: , deviceManufacturer: asus, deviceModel: ASUS_X00TD, deviceName: J5AXGF00V036ZZZ, deviceScreenDensity: 480, deviceScreenSize: 1080x2160, deviceUDID: J5AXGF00V036ZZZ, fullReset: false, javascriptEnabled: true, locationContextEnabled: false, networkConnectionEnabled: true, newCommandTimeout: 1800, noReset: true, pixelRatio: 3, platform: ANDROID, platformName: ANDROID, platformVersion: 8.1.0, statBarHeight: 72, takesScreenshot: true, udid: J5AXGF00V036ZZZ, viewportRect: {height: 1944, left: 0, top: 72, width: 1080}, warnings: {}, webStorageEnabled: false}
Session ID: dfc50318-94d4-4652-a820-cb098b01a9a7)]]></system-err>
   </testsuite>
</testsuites>
