<?xml version="1.0" encoding="UTF-8"?>
<testsuites name="DONA Telco (call me on calc DONA)" time="58" tests="1" failures="1" errors="0">
   <testsuite name="DONA Telco (call me on calc DONA)" tests="1" failures="1" errors="0" time="58" timestamp="2018-11-02 11:23:36" hostname="pramudityo.pratanto - ID-L1719.hcg.homecredit.net" id="Test Suites/DONA Telco (call me on calc DONA)">
      <properties>
         <property name="deviceName" value="asus ASUS_X00TD (Android 8.1.0)"/>
         <property name="devicePlatform" value=""/>
         <property name="logFolder" value="C:\\Users\\pramudityo.pratanto\\git\\MobileApp_HomeCredit_Indonesia_2.0\\Reports\\DONA Telco (call me on calc DONA)\\20181102_112333"/>
         <property name="logFiles" value="C:\\Users\\pramudityo.pratanto\\git\\MobileApp_HomeCredit_Indonesia_2.0\\Reports\\DONA Telco (call me on calc DONA)\\20181102_112333\\appium.log, C:\\Users\\pramudityo.pratanto\\git\\MobileApp_HomeCredit_Indonesia_2.0\\Reports\\DONA Telco (call me on calc DONA)\\20181102_112333\\execution0.log"/>
         <property name="attachments" value="C:\\Users\\pramudityo.pratanto\\git\\MobileApp_HomeCredit_Indonesia_2.0\\Reports\\DONA Telco (call me on calc DONA)\\20181102_112333\\1541132671630.png, C:\\Users\\pramudityo.pratanto\\git\\MobileApp_HomeCredit_Indonesia_2.0\\Reports\\DONA Telco (call me on calc DONA)\\20181102_112333\\1541132673142.png"/>
         <property name="hostName" value="pramudityo.pratanto - ID-L1719.hcg.homecredit.net"/>
         <property name="os" value="Windows 7 64bit"/>
         <property name="katalonVersion" value="5.6.0.1"/>
         <property name="deviceOS" value="Android"/>
         <property name="appiumVersion" value="1.8.1"/>
         <property name="deviceModel" value="ASUS_X00TD"/>
         <property name="hostAddress" value="10.58.29.236"/>
         <property name="deviceManufacturer" value="asus"/>
         <property name="deviceId" value="J5AXGF00V036ZZZ"/>
         <property name="deviceName" value="asus ASUS_X00TD (Android 8.1.0)"/>
         <property name="deviceOSVersion" value="8.1.0"/>
      </properties>
      <testcase name="Test Cases/Open" classname="Test Cases/Open" status="PASSED">
         <system-out><![CDATA[2018-11-02 11:23:36 - [TEST_CASE][PASSED] - Test Cases/Open: Test Cases/Open

2018-11-02 11:23:37 - [TEST_STEP][PASSED] - startApplication: Started app at: 'C:\Users\pramudityo.pratanto\Desktop\Katalon Update\appv2-development-universal-debug (1).apk'

2018-11-02 11:24:09 - [MESSAGE][PASSED] - Started app at: 'C:\Users\pramudityo.pratanto\Desktop\Katalon Update\appv2-development-universal-debug (1).apk']]></system-out>
         <system-err><![CDATA[]]></system-err>
      </testcase>
      <testcase name="Test Cases/DONA Telco" classname="Test Cases/DONA Telco" status="FAILED">
         <failure type="FAILED" message="Failed to tap on element 'Object Repository/My Home Credit Indonesia/DONA/DONA Telco/android.widget.TextView8 - AJUKAN SEKARANG' (Root cause: Object Object Repository/My Home Credit Indonesia/DONA/DONA Telco/android.widget.TextView8 - AJUKAN SEKARANG not found)"/>
         <system-out><![CDATA[2018-11-02 11:24:09 - [TEST_CASE][FAILED] - Test Cases/DONA Telco: Test Cases/DONA Telco FAILED because (of) Failed to tap on element 'Object Repository/My Home Credit Indonesia/DONA/DONA Telco/android.widget.TextView8 - AJUKAN SEKARANG' (Root cause: Object Object Repository/My Home Credit Indonesia/DONA/DONA Telco/android.widget.TextView8 - AJUKAN SEKARANG not found)

2018-11-02 11:24:09 - [TEST_STEP][PASSED] - delay: Delayed 15 second(s)

2018-11-02 11:24:24 - [MESSAGE][PASSED] - Delayed 15 second(s)

2018-11-02 11:24:24 - [TEST_STEP][PASSED] - tap: Tapped on element 'Object Repository/My Home Credit Indonesia/DONA/DONA Telco/android.widget.ImageView5'

2018-11-02 11:24:28 - [MESSAGE][PASSED] - Tapped on element 'Object Repository/My Home Credit Indonesia/DONA/DONA Telco/android.widget.ImageView5'

2018-11-02 11:24:28 - [TEST_STEP][FAILED] - tap: Failed to tap on element 'Object Repository/My Home Credit Indonesia/DONA/DONA Telco/android.widget.TextView8 - AJUKAN SEKARANG' (Root cause: Object Object Repository/My Home Credit Indonesia/DONA/DONA Telco/android.widget.TextView8 - AJUKAN SEKARANG not found)

2018-11-02 11:24:33 - [MESSAGE][FAILED] - Object Object Repository/My Home Credit Indonesia/DONA/DONA Telco/android.widget.TextView8 - AJUKAN SEKARANG not found
[[ATTACHMENT|C:\\Users\\pramudityo.pratanto\\git\\MobileApp_HomeCredit_Indonesia_2.0\\Reports\\DONA Telco (call me on calc DONA)\\20181102_112333\\1541132671630.png]]

2018-11-02 11:24:34 - [MESSAGE][FAILED] - Failed to tap on element 'Object Repository/My Home Credit Indonesia/DONA/DONA Telco/android.widget.TextView8 - AJUKAN SEKARANG' (Root cause: Object Object Repository/My Home Credit Indonesia/DONA/DONA Telco/android.widget.TextView8 - AJUKAN SEKARANG not found)
[[ATTACHMENT|C:\\Users\\pramudityo.pratanto\\git\\MobileApp_HomeCredit_Indonesia_2.0\\Reports\\DONA Telco (call me on calc DONA)\\20181102_112333\\1541132673142.png]]]]></system-out>
         <system-err><![CDATA[2018-11-02 11:24:09 - [TEST_CASE][FAILED] - Test Cases/DONA Telco: Test Cases/DONA Telco FAILED because (of) Failed to tap on element 'Object Repository/My Home Credit Indonesia/DONA/DONA Telco/android.widget.TextView8 - AJUKAN SEKARANG' (Root cause: Object Object Repository/My Home Credit Indonesia/DONA/DONA Telco/android.widget.TextView8 - AJUKAN SEKARANG not found)]]></system-err>
      </testcase>
      <system-out><![CDATA[2018-11-02 11:23:36 - [TEST_SUITE][FAILED] - DONA Telco (call me on calc DONA): Test Cases/DONA Telco FAILED because (of) Failed to tap on element 'Object Repository/My Home Credit Indonesia/DONA/DONA Telco/android.widget.TextView8 - AJUKAN SEKARANG' (Root cause: Object Object Repository/My Home Credit Indonesia/DONA/DONA Telco/android.widget.TextView8 - AJUKAN SEKARANG not found)]]></system-out>
      <system-err><![CDATA[2018-11-02 11:23:36 - [TEST_SUITE][FAILED] - DONA Telco (call me on calc DONA): Test Cases/DONA Telco FAILED because (of) Failed to tap on element 'Object Repository/My Home Credit Indonesia/DONA/DONA Telco/android.widget.TextView8 - AJUKAN SEKARANG' (Root cause: Object Object Repository/My Home Credit Indonesia/DONA/DONA Telco/android.widget.TextView8 - AJUKAN SEKARANG not found)]]></system-err>
   </testsuite>
</testsuites>
