<?xml version="1.0" encoding="UTF-8"?>
<testsuites name="DONA 1st BOD ONLINE" time="255" tests="2" failures="0" errors="0">
   <testsuite name="DONA 1st BOD ONLINE" tests="2" failures="0" errors="0" time="255" timestamp="2018-10-10 17:45:18" hostname="pramudityo.pratanto - ID-L1719.hcg.homecredit.net" id="Test Suites/DONA 1st BOD ONLINE">
      <properties>
         <property name="deviceName" value="asus ASUS_X00TD (Android 8.1.0)"/>
         <property name="devicePlatform" value=""/>
         <property name="logFolder" value="C:\\Users\\pramudityo.pratanto\\git\\MobileApp_HomeCredit_Indonesia_2.0\\Reports\\DONA 1st BOD ONLINE\\20181010_174516"/>
         <property name="logFiles" value="C:\\Users\\pramudityo.pratanto\\git\\MobileApp_HomeCredit_Indonesia_2.0\\Reports\\DONA 1st BOD ONLINE\\20181010_174516\\appium.log, C:\\Users\\pramudityo.pratanto\\git\\MobileApp_HomeCredit_Indonesia_2.0\\Reports\\DONA 1st BOD ONLINE\\20181010_174516\\execution0.log"/>
         <property name="attachments" value=""/>
         <property name="hostName" value="pramudityo.pratanto - ID-L1719.hcg.homecredit.net"/>
         <property name="os" value="Windows 7 64bit"/>
         <property name="katalonVersion" value="5.6.0.1"/>
         <property name="deviceOS" value="Android"/>
         <property name="appiumVersion" value="1.8.1"/>
         <property name="deviceModel" value="ASUS_X00TD"/>
         <property name="hostAddress" value="10.58.17.105"/>
         <property name="deviceManufacturer" value="asus"/>
         <property name="deviceId" value="J5AXGF00V036ZZZ"/>
         <property name="deviceName" value="asus ASUS_X00TD (Android 8.1.0)"/>
         <property name="deviceOSVersion" value="8.1.0"/>
      </properties>
      <testcase name="Test Cases/Open" classname="Test Cases/Open" status="PASSED">
         <system-out><![CDATA[2018-10-10 17:45:19 - [TEST_CASE][PASSED] - Test Cases/Open: Test Cases/Open

2018-10-10 17:45:19 - [TEST_STEP][PASSED] - startApplication: Started app at: 'C:\Users\pramudityo.pratanto\Desktop\Katalon Update\appv2-development-universal-debug (1).apk'

2018-10-10 17:45:49 - [MESSAGE][PASSED] - Started app at: 'C:\Users\pramudityo.pratanto\Desktop\Katalon Update\appv2-development-universal-debug (1).apk']]></system-out>
         <system-err><![CDATA[]]></system-err>
      </testcase>
      <testcase name="Test Cases/DONA 1st bod" classname="Test Cases/DONA 1st bod" status="PASSED">
         <system-out><![CDATA[2018-10-10 17:45:49 - [TEST_CASE][PASSED] - Test Cases/DONA 1st bod: Test Cases/DONA 1st bod

2018-10-10 17:45:50 - [TEST_STEP][PASSED] - delay: Delayed 7 second(s)

2018-10-10 17:45:57 - [MESSAGE][PASSED] - Delayed 7 second(s)

2018-10-10 17:45:57 - [TEST_STEP][PASSED] - tap: Tapped on element 'Object Repository/My Home Credit Indonesia/DONA/android.widget.ImageView5 (Dona Banner 2)'

2018-10-10 17:46:01 - [MESSAGE][PASSED] - Tapped on element 'Object Repository/My Home Credit Indonesia/DONA/android.widget.ImageView5 (Dona Banner 2)'

2018-10-10 17:46:01 - [TEST_STEP][PASSED] - tap: Tapped on element 'Object Repository/My Home Credit Indonesia/DONA/android.widget.TextView6 - AJUKAN SEKARANG'

2018-10-10 17:46:04 - [MESSAGE][PASSED] - Tapped on element 'Object Repository/My Home Credit Indonesia/DONA/android.widget.TextView6 - AJUKAN SEKARANG'

2018-10-10 17:46:05 - [TEST_STEP][PASSED] - tap: Tapped on element 'Object Repository/My Home Credit Indonesia/DONA/android.widget.TextView4 - LANJUTKAN (1)'

2018-10-10 17:46:07 - [MESSAGE][PASSED] - Tapped on element 'Object Repository/My Home Credit Indonesia/DONA/android.widget.TextView4 - LANJUTKAN (1)'

2018-10-10 17:46:07 - [TEST_STEP][PASSED] - tap: Tapped on element 'Object Repository/My Home Credit Indonesia/DONA/android.widget.TextView7 - MULAI PENGAJUAN (1)'

2018-10-10 17:46:12 - [MESSAGE][PASSED] - Tapped on element 'Object Repository/My Home Credit Indonesia/DONA/android.widget.TextView7 - MULAI PENGAJUAN (1)'

2018-10-10 17:46:12 - [TEST_STEP][PASSED] - tap: Tapped on element 'Object Repository/My Home Credit Indonesia/DONA/android.widget.ImageView1 (3)'

2018-10-10 17:46:14 - [MESSAGE][PASSED] - Tapped on element 'Object Repository/My Home Credit Indonesia/DONA/android.widget.ImageView1 (3)'

2018-10-10 17:46:14 - [TEST_STEP][PASSED] - tap: Tapped on element 'Object Repository/My Home Credit Indonesia/DONA/android.widget.TextView9 - LANJUTKAN (1)'

2018-10-10 17:46:24 - [MESSAGE][PASSED] - Tapped on element 'Object Repository/My Home Credit Indonesia/DONA/android.widget.TextView9 - LANJUTKAN (1)'

2018-10-10 17:46:25 - [TEST_STEP][PASSED] - tap: Tapped on element 'Object Repository/My Home Credit Indonesia/DONA/android.widget.TextView0 - GANTI KAMERA (1)'

2018-10-10 17:47:47 - [MESSAGE][PASSED] - Tapped on element 'Object Repository/My Home Credit Indonesia/DONA/android.widget.TextView0 - GANTI KAMERA (1)'

2018-10-10 17:47:47 - [TEST_STEP][PASSED] - tap: Tapped on element 'Object Repository/My Home Credit Indonesia/DONA/android.widget.ImageView10'

2018-10-10 17:47:51 - [MESSAGE][PASSED] - Tapped on element 'Object Repository/My Home Credit Indonesia/DONA/android.widget.ImageView10'

2018-10-10 17:47:51 - [TEST_STEP][PASSED] - tap: Tapped on element 'Object Repository/My Home Credit Indonesia/DONA/android.widget.ImageView2'

2018-10-10 17:47:53 - [MESSAGE][PASSED] - Tapped on element 'Object Repository/My Home Credit Indonesia/DONA/android.widget.ImageView2'

2018-10-10 17:47:53 - [TEST_STEP][PASSED] - tap: Tapped on element 'Object Repository/My Home Credit Indonesia/DONA/android.widget.TextView2 - LANJUTKAN'

2018-10-10 17:47:57 - [MESSAGE][PASSED] - Tapped on element 'Object Repository/My Home Credit Indonesia/DONA/android.widget.TextView2 - LANJUTKAN'

2018-10-10 17:47:57 - [TEST_STEP][PASSED] - tap: Tapped on element 'Object Repository/My Home Credit Indonesia/DONA/android.widget.ImageView2 (1)'

2018-10-10 17:48:00 - [MESSAGE][PASSED] - Tapped on element 'Object Repository/My Home Credit Indonesia/DONA/android.widget.ImageView2 (1)'

2018-10-10 17:48:00 - [TEST_STEP][PASSED] - scrollToText: Scrolling to text 'LANJUTKAN' successfully

2018-10-10 17:48:04 - [MESSAGE][PASSED] - Scrolling to text 'LANJUTKAN' successfully

2018-10-10 17:48:04 - [TEST_STEP][PASSED] - tap: Tapped on element 'Object Repository/My Home Credit Indonesia/DONA/android.widget.TextView15 - LANJUTKAN'

2018-10-10 17:48:06 - [MESSAGE][PASSED] - Tapped on element 'Object Repository/My Home Credit Indonesia/DONA/android.widget.TextView15 - LANJUTKAN'

2018-10-10 17:48:06 - [TEST_STEP][PASSED] - tap: Tapped on element 'Object Repository/My Home Credit Indonesia/DONA/android.widget.ImageButton1 (2)'

2018-10-10 17:48:07 - [MESSAGE][PASSED] - Tapped on element 'Object Repository/My Home Credit Indonesia/DONA/android.widget.ImageButton1 (2)'

2018-10-10 17:48:07 - [TEST_STEP][PASSED] - tap: Tapped on element 'Object Repository/My Home Credit Indonesia/DONA/android.widget.TextView2 - LANJUTKAN (1)'

2018-10-10 17:48:12 - [MESSAGE][PASSED] - Tapped on element 'Object Repository/My Home Credit Indonesia/DONA/android.widget.TextView2 - LANJUTKAN (1)'

2018-10-10 17:48:12 - [TEST_STEP][PASSED] - tap: Tapped on element 'Object Repository/My Home Credit Indonesia/DONA/android.widget.TextView1 - MULAI PENGAJUAN'

2018-10-10 17:48:15 - [MESSAGE][PASSED] - Tapped on element 'Object Repository/My Home Credit Indonesia/DONA/android.widget.TextView1 - MULAI PENGAJUAN'

2018-10-10 17:48:15 - [TEST_STEP][PASSED] - setText: Text '0108501701931125' has been set to element 'Object Repository/My Home Credit Indonesia/DONA/android.widget.EditText0'

2018-10-10 17:48:18 - [MESSAGE][PASSED] - Text '0108501701931125' has been set to element 'Object Repository/My Home Credit Indonesia/DONA/android.widget.EditText0'

2018-10-10 17:48:18 - [TEST_STEP][PASSED] - setText: Text 'DONNAATTT LAGII' has been set to element 'Object Repository/My Home Credit Indonesia/DONA/android.widget.EditText1'

2018-10-10 17:48:20 - [MESSAGE][PASSED] - Text 'DONNAATTT LAGII' has been set to element 'Object Repository/My Home Credit Indonesia/DONA/android.widget.EditText1'

2018-10-10 17:48:20 - [TEST_STEP][PASSED] - setText: Text 'DOUNAT' has been set to element 'Object Repository/My Home Credit Indonesia/DONA/android.widget.EditText2'

2018-10-10 17:48:22 - [MESSAGE][PASSED] - Text 'DOUNAT' has been set to element 'Object Repository/My Home Credit Indonesia/DONA/android.widget.EditText2'

2018-10-10 17:48:22 - [TEST_STEP][PASSED] - setText: Text 'Jakarta' has been set to element 'Object Repository/My Home Credit Indonesia/DONA/android.widget.EditText3'

2018-10-10 17:48:24 - [MESSAGE][PASSED] - Text 'Jakarta' has been set to element 'Object Repository/My Home Credit Indonesia/DONA/android.widget.EditText3'

2018-10-10 17:48:24 - [TEST_STEP][PASSED] - scrollToText: Scrolling to text 'LANJUT ISI KONTAK' successfully

2018-10-10 17:48:29 - [MESSAGE][PASSED] - Scrolling to text 'LANJUT ISI KONTAK' successfully

2018-10-10 17:48:29 - [TEST_STEP][PASSED] - setText: Text 'MOMMMYY DONAT' has been set to element 'Object Repository/My Home Credit Indonesia/DONA/android.widget.EditText1 (1)'

2018-10-10 17:48:30 - [MESSAGE][PASSED] - Text 'MOMMMYY DONAT' has been set to element 'Object Repository/My Home Credit Indonesia/DONA/android.widget.EditText1 (1)'

2018-10-10 17:48:30 - [TEST_STEP][PASSED] - tap: Tapped on element 'Object Repository/My Home Credit Indonesia/DONA/android.widget.TextView3 - LANJUT ISI KONTAK'

2018-10-10 17:48:33 - [MESSAGE][PASSED] - Tapped on element 'Object Repository/My Home Credit Indonesia/DONA/android.widget.TextView3 - LANJUT ISI KONTAK'

2018-10-10 17:48:33 - [TEST_STEP][PASSED] - setText: Text 'hcis8mobile@gmail.com' has been set to element 'Object Repository/My Home Credit Indonesia/DONA/android.widget.EditText1 (2)'

2018-10-10 17:48:35 - [MESSAGE][PASSED] - Text 'hcis8mobile@gmail.com' has been set to element 'Object Repository/My Home Credit Indonesia/DONA/android.widget.EditText1 (2)'

2018-10-10 17:48:35 - [TEST_STEP][PASSED] - tap: Tapped on element 'Object Repository/My Home Credit Indonesia/DONA/android.widget.TextView8 - LANJUT ISI ALAMAT'

2018-10-10 17:48:38 - [MESSAGE][PASSED] - Tapped on element 'Object Repository/My Home Credit Indonesia/DONA/android.widget.TextView8 - LANJUT ISI ALAMAT'

2018-10-10 17:48:38 - [TEST_STEP][PASSED] - setText: Text 'Testing jalan ktp donnaa' has been set to element 'Object Repository/My Home Credit Indonesia/DONA/android.widget.EditText0 (1)'

2018-10-10 17:48:40 - [MESSAGE][PASSED] - Text 'Testing jalan ktp donnaa' has been set to element 'Object Repository/My Home Credit Indonesia/DONA/android.widget.EditText0 (1)'

2018-10-10 17:48:40 - [TEST_STEP][PASSED] - tap: Tapped on element 'Object Repository/My Home Credit Indonesia/DONA/android.widget.LinearLayout23'

2018-10-10 17:48:40 - [MESSAGE][WARNING] - Timeout '0' is invalid. Using default page load timeout: '60'

2018-10-10 17:48:43 - [MESSAGE][PASSED] - Tapped on element 'Object Repository/My Home Credit Indonesia/DONA/android.widget.LinearLayout23'

2018-10-10 17:48:43 - [TEST_STEP][PASSED] - tap: Tapped on element 'Object Repository/My Home Credit Indonesia/DONA/android.widget.TextView5 - Aceh Selatan'

2018-10-10 17:48:45 - [MESSAGE][PASSED] - Tapped on element 'Object Repository/My Home Credit Indonesia/DONA/android.widget.TextView5 - Aceh Selatan'

2018-10-10 17:48:45 - [TEST_STEP][PASSED] - tap: Tapped on element 'Object Repository/My Home Credit Indonesia/DONA/android.widget.LinearLayout24'

2018-10-10 17:48:45 - [MESSAGE][WARNING] - Timeout '0' is invalid. Using default page load timeout: '60'

2018-10-10 17:48:47 - [MESSAGE][PASSED] - Tapped on element 'Object Repository/My Home Credit Indonesia/DONA/android.widget.LinearLayout24'

2018-10-10 17:48:47 - [TEST_STEP][PASSED] - tap: Tapped on element 'Object Repository/My Home Credit Indonesia/DONA/android.widget.TextView7 - Kota Bahagia'

2018-10-10 17:48:48 - [MESSAGE][PASSED] - Tapped on element 'Object Repository/My Home Credit Indonesia/DONA/android.widget.TextView7 - Kota Bahagia'

2018-10-10 17:48:48 - [TEST_STEP][PASSED] - tap: Tapped on element 'Object Repository/My Home Credit Indonesia/DONA/android.widget.TextView13 - -Pilih-'

2018-10-10 17:48:50 - [MESSAGE][PASSED] - Tapped on element 'Object Repository/My Home Credit Indonesia/DONA/android.widget.TextView13 - -Pilih-'

2018-10-10 17:48:50 - [TEST_STEP][PASSED] - tap: Tapped on element 'Object Repository/My Home Credit Indonesia/DONA/android.widget.TextView1 - Alur Dua Mas'

2018-10-10 17:48:52 - [MESSAGE][PASSED] - Tapped on element 'Object Repository/My Home Credit Indonesia/DONA/android.widget.TextView1 - Alur Dua Mas'

2018-10-10 17:48:52 - [TEST_STEP][PASSED] - setText: Text '1' has been set to element 'Object Repository/My Home Credit Indonesia/DONA/android.widget.EditText1 (3)'

2018-10-10 17:48:53 - [MESSAGE][PASSED] - Text '1' has been set to element 'Object Repository/My Home Credit Indonesia/DONA/android.widget.EditText1 (3)'

2018-10-10 17:48:53 - [TEST_STEP][PASSED] - setText: Text '2' has been set to element 'Object Repository/My Home Credit Indonesia/DONA/android.widget.EditText2 (1)'

2018-10-10 17:48:55 - [MESSAGE][PASSED] - Text '2' has been set to element 'Object Repository/My Home Credit Indonesia/DONA/android.widget.EditText2 (1)'

2018-10-10 17:48:55 - [TEST_STEP][PASSED] - scrollToText: Scrolling to text 'LANJUT ISI PENGHASILAN' successfully

2018-10-10 17:48:59 - [MESSAGE][PASSED] - Scrolling to text 'LANJUT ISI PENGHASILAN' successfully

2018-10-10 17:49:00 - [TEST_STEP][PASSED] - tap: Tapped on element 'Object Repository/My Home Credit Indonesia/DONA/android.widget.TextView11 - LANJUT ISI PENGHASILAN'

2018-10-10 17:49:02 - [MESSAGE][PASSED] - Tapped on element 'Object Repository/My Home Credit Indonesia/DONA/android.widget.TextView11 - LANJUT ISI PENGHASILAN'

2018-10-10 17:49:02 - [TEST_STEP][PASSED] - tap: Tapped on element 'Object Repository/My Home Credit Indonesia/DONA/android.widget.TextView10 - --Pilih--'

2018-10-10 17:49:04 - [MESSAGE][PASSED] - Tapped on element 'Object Repository/My Home Credit Indonesia/DONA/android.widget.TextView10 - --Pilih--'

2018-10-10 17:49:04 - [TEST_STEP][PASSED] - tap: Tapped on element 'Object Repository/My Home Credit Indonesia/DONA/android.widget.TextView1 - KaryawanSwasta'

2018-10-10 17:49:05 - [MESSAGE][PASSED] - Tapped on element 'Object Repository/My Home Credit Indonesia/DONA/android.widget.TextView1 - KaryawanSwasta'

2018-10-10 17:49:05 - [TEST_STEP][PASSED] - setText: Text '15000000' has been set to element 'Object Repository/My Home Credit Indonesia/DONA/android.widget.EditText0 (2)'

2018-10-10 17:49:07 - [MESSAGE][PASSED] - Text '15000000' has been set to element 'Object Repository/My Home Credit Indonesia/DONA/android.widget.EditText0 (2)'

2018-10-10 17:49:07 - [TEST_STEP][PASSED] - setText: Text '0' has been set to element 'Object Repository/My Home Credit Indonesia/DONA/android.widget.EditText1 (4)'

2018-10-10 17:49:08 - [MESSAGE][PASSED] - Text '0' has been set to element 'Object Repository/My Home Credit Indonesia/DONA/android.widget.EditText1 (4)'

2018-10-10 17:49:08 - [TEST_STEP][PASSED] - tap: Tapped on element 'Object Repository/My Home Credit Indonesia/DONA/android.widget.TextView16 - LIHAT RANGKUMAN'

2018-10-10 17:49:11 - [MESSAGE][PASSED] - Tapped on element 'Object Repository/My Home Credit Indonesia/DONA/android.widget.TextView16 - LIHAT RANGKUMAN'

2018-10-10 17:49:11 - [TEST_STEP][PASSED] - scrollToText: Scrolling to text 'AJUKAN PINJAMAN' successfully

2018-10-10 17:49:19 - [MESSAGE][PASSED] - Scrolling to text 'AJUKAN PINJAMAN' successfully

2018-10-10 17:49:19 - [TEST_STEP][PASSED] - tap: Tapped on element 'Object Repository/My Home Credit Indonesia/DONA/android.widget.CheckBox0'

2018-10-10 17:49:20 - [MESSAGE][PASSED] - Tapped on element 'Object Repository/My Home Credit Indonesia/DONA/android.widget.CheckBox0'

2018-10-10 17:49:20 - [TEST_STEP][PASSED] - tap: Tapped on element 'Object Repository/My Home Credit Indonesia/DONA/android.widget.TextView16 - AJUKAN PINJAMAN'

2018-10-10 17:49:24 - [MESSAGE][PASSED] - Tapped on element 'Object Repository/My Home Credit Indonesia/DONA/android.widget.TextView16 - AJUKAN PINJAMAN'

2018-10-10 17:49:24 - [TEST_STEP][PASSED] - tap: Tapped on element 'Object Repository/My Home Credit Indonesia/DONA/android.widget.Button0 - LANJUTKAN'

2018-10-10 17:49:27 - [MESSAGE][PASSED] - Tapped on element 'Object Repository/My Home Credit Indonesia/DONA/android.widget.Button0 - LANJUTKAN'

2018-10-10 17:49:27 - [TEST_STEP][PASSED] - tap: Tapped on element 'Object Repository/My Home Credit Indonesia/DONA/android.widget.TextView1 - Selesai'

2018-10-10 17:49:32 - [MESSAGE][PASSED] - Tapped on element 'Object Repository/My Home Credit Indonesia/DONA/android.widget.TextView1 - Selesai'

2018-10-10 17:49:32 - [TEST_STEP][PASSED] - pressBack: Press back button successfully

2018-10-10 17:49:33 - [MESSAGE][PASSED] - Press back button successfully]]></system-out>
         <system-err><![CDATA[]]></system-err>
      </testcase>
      <system-out><![CDATA[2018-10-10 17:45:18 - [TEST_SUITE][PASSED] - DONA 1st BOD ONLINE: Test Cases/DONA 1st bod]]></system-out>
      <system-err><![CDATA[]]></system-err>
   </testsuite>
</testsuites>
