<?xml version="1.0" encoding="UTF-8"?>
<testsuites name="DONA 1st BOD" time="65" tests="1" failures="0" errors="0">
   <testsuite name="DONA 1st BOD" tests="1" failures="0" errors="0" time="65" timestamp="2018-10-04 18:49:46" hostname="pramudityo.pratanto - ID-L1719.hcg.homecredit.net" id="Test Suites/DONA 1st BOD">
      <properties>
         <property name="deviceName" value="asus ASUS_X00TD (Android 8.1.0)"/>
         <property name="devicePlatform" value=""/>
         <property name="logFolder" value="C:\\Users\\pramudityo.pratanto\\git\\MobileApp_HomeCredit_Indonesia_2.0\\Reports\\DONA 1st BOD\\20181004_184944"/>
         <property name="logFiles" value="C:\\Users\\pramudityo.pratanto\\git\\MobileApp_HomeCredit_Indonesia_2.0\\Reports\\DONA 1st BOD\\20181004_184944\\appium.log, C:\\Users\\pramudityo.pratanto\\git\\MobileApp_HomeCredit_Indonesia_2.0\\Reports\\DONA 1st BOD\\20181004_184944\\execution0.log"/>
         <property name="attachments" value=""/>
         <property name="hostName" value="pramudityo.pratanto - ID-L1719.hcg.homecredit.net"/>
         <property name="os" value="Windows 7 64bit"/>
         <property name="katalonVersion" value="5.6.0.1"/>
         <property name="deviceOS" value="Android"/>
         <property name="appiumVersion" value="1.8.1"/>
         <property name="deviceModel" value="ASUS_X00TD"/>
         <property name="hostAddress" value="10.58.29.152"/>
         <property name="deviceManufacturer" value="asus"/>
         <property name="deviceId" value="J5AXGF00V036ZZZ"/>
         <property name="deviceName" value="asus ASUS_X00TD (Android 8.1.0)"/>
         <property name="deviceOSVersion" value="8.1.0"/>
      </properties>
      <testcase name="Test Cases/Open" classname="Test Cases/Open" status="PASSED">
         <system-out><![CDATA[2018-10-04 18:49:46 - [TEST_CASE][PASSED] - Test Cases/Open: Test Cases/Open

2018-10-04 18:49:46 - [TEST_STEP][PASSED] - startApplication: Started app at: 'C:\Users\pramudityo.pratanto\Desktop\Katalon Update\appv2-development-universal-debug (1).apk'

2018-10-04 18:50:17 - [MESSAGE][PASSED] - Started app at: 'C:\Users\pramudityo.pratanto\Desktop\Katalon Update\appv2-development-universal-debug (1).apk']]></system-out>
         <system-err><![CDATA[]]></system-err>
      </testcase>
      <testcase name="Test Cases/DONA Offline 1st bod" classname="Test Cases/DONA Offline 1st bod" status="INCOMPLETE">
         <system-out><![CDATA[2018-10-04 18:50:17 - [TEST_CASE][INCOMPLETE] - Test Cases/DONA Offline 1st bod: null

2018-10-04 18:50:17 - [TEST_STEP][PASSED] - startApplication: Started app at: 'C:\Users\pramudityo.pratanto\Desktop\Katalon Update\appv2-development-universal-debug (1).apk'

2018-10-04 18:50:51 - [MESSAGE][PASSED] - Started app at: 'C:\Users\pramudityo.pratanto\Desktop\Katalon Update\appv2-development-universal-debug (1).apk'

2018-10-04 18:50:51 - [TEST_STEP][INCOMPLETE] - tap: Timeout '0' is invalid. Using default page load timeout: '60'

2018-10-04 18:50:51 - [MESSAGE][WARNING] - Timeout '0' is invalid. Using default page load timeout: '60']]></system-out>
         <system-err><![CDATA[2018-10-04 18:50:17 - [TEST_CASE][INCOMPLETE] - Test Cases/DONA Offline 1st bod: null]]></system-err>
      </testcase>
      <system-out><![CDATA[2018-10-04 18:49:46 - [TEST_SUITE][INCOMPLETE] - DONA 1st BOD: null]]></system-out>
      <system-err><![CDATA[2018-10-04 18:49:46 - [TEST_SUITE][INCOMPLETE] - DONA 1st BOD: null]]></system-err>
   </testsuite>
</testsuites>
