<?xml version="1.0" encoding="UTF-8"?>
<testsuites name="Testing Flexifast" time="161" tests="4" failures="0" errors="0">
   <testsuite name="Testing Flexifast" tests="4" failures="0" errors="0" time="161" timestamp="2018-10-02 12:00:40" hostname="pramudityo.pratanto - ID-L1719.hcg.homecredit.net" id="Test Suites/Testing Flexifast">
      <properties>
         <property name="deviceName" value="asus ASUS_X00TD (Android 8.1.0)"/>
         <property name="devicePlatform" value=""/>
         <property name="logFolder" value="C:\\Users\\pramudityo.pratanto\\git\\MobileApp_HomeCredit_Indonesia_2.0\\Reports\\Testing Flexifast\\20181002_120038"/>
         <property name="logFiles" value="C:\\Users\\pramudityo.pratanto\\git\\MobileApp_HomeCredit_Indonesia_2.0\\Reports\\Testing Flexifast\\20181002_120038\\appium.log, C:\\Users\\pramudityo.pratanto\\git\\MobileApp_HomeCredit_Indonesia_2.0\\Reports\\Testing Flexifast\\20181002_120038\\execution0.log"/>
         <property name="attachments" value=""/>
         <property name="hostName" value="pramudityo.pratanto - ID-L1719.hcg.homecredit.net"/>
         <property name="os" value="Windows 7 64bit"/>
         <property name="katalonVersion" value="5.6.0.1"/>
         <property name="deviceOS" value="Android"/>
         <property name="appiumVersion" value="1.8.1"/>
         <property name="deviceModel" value="ASUS_X00TD"/>
         <property name="hostAddress" value="10.58.29.152"/>
         <property name="deviceManufacturer" value="asus"/>
         <property name="deviceId" value="J5AXGF00V036ZZZ"/>
         <property name="deviceName" value="asus ASUS_X00TD (Android 8.1.0)"/>
         <property name="deviceOSVersion" value="8.1.0"/>
      </properties>
      <testcase name="Test Cases/Open" classname="Test Cases/Open" status="PASSED">
         <system-out><![CDATA[2018-10-02 12:00:40 - [TEST_CASE][PASSED] - Test Cases/Open: Test Cases/Open

2018-10-02 12:00:41 - [TEST_STEP][PASSED] - startApplication: Started app at: 'C:\Users\pramudityo.pratanto\Desktop\Katalon Update\appv2-development-universal-debug (1).apk'

2018-10-02 12:01:10 - [MESSAGE][PASSED] - Started app at: 'C:\Users\pramudityo.pratanto\Desktop\Katalon Update\appv2-development-universal-debug (1).apk']]></system-out>
         <system-err><![CDATA[]]></system-err>
      </testcase>
      <testcase name="Test Cases/Login" classname="Test Cases/Login" status="PASSED">
         <system-out><![CDATA[2018-10-02 12:01:10 - [TEST_CASE][PASSED] - Test Cases/Login: Test Cases/Login

2018-10-02 12:01:11 - [TEST_STEP][PASSED] - setText: Text '81213254451' has been set to element 'Object Repository/My Home Credit Indonesia/android.widget.EditText0 - Masukkan No. Handphone Anda'

2018-10-02 12:01:14 - [MESSAGE][PASSED] - Text '81213254451' has been set to element 'Object Repository/My Home Credit Indonesia/android.widget.EditText0 - Masukkan No. Handphone Anda'

2018-10-02 12:01:14 - [TEST_STEP][PASSED] - setText: Text '1111' has been set to element 'Object Repository/My Home Credit Indonesia/android.widget.EditText1 - Masukkan Kode PIN'

2018-10-02 12:01:16 - [MESSAGE][PASSED] - Text '1111' has been set to element 'Object Repository/My Home Credit Indonesia/android.widget.EditText1 - Masukkan Kode PIN'

2018-10-02 12:01:16 - [TEST_STEP][PASSED] - tap: Tapped on element 'Object Repository/My Home Credit Indonesia/android.widget.Button0 - LOGIN'

2018-10-02 12:01:18 - [MESSAGE][PASSED] - Tapped on element 'Object Repository/My Home Credit Indonesia/android.widget.Button0 - LOGIN']]></system-out>
         <system-err><![CDATA[]]></system-err>
      </testcase>
      <testcase name="Test Cases/Flexifast" classname="Test Cases/Flexifast" status="PASSED">
         <system-out><![CDATA[2018-10-02 12:01:18 - [TEST_CASE][PASSED] - Test Cases/Flexifast: Test Cases/Flexifast

2018-10-02 12:01:19 - [TEST_STEP][PASSED] - tap: Tapped on element 'Object Repository/My Home Credit Indonesia/android.widget.TextView10 - Renovasi Rumah'

2018-10-02 12:01:23 - [MESSAGE][PASSED] - Tapped on element 'Object Repository/My Home Credit Indonesia/android.widget.TextView10 - Renovasi Rumah'

2018-10-02 12:01:23 - [TEST_STEP][PASSED] - tap: Tapped on element 'Object Repository/My Home Credit Indonesia/android.widget.TextView9 - Daftar Sekarang'

2018-10-02 12:01:26 - [MESSAGE][PASSED] - Tapped on element 'Object Repository/My Home Credit Indonesia/android.widget.TextView9 - Daftar Sekarang'

2018-10-02 12:01:26 - [TEST_STEP][PASSED] - tap: Tapped on element 'Object Repository/My Home Credit Indonesia/android.widget.TextView6 - Pilih Tujuan'

2018-10-02 12:01:29 - [MESSAGE][PASSED] - Tapped on element 'Object Repository/My Home Credit Indonesia/android.widget.TextView6 - Pilih Tujuan'

2018-10-02 12:01:29 - [TEST_STEP][PASSED] - tap: Tapped on element 'Object Repository/My Home Credit Indonesia/android.widget.TextView2 - Handphonegadgettablet'

2018-10-02 12:01:31 - [MESSAGE][PASSED] - Tapped on element 'Object Repository/My Home Credit Indonesia/android.widget.TextView2 - Handphonegadgettablet'

2018-10-02 12:01:31 - [TEST_STEP][PASSED] - tap: Tapped on element 'Object Repository/My Home Credit Indonesia/android.widget.TextView4 - 42 bulan'

2018-10-02 12:01:33 - [MESSAGE][PASSED] - Tapped on element 'Object Repository/My Home Credit Indonesia/android.widget.TextView4 - 42 bulan'

2018-10-02 12:01:33 - [TEST_STEP][PASSED] - tap: Tapped on element 'Object Repository/My Home Credit Indonesia/android.widget.RelativeLayout0'

2018-10-02 12:01:35 - [MESSAGE][PASSED] - Tapped on element 'Object Repository/My Home Credit Indonesia/android.widget.RelativeLayout0'

2018-10-02 12:01:35 - [TEST_STEP][PASSED] - scrollToText: Scrolling to text 'Lanjutkan' successfully

2018-10-02 12:01:40 - [MESSAGE][PASSED] - Scrolling to text 'Lanjutkan' successfully

2018-10-02 12:01:40 - [TEST_STEP][PASSED] - tap: Tapped on element 'Object Repository/My Home Credit Indonesia/android.widget.TextView12 - Lanjutkan'

2018-10-02 12:01:43 - [MESSAGE][PASSED] - Tapped on element 'Object Repository/My Home Credit Indonesia/android.widget.TextView12 - Lanjutkan'

2018-10-02 12:01:43 - [TEST_STEP][PASSED] - scrollToText: Scrolling to text 'UPLOAD' successfully

2018-10-02 12:01:47 - [MESSAGE][PASSED] - Scrolling to text 'UPLOAD' successfully

2018-10-02 12:01:47 - [TEST_STEP][PASSED] - tap: Tapped on element 'Object Repository/My Home Credit Indonesia/android.widget.Button0 - UPLOAD'

2018-10-02 12:01:49 - [MESSAGE][PASSED] - Tapped on element 'Object Repository/My Home Credit Indonesia/android.widget.Button0 - UPLOAD'

2018-10-02 12:01:49 - [TEST_STEP][PASSED] - tap: Tapped on element 'Object Repository/My Home Credit Indonesia/android.widget.ImageButton1'

2018-10-02 12:01:50 - [MESSAGE][PASSED] - Tapped on element 'Object Repository/My Home Credit Indonesia/android.widget.ImageButton1'

2018-10-02 12:01:50 - [TEST_STEP][PASSED] - scrollToText: Scrolling to text 'UPLOAD' successfully

2018-10-02 12:01:52 - [MESSAGE][PASSED] - Scrolling to text 'UPLOAD' successfully

2018-10-02 12:01:52 - [TEST_STEP][PASSED] - tap: Tapped on element 'Object Repository/My Home Credit Indonesia/android.widget.Button1 - UPLOAD'

2018-10-02 12:01:54 - [MESSAGE][PASSED] - Tapped on element 'Object Repository/My Home Credit Indonesia/android.widget.Button1 - UPLOAD'

2018-10-02 12:01:54 - [TEST_STEP][PASSED] - tap: Tapped on element 'Object Repository/My Home Credit Indonesia/android.widget.ImageButton1'

2018-10-02 12:01:57 - [MESSAGE][PASSED] - Tapped on element 'Object Repository/My Home Credit Indonesia/android.widget.ImageButton1'

2018-10-02 12:01:57 - [TEST_STEP][PASSED] - scrollToText: Scrolling to text 'Lanjutkan' successfully

2018-10-02 12:01:58 - [MESSAGE][PASSED] - Scrolling to text 'Lanjutkan' successfully

2018-10-02 12:01:58 - [TEST_STEP][PASSED] - tap: Tapped on element 'Object Repository/My Home Credit Indonesia/android.widget.TextView9 - LANJUTKAN'

2018-10-02 12:02:00 - [MESSAGE][PASSED] - Tapped on element 'Object Repository/My Home Credit Indonesia/android.widget.TextView9 - LANJUTKAN'

2018-10-02 12:02:00 - [TEST_STEP][PASSED] - tap: Tapped on element 'Object Repository/My Home Credit Indonesia/android.widget.TextView3 - Pilih Bank'

2018-10-02 12:02:04 - [MESSAGE][PASSED] - Tapped on element 'Object Repository/My Home Credit Indonesia/android.widget.TextView3 - Pilih Bank'

2018-10-02 12:02:04 - [TEST_STEP][PASSED] - setText: Text 'bca' has been set to element 'Object Repository/My Home Credit Indonesia/android.widget.EditText0 - Cari Nama Bank'

2018-10-02 12:02:08 - [MESSAGE][PASSED] - Text 'bca' has been set to element 'Object Repository/My Home Credit Indonesia/android.widget.EditText0 - Cari Nama Bank'

2018-10-02 12:02:08 - [TEST_STEP][PASSED] - tap: Tapped on element 'Object Repository/My Home Credit Indonesia/android.widget.TextView1 - Bca'

2018-10-02 12:02:10 - [MESSAGE][PASSED] - Tapped on element 'Object Repository/My Home Credit Indonesia/android.widget.TextView1 - Bca'

2018-10-02 12:02:10 - [TEST_STEP][PASSED] - setText: Text '1300190983' has been set to element 'Object Repository/My Home Credit Indonesia/android.widget.EditText0'

2018-10-02 12:02:11 - [MESSAGE][PASSED] - Text '1300190983' has been set to element 'Object Repository/My Home Credit Indonesia/android.widget.EditText0'

2018-10-02 12:02:11 - [TEST_STEP][PASSED] - tap: Tapped on element 'Object Repository/My Home Credit Indonesia/android.widget.TextView5 - Verifikasi Nomor Rekening'

2018-10-02 12:02:13 - [MESSAGE][PASSED] - Tapped on element 'Object Repository/My Home Credit Indonesia/android.widget.TextView5 - Verifikasi Nomor Rekening'

2018-10-02 12:02:13 - [TEST_STEP][PASSED] - scrollToText: Scrolling to text 'Lanjutkan' successfully

2018-10-02 12:02:15 - [MESSAGE][PASSED] - Scrolling to text 'Lanjutkan' successfully

2018-10-02 12:02:16 - [TEST_STEP][PASSED] - tap: Tapped on element 'Object Repository/My Home Credit Indonesia/android.widget.TextView8 - LANJUTKAN'

2018-10-02 12:02:18 - [MESSAGE][PASSED] - Tapped on element 'Object Repository/My Home Credit Indonesia/android.widget.TextView8 - LANJUTKAN'

2018-10-02 12:02:18 - [TEST_STEP][PASSED] - setText: Text 'testing flexifast' has been set to element 'Object Repository/My Home Credit Indonesia/android.widget.EditText0 (1)'

2018-10-02 12:02:19 - [MESSAGE][PASSED] - Text 'testing flexifast' has been set to element 'Object Repository/My Home Credit Indonesia/android.widget.EditText0 (1)'

2018-10-02 12:02:19 - [TEST_STEP][PASSED] - scrollToText: Scrolling to text 'Lanjutkan' successfully

2018-10-02 12:02:23 - [MESSAGE][PASSED] - Scrolling to text 'Lanjutkan' successfully

2018-10-02 12:02:23 - [TEST_STEP][PASSED] - tap: Tapped on element 'Object Repository/My Home Credit Indonesia/android.widget.TextView12 - LANJUTKAN (1)'

2018-10-02 12:02:25 - [MESSAGE][PASSED] - Tapped on element 'Object Repository/My Home Credit Indonesia/android.widget.TextView12 - LANJUTKAN (1)'

2018-10-02 12:02:25 - [TEST_STEP][PASSED] - setText: Text 'yogaaaa' has been set to element 'Object Repository/My Home Credit Indonesia/android.widget.EditText0 (2)'

2018-10-02 12:02:26 - [MESSAGE][PASSED] - Text 'yogaaaa' has been set to element 'Object Repository/My Home Credit Indonesia/android.widget.EditText0 (2)'

2018-10-02 12:02:26 - [TEST_STEP][PASSED] - setText: Text '81213254410' has been set to element 'Object Repository/My Home Credit Indonesia/android.widget.EditText2'

2018-10-02 12:02:28 - [MESSAGE][PASSED] - Text '81213254410' has been set to element 'Object Repository/My Home Credit Indonesia/android.widget.EditText2'

2018-10-02 12:02:28 - [TEST_STEP][PASSED] - tap: Tapped on element 'Object Repository/My Home Credit Indonesia/android.widget.TextView7 - Pilih Hubungan'

2018-10-02 12:02:30 - [MESSAGE][PASSED] - Tapped on element 'Object Repository/My Home Credit Indonesia/android.widget.TextView7 - Pilih Hubungan'

2018-10-02 12:02:30 - [TEST_STEP][PASSED] - tap: Tapped on element 'Object Repository/My Home Credit Indonesia/android.widget.TextView2 - Ayah'

2018-10-02 12:02:31 - [MESSAGE][PASSED] - Tapped on element 'Object Repository/My Home Credit Indonesia/android.widget.TextView2 - Ayah'

2018-10-02 12:02:31 - [TEST_STEP][PASSED] - setText: Text 'aryoooo' has been set to element 'Object Repository/My Home Credit Indonesia/android.widget.EditText3'

2018-10-02 12:02:32 - [MESSAGE][PASSED] - Text 'aryoooo' has been set to element 'Object Repository/My Home Credit Indonesia/android.widget.EditText3'

2018-10-02 12:02:32 - [TEST_STEP][PASSED] - scrollToText: Scrolling to text 'Lanjutkan' successfully

2018-10-02 12:02:36 - [MESSAGE][PASSED] - Scrolling to text 'Lanjutkan' successfully

2018-10-02 12:02:36 - [TEST_STEP][PASSED] - setText: Text '87886840568' has been set to element 'Object Repository/My Home Credit Indonesia/android.widget.EditText4'

2018-10-02 12:02:37 - [MESSAGE][PASSED] - Text '87886840568' has been set to element 'Object Repository/My Home Credit Indonesia/android.widget.EditText4'

2018-10-02 12:02:37 - [TEST_STEP][PASSED] - tap: Tapped on element 'Object Repository/My Home Credit Indonesia/android.widget.TextView10 - Pilih Hubungan'

2018-10-02 12:02:39 - [MESSAGE][PASSED] - Tapped on element 'Object Repository/My Home Credit Indonesia/android.widget.TextView10 - Pilih Hubungan'

2018-10-02 12:02:39 - [TEST_STEP][PASSED] - tap: Tapped on element 'Object Repository/My Home Credit Indonesia/android.widget.TextView4 - KakakAdik Laki-Laki'

2018-10-02 12:02:40 - [MESSAGE][PASSED] - Tapped on element 'Object Repository/My Home Credit Indonesia/android.widget.TextView4 - KakakAdik Laki-Laki'

2018-10-02 12:02:40 - [TEST_STEP][PASSED] - tap: Tapped on element 'Object Repository/My Home Credit Indonesia/android.widget.TextView12 - LANJUTKAN (1)'

2018-10-02 12:02:42 - [MESSAGE][PASSED] - Tapped on element 'Object Repository/My Home Credit Indonesia/android.widget.TextView12 - LANJUTKAN (1)'

2018-10-02 12:02:42 - [TEST_STEP][PASSED] - setText: Text '15000000' has been set to element 'Object Repository/My Home Credit Indonesia/android.widget.EditText0 (3)'

2018-10-02 12:02:44 - [MESSAGE][PASSED] - Text '15000000' has been set to element 'Object Repository/My Home Credit Indonesia/android.widget.EditText0 (3)'

2018-10-02 12:02:44 - [TEST_STEP][PASSED] - setText: Text '0' has been set to element 'Object Repository/My Home Credit Indonesia/android.widget.EditText1'

2018-10-02 12:02:46 - [MESSAGE][PASSED] - Text '0' has been set to element 'Object Repository/My Home Credit Indonesia/android.widget.EditText1'

2018-10-02 12:02:46 - [TEST_STEP][PASSED] - scrollToText: Scrolling to text 'Kirim' successfully

2018-10-02 12:02:50 - [MESSAGE][PASSED] - Scrolling to text 'Kirim' successfully

2018-10-02 12:02:50 - [TEST_STEP][PASSED] - setText: Text '1' has been set to element 'Object Repository/My Home Credit Indonesia/android.widget.EditText1 (1)'

2018-10-02 12:02:51 - [MESSAGE][PASSED] - Text '1' has been set to element 'Object Repository/My Home Credit Indonesia/android.widget.EditText1 (1)'

2018-10-02 12:02:51 - [TEST_STEP][PASSED] - setText: Text '5' has been set to element 'Object Repository/My Home Credit Indonesia/android.widget.EditText2 (1)'

2018-10-02 12:02:52 - [MESSAGE][PASSED] - Text '5' has been set to element 'Object Repository/My Home Credit Indonesia/android.widget.EditText2 (1)'

2018-10-02 12:02:52 - [TEST_STEP][PASSED] - tap: Tapped on element 'Object Repository/My Home Credit Indonesia/android.widget.CheckBox0'

2018-10-02 12:02:54 - [MESSAGE][PASSED] - Tapped on element 'Object Repository/My Home Credit Indonesia/android.widget.CheckBox0'

2018-10-02 12:02:54 - [TEST_STEP][PASSED] - tap: Tapped on element 'Object Repository/My Home Credit Indonesia/android.widget.TextView11 - Kirim'

2018-10-02 12:02:57 - [MESSAGE][PASSED] - Tapped on element 'Object Repository/My Home Credit Indonesia/android.widget.TextView11 - Kirim'

2018-10-02 12:02:57 - [TEST_STEP][PASSED] - tap: Tapped on element 'Object Repository/My Home Credit Indonesia/android.widget.Button0 - LANJUTKAN (1)'

2018-10-02 12:03:00 - [MESSAGE][PASSED] - Tapped on element 'Object Repository/My Home Credit Indonesia/android.widget.Button0 - LANJUTKAN (1)'

2018-10-02 12:03:00 - [TEST_STEP][PASSED] - delay: Delayed 10 second(s)

2018-10-02 12:03:10 - [MESSAGE][PASSED] - Delayed 10 second(s)

2018-10-02 12:03:10 - [TEST_STEP][PASSED] - pressBack: Press back button successfully

2018-10-02 12:03:11 - [MESSAGE][PASSED] - Press back button successfully

2018-10-02 12:03:11 - [TEST_STEP][PASSED] - pressBack: Press back button successfully

2018-10-02 12:03:12 - [MESSAGE][PASSED] - Press back button successfully]]></system-out>
         <system-err><![CDATA[]]></system-err>
      </testcase>
      <testcase name="Test Cases/Logout" classname="Test Cases/Logout" status="PASSED">
         <system-out><![CDATA[2018-10-02 12:03:12 - [TEST_CASE][PASSED] - Test Cases/Logout: Test Cases/Logout

2018-10-02 12:03:12 - [TEST_STEP][PASSED] - tap: Tapped on element 'Object Repository/My Home Credit Indonesia/android.widget.TextView20 - PROFILE'

2018-10-02 12:03:15 - [MESSAGE][PASSED] - Tapped on element 'Object Repository/My Home Credit Indonesia/android.widget.TextView20 - PROFILE'

2018-10-02 12:03:15 - [TEST_STEP][PASSED] - scrollToText: Scrolling to text 'LOG OUT' successfully

2018-10-02 12:03:19 - [MESSAGE][PASSED] - Scrolling to text 'LOG OUT' successfully

2018-10-02 12:03:19 - [TEST_STEP][PASSED] - tap: Tapped on element 'Object Repository/My Home Credit Indonesia/android.widget.TextView11 - LOG OUT'

2018-10-02 12:03:21 - [MESSAGE][PASSED] - Tapped on element 'Object Repository/My Home Credit Indonesia/android.widget.TextView11 - LOG OUT'

2018-10-02 12:03:21 - [TEST_STEP][PASSED] - closeApplication: Close app successfully

2018-10-02 12:03:22 - [MESSAGE][PASSED] - Close app successfully]]></system-out>
         <system-err><![CDATA[]]></system-err>
      </testcase>
      <system-out><![CDATA[2018-10-02 12:00:40 - [TEST_SUITE][PASSED] - Testing Flexifast: Test Cases/Logout]]></system-out>
      <system-err><![CDATA[]]></system-err>
   </testsuite>
</testsuites>
