<?xml version="1.0" encoding="UTF-8"?>
<testsuites name="Testing Flexifast" time="104" tests="2" failures="1" errors="0">
   <testsuite name="Testing Flexifast" tests="2" failures="1" errors="0" time="104" timestamp="2018-10-02 10:13:17" hostname="pramudityo.pratanto - ID-L1719.hcg.homecredit.net" id="Test Suites/Testing Flexifast">
      <properties>
         <property name="deviceName" value="asus ASUS_X00TD (Android 8.1.0)"/>
         <property name="devicePlatform" value=""/>
         <property name="logFolder" value="C:\\Users\\pramudityo.pratanto\\git\\MobileApp_HomeCredit_Indonesia_2.0\\Reports\\Testing Flexifast\\20181002_101315"/>
         <property name="logFiles" value="C:\\Users\\pramudityo.pratanto\\git\\MobileApp_HomeCredit_Indonesia_2.0\\Reports\\Testing Flexifast\\20181002_101315\\appium.log, C:\\Users\\pramudityo.pratanto\\git\\MobileApp_HomeCredit_Indonesia_2.0\\Reports\\Testing Flexifast\\20181002_101315\\execution0.log"/>
         <property name="attachments" value="C:\\Users\\pramudityo.pratanto\\git\\MobileApp_HomeCredit_Indonesia_2.0\\Reports\\Testing Flexifast\\20181002_101315\\1538450099017.png, C:\\Users\\pramudityo.pratanto\\git\\MobileApp_HomeCredit_Indonesia_2.0\\Reports\\Testing Flexifast\\20181002_101315\\1538450100062.png"/>
         <property name="hostName" value="pramudityo.pratanto - ID-L1719.hcg.homecredit.net"/>
         <property name="os" value="Windows 7 64bit"/>
         <property name="katalonVersion" value="5.6.0.1"/>
         <property name="deviceOS" value="Android"/>
         <property name="appiumVersion" value="1.8.1"/>
         <property name="deviceModel" value="ASUS_X00TD"/>
         <property name="hostAddress" value="10.58.29.152"/>
         <property name="deviceManufacturer" value="asus"/>
         <property name="deviceId" value="J5AXGF00V036ZZZ"/>
         <property name="deviceName" value="asus ASUS_X00TD (Android 8.1.0)"/>
         <property name="deviceOSVersion" value="8.1.0"/>
      </properties>
      <testcase name="Test Cases/Open" classname="Test Cases/Open" status="PASSED">
         <system-out><![CDATA[2018-10-02 10:13:17 - [TEST_CASE][PASSED] - Test Cases/Open: Test Cases/Open

2018-10-02 10:13:17 - [TEST_STEP][PASSED] - startApplication: Started app at: 'C:\Users\pramudityo.pratanto\Desktop\Katalon Update\appv2-development-universal-debug (1).apk'

2018-10-02 10:13:47 - [MESSAGE][PASSED] - Started app at: 'C:\Users\pramudityo.pratanto\Desktop\Katalon Update\appv2-development-universal-debug (1).apk']]></system-out>
         <system-err><![CDATA[]]></system-err>
      </testcase>
      <testcase name="Test Cases/Login" classname="Test Cases/Login" status="PASSED">
         <system-out><![CDATA[2018-10-02 10:13:47 - [TEST_CASE][PASSED] - Test Cases/Login: Test Cases/Login

2018-10-02 10:13:47 - [TEST_STEP][PASSED] - setText: Text '81213254451' has been set to element 'Object Repository/My Home Credit Indonesia/android.widget.EditText0 - Masukkan No. Handphone Anda'

2018-10-02 10:13:50 - [MESSAGE][PASSED] - Text '81213254451' has been set to element 'Object Repository/My Home Credit Indonesia/android.widget.EditText0 - Masukkan No. Handphone Anda'

2018-10-02 10:13:50 - [TEST_STEP][PASSED] - setText: Text '1111' has been set to element 'Object Repository/My Home Credit Indonesia/android.widget.EditText1 - Masukkan Kode PIN'

2018-10-02 10:13:52 - [MESSAGE][PASSED] - Text '1111' has been set to element 'Object Repository/My Home Credit Indonesia/android.widget.EditText1 - Masukkan Kode PIN'

2018-10-02 10:13:52 - [TEST_STEP][PASSED] - tap: Tapped on element 'Object Repository/My Home Credit Indonesia/android.widget.Button0 - LOGIN'

2018-10-02 10:13:54 - [MESSAGE][PASSED] - Tapped on element 'Object Repository/My Home Credit Indonesia/android.widget.Button0 - LOGIN']]></system-out>
         <system-err><![CDATA[]]></system-err>
      </testcase>
      <testcase name="Test Cases/Flexifast" classname="Test Cases/Flexifast" status="FAILED">
         <failure type="FAILED" message="Failed to tap on element 'Object Repository/My Home Credit Indonesia/android.widget.TextView3 - Pilih Kota' (Root cause: Object Object Repository/My Home Credit Indonesia/android.widget.TextView3 - Pilih Kota not found)"/>
         <system-out><![CDATA[2018-10-02 10:13:54 - [TEST_CASE][FAILED] - Test Cases/Flexifast: Test Cases/Flexifast FAILED because (of) Failed to tap on element 'Object Repository/My Home Credit Indonesia/android.widget.TextView3 - Pilih Kota' (Root cause: Object Object Repository/My Home Credit Indonesia/android.widget.TextView3 - Pilih Kota not found)

2018-10-02 10:13:55 - [TEST_STEP][PASSED] - tap: Tapped on element 'Object Repository/My Home Credit Indonesia/android.widget.TextView10 - Renovasi Rumah'

2018-10-02 10:14:00 - [MESSAGE][PASSED] - Tapped on element 'Object Repository/My Home Credit Indonesia/android.widget.TextView10 - Renovasi Rumah'

2018-10-02 10:14:00 - [TEST_STEP][PASSED] - tap: Tapped on element 'Object Repository/My Home Credit Indonesia/android.widget.TextView9 - Daftar Sekarang'

2018-10-02 10:14:03 - [MESSAGE][PASSED] - Tapped on element 'Object Repository/My Home Credit Indonesia/android.widget.TextView9 - Daftar Sekarang'

2018-10-02 10:14:03 - [TEST_STEP][PASSED] - tap: Tapped on element 'Object Repository/My Home Credit Indonesia/android.widget.TextView6 - Pilih Tujuan'

2018-10-02 10:14:06 - [MESSAGE][PASSED] - Tapped on element 'Object Repository/My Home Credit Indonesia/android.widget.TextView6 - Pilih Tujuan'

2018-10-02 10:14:06 - [TEST_STEP][PASSED] - tap: Tapped on element 'Object Repository/My Home Credit Indonesia/android.widget.TextView2 - Handphonegadgettablet'

2018-10-02 10:14:07 - [MESSAGE][PASSED] - Tapped on element 'Object Repository/My Home Credit Indonesia/android.widget.TextView2 - Handphonegadgettablet'

2018-10-02 10:14:07 - [TEST_STEP][PASSED] - tap: Tapped on element 'Object Repository/My Home Credit Indonesia/android.widget.TextView4 - 42 bulan'

2018-10-02 10:14:09 - [MESSAGE][PASSED] - Tapped on element 'Object Repository/My Home Credit Indonesia/android.widget.TextView4 - 42 bulan'

2018-10-02 10:14:09 - [TEST_STEP][PASSED] - tap: Tapped on element 'Object Repository/My Home Credit Indonesia/android.widget.RelativeLayout0'

2018-10-02 10:14:11 - [MESSAGE][PASSED] - Tapped on element 'Object Repository/My Home Credit Indonesia/android.widget.RelativeLayout0'

2018-10-02 10:14:11 - [TEST_STEP][PASSED] - scrollToText: Scrolling to text 'Lanjutkan' successfully

2018-10-02 10:14:16 - [MESSAGE][PASSED] - Scrolling to text 'Lanjutkan' successfully

2018-10-02 10:14:16 - [TEST_STEP][PASSED] - tap: Tapped on element 'Object Repository/My Home Credit Indonesia/android.widget.TextView12 - Lanjutkan'

2018-10-02 10:14:18 - [MESSAGE][PASSED] - Tapped on element 'Object Repository/My Home Credit Indonesia/android.widget.TextView12 - Lanjutkan'

2018-10-02 10:14:18 - [TEST_STEP][PASSED] - scrollToText: Scrolling to text 'UPLOAD' successfully

2018-10-02 10:14:22 - [MESSAGE][PASSED] - Scrolling to text 'UPLOAD' successfully

2018-10-02 10:14:23 - [TEST_STEP][PASSED] - tap: Tapped on element 'Object Repository/My Home Credit Indonesia/android.widget.Button0 - UPLOAD'

2018-10-02 10:14:24 - [MESSAGE][PASSED] - Tapped on element 'Object Repository/My Home Credit Indonesia/android.widget.Button0 - UPLOAD'

2018-10-02 10:14:24 - [TEST_STEP][PASSED] - tap: Tapped on element 'Object Repository/My Home Credit Indonesia/android.widget.ImageButton1'

2018-10-02 10:14:27 - [MESSAGE][PASSED] - Tapped on element 'Object Repository/My Home Credit Indonesia/android.widget.ImageButton1'

2018-10-02 10:14:27 - [TEST_STEP][PASSED] - scrollToText: Scrolling to text 'UPLOAD' successfully

2018-10-02 10:14:28 - [MESSAGE][PASSED] - Scrolling to text 'UPLOAD' successfully

2018-10-02 10:14:28 - [TEST_STEP][PASSED] - tap: Tapped on element 'Object Repository/My Home Credit Indonesia/android.widget.Button1 - UPLOAD'

2018-10-02 10:14:30 - [MESSAGE][PASSED] - Tapped on element 'Object Repository/My Home Credit Indonesia/android.widget.Button1 - UPLOAD'

2018-10-02 10:14:30 - [TEST_STEP][PASSED] - tap: Tapped on element 'Object Repository/My Home Credit Indonesia/android.widget.ImageButton1'

2018-10-02 10:14:32 - [MESSAGE][PASSED] - Tapped on element 'Object Repository/My Home Credit Indonesia/android.widget.ImageButton1'

2018-10-02 10:14:32 - [TEST_STEP][PASSED] - scrollToText: Scrolling to text 'Lanjutkan' successfully

2018-10-02 10:14:34 - [MESSAGE][PASSED] - Scrolling to text 'Lanjutkan' successfully

2018-10-02 10:14:34 - [TEST_STEP][PASSED] - tap: Tapped on element 'Object Repository/My Home Credit Indonesia/android.widget.TextView9 - LANJUTKAN'

2018-10-02 10:14:38 - [MESSAGE][PASSED] - Tapped on element 'Object Repository/My Home Credit Indonesia/android.widget.TextView9 - LANJUTKAN'

2018-10-02 10:14:38 - [TEST_STEP][PASSED] - tap: Tapped on element 'Object Repository/My Home Credit Indonesia/android.widget.TextView3 - Pilih Bank'

2018-10-02 10:14:39 - [MESSAGE][PASSED] - Tapped on element 'Object Repository/My Home Credit Indonesia/android.widget.TextView3 - Pilih Bank'

2018-10-02 10:14:39 - [TEST_STEP][PASSED] - setText: Text 'bca' has been set to element 'Object Repository/My Home Credit Indonesia/android.widget.EditText0 - Cari Nama Bank'

2018-10-02 10:14:43 - [MESSAGE][PASSED] - Text 'bca' has been set to element 'Object Repository/My Home Credit Indonesia/android.widget.EditText0 - Cari Nama Bank'

2018-10-02 10:14:43 - [TEST_STEP][PASSED] - tap: Tapped on element 'Object Repository/My Home Credit Indonesia/android.widget.TextView1 - Bca'

2018-10-02 10:14:45 - [MESSAGE][PASSED] - Tapped on element 'Object Repository/My Home Credit Indonesia/android.widget.TextView1 - Bca'

2018-10-02 10:14:45 - [TEST_STEP][PASSED] - setText: Text '1300190983' has been set to element 'Object Repository/My Home Credit Indonesia/android.widget.EditText0'

2018-10-02 10:14:46 - [MESSAGE][PASSED] - Text '1300190983' has been set to element 'Object Repository/My Home Credit Indonesia/android.widget.EditText0'

2018-10-02 10:14:46 - [TEST_STEP][PASSED] - tap: Tapped on element 'Object Repository/My Home Credit Indonesia/android.widget.TextView5 - Verifikasi Nomor Rekening'

2018-10-02 10:14:51 - [MESSAGE][PASSED] - Tapped on element 'Object Repository/My Home Credit Indonesia/android.widget.TextView5 - Verifikasi Nomor Rekening'

2018-10-02 10:14:51 - [TEST_STEP][PASSED] - scrollToText: Scrolling to text 'Lanjutkan' successfully

2018-10-02 10:14:52 - [MESSAGE][PASSED] - Scrolling to text 'Lanjutkan' successfully

2018-10-02 10:14:52 - [TEST_STEP][PASSED] - tap: Tapped on element 'Object Repository/My Home Credit Indonesia/android.widget.TextView8 - LANJUTKAN'

2018-10-02 10:14:54 - [MESSAGE][PASSED] - Tapped on element 'Object Repository/My Home Credit Indonesia/android.widget.TextView8 - LANJUTKAN'

2018-10-02 10:14:54 - [TEST_STEP][PASSED] - setText: Text 'testing flexifast' has been set to element 'Object Repository/My Home Credit Indonesia/android.widget.EditText0 (1)'

2018-10-02 10:14:55 - [MESSAGE][PASSED] - Text 'testing flexifast' has been set to element 'Object Repository/My Home Credit Indonesia/android.widget.EditText0 (1)'

2018-10-02 10:14:55 - [TEST_STEP][FAILED] - tap: Failed to tap on element 'Object Repository/My Home Credit Indonesia/android.widget.TextView3 - Pilih Kota' (Root cause: Object Object Repository/My Home Credit Indonesia/android.widget.TextView3 - Pilih Kota not found)

2018-10-02 10:15:00 - [MESSAGE][FAILED] - Object Object Repository/My Home Credit Indonesia/android.widget.TextView3 - Pilih Kota not found
[[ATTACHMENT|C:\\Users\\pramudityo.pratanto\\git\\MobileApp_HomeCredit_Indonesia_2.0\\Reports\\Testing Flexifast\\20181002_101315\\1538450099017.png]]

2018-10-02 10:15:01 - [MESSAGE][FAILED] - Failed to tap on element 'Object Repository/My Home Credit Indonesia/android.widget.TextView3 - Pilih Kota' (Root cause: Object Object Repository/My Home Credit Indonesia/android.widget.TextView3 - Pilih Kota not found)
[[ATTACHMENT|C:\\Users\\pramudityo.pratanto\\git\\MobileApp_HomeCredit_Indonesia_2.0\\Reports\\Testing Flexifast\\20181002_101315\\1538450100062.png]]]]></system-out>
         <system-err><![CDATA[2018-10-02 10:13:54 - [TEST_CASE][FAILED] - Test Cases/Flexifast: Test Cases/Flexifast FAILED because (of) Failed to tap on element 'Object Repository/My Home Credit Indonesia/android.widget.TextView3 - Pilih Kota' (Root cause: Object Object Repository/My Home Credit Indonesia/android.widget.TextView3 - Pilih Kota not found)]]></system-err>
      </testcase>
      <system-out><![CDATA[2018-10-02 10:13:17 - [TEST_SUITE][FAILED] - Testing Flexifast: Test Cases/Flexifast FAILED because (of) Failed to tap on element 'Object Repository/My Home Credit Indonesia/android.widget.TextView3 - Pilih Kota' (Root cause: Object Object Repository/My Home Credit Indonesia/android.widget.TextView3 - Pilih Kota not found)]]></system-out>
      <system-err><![CDATA[2018-10-02 10:13:17 - [TEST_SUITE][FAILED] - Testing Flexifast: Test Cases/Flexifast FAILED because (of) Failed to tap on element 'Object Repository/My Home Credit Indonesia/android.widget.TextView3 - Pilih Kota' (Root cause: Object Object Repository/My Home Credit Indonesia/android.widget.TextView3 - Pilih Kota not found)]]></system-err>
   </testsuite>
</testsuites>
