<?xml version="1.0" encoding="UTF-8"?>
<testsuites name="DONA 1st BOD ONLINE" time="58" tests="1" failures="1" errors="0">
   <testsuite name="DONA 1st BOD ONLINE" tests="1" failures="1" errors="0" time="58" timestamp="2018-10-10 17:39:26" hostname="pramudityo.pratanto - ID-L1719.hcg.homecredit.net" id="Test Suites/DONA 1st BOD ONLINE">
      <properties>
         <property name="deviceName" value="asus ASUS_X00TD (Android 8.1.0)"/>
         <property name="devicePlatform" value=""/>
         <property name="logFolder" value="C:\\Users\\pramudityo.pratanto\\git\\MobileApp_HomeCredit_Indonesia_2.0\\Reports\\DONA 1st BOD ONLINE\\20181010_173925"/>
         <property name="logFiles" value="C:\\Users\\pramudityo.pratanto\\git\\MobileApp_HomeCredit_Indonesia_2.0\\Reports\\DONA 1st BOD ONLINE\\20181010_173925\\appium.log, C:\\Users\\pramudityo.pratanto\\git\\MobileApp_HomeCredit_Indonesia_2.0\\Reports\\DONA 1st BOD ONLINE\\20181010_173925\\execution0.log"/>
         <property name="attachments" value=""/>
         <property name="hostName" value="pramudityo.pratanto - ID-L1719.hcg.homecredit.net"/>
         <property name="os" value="Windows 7 64bit"/>
         <property name="katalonVersion" value="5.6.0.1"/>
         <property name="deviceOS" value="Android"/>
         <property name="appiumVersion" value="1.8.1"/>
         <property name="deviceModel" value="ASUS_X00TD"/>
         <property name="hostAddress" value="10.58.17.105"/>
         <property name="deviceManufacturer" value="asus"/>
         <property name="deviceId" value="J5AXGF00V036ZZZ"/>
         <property name="deviceName" value="asus ASUS_X00TD (Android 8.1.0)"/>
         <property name="deviceOSVersion" value="8.1.0"/>
      </properties>
      <testcase name="Test Cases/Open" classname="Test Cases/Open" status="PASSED">
         <system-out><![CDATA[2018-10-10 17:39:27 - [TEST_CASE][PASSED] - Test Cases/Open: Test Cases/Open

2018-10-10 17:39:27 - [TEST_STEP][PASSED] - startApplication: Started app at: 'C:\Users\pramudityo.pratanto\Desktop\Katalon Update\appv2-development-universal-debug (1).apk'

2018-10-10 17:39:57 - [MESSAGE][PASSED] - Started app at: 'C:\Users\pramudityo.pratanto\Desktop\Katalon Update\appv2-development-universal-debug (1).apk']]></system-out>
         <system-err><![CDATA[]]></system-err>
      </testcase>
      <testcase name="Test Cases/DONA 1st bod" classname="Test Cases/DONA 1st bod" status="FAILED">
         <failure type="FAILED" message="Failed to tap on element 'Object Repository/My Home Credit Indonesia/DONA/android.widget.ImageView1 (3)' (Root cause: org.openqa.selenium.WebDriverException: An unknown server-side error occurred while processing the command. Original error: Could not proxy command to remote server. Original error: Error: socket hang up (WARNING: The server did not provide any stacktrace information)
Command duration or timeout: 0 milliseconds
Build info: version: '3.7.1', revision: '8a0099a', time: '2017-11-06T21:07:36.161Z'
System info: host: 'ID-L1719', ip: '10.58.17.105', os.name: 'Windows 7', os.arch: 'amd64', os.version: '6.1', java.version: '1.8.0_181'
Driver info: com.kms.katalon.core.appium.driver.SwipeableAndroidDriver
Capabilities {app: C:\Users\pramudityo.pratant..., appPackage: id.co.myhomecredit.dev, appWaitActivity: id.co.homecredit.*, autoGrantPermissions: true, automationName: uiautomator2, databaseEnabled: false, desired: {app: C:\Users\pramudityo.pratant..., appWaitActivity: id.co.homecredit.*, autoGrantPermissions: true, automationName: uiautomator2, deviceId: , deviceName: asus ASUS_X00TD (Android 8...., fullReset: false, newCommandTimeout: 1800, noReset: true, platform: ANDROID, platformName: Android, udid: J5AXGF00V036ZZZ}, deviceApiLevel: 27, deviceId: , deviceManufacturer: asus, deviceModel: ASUS_X00TD, deviceName: J5AXGF00V036ZZZ, deviceScreenDensity: 480, deviceScreenSize: 1080x2160, deviceUDID: J5AXGF00V036ZZZ, fullReset: false, javascriptEnabled: true, locationContextEnabled: false, networkConnectionEnabled: true, newCommandTimeout: 1800, noReset: true, pixelRatio: 3, platform: ANDROID, platformName: ANDROID, platformVersion: 8.1.0, statBarHeight: 72, takesScreenshot: true, udid: J5AXGF00V036ZZZ, viewportRect: {height: 1944, left: 0, top: 72, width: 1080}, warnings: {}, webStorageEnabled: false}
Session ID: 6cba1687-0548-4184-8c22-058b1ba965be)"/>
         <system-out><![CDATA[2018-10-10 17:39:57 - [TEST_CASE][FAILED] - Test Cases/DONA 1st bod: Test Cases/DONA 1st bod FAILED because (of) Failed to tap on element 'Object Repository/My Home Credit Indonesia/DONA/android.widget.ImageView1 (3)' (Root cause: org.openqa.selenium.WebDriverException: An unknown server-side error occurred while processing the command. Original error: Could not proxy command to remote server. Original error: Error: socket hang up (WARNING: The server did not provide any stacktrace information)
Command duration or timeout: 0 milliseconds
Build info: version: '3.7.1', revision: '8a0099a', time: '2017-11-06T21:07:36.161Z'
System info: host: 'ID-L1719', ip: '10.58.17.105', os.name: 'Windows 7', os.arch: 'amd64', os.version: '6.1', java.version: '1.8.0_181'
Driver info: com.kms.katalon.core.appium.driver.SwipeableAndroidDriver
Capabilities {app: C:\Users\pramudityo.pratant..., appPackage: id.co.myhomecredit.dev, appWaitActivity: id.co.homecredit.*, autoGrantPermissions: true, automationName: uiautomator2, databaseEnabled: false, desired: {app: C:\Users\pramudityo.pratant..., appWaitActivity: id.co.homecredit.*, autoGrantPermissions: true, automationName: uiautomator2, deviceId: , deviceName: asus ASUS_X00TD (Android 8...., fullReset: false, newCommandTimeout: 1800, noReset: true, platform: ANDROID, platformName: Android, udid: J5AXGF00V036ZZZ}, deviceApiLevel: 27, deviceId: , deviceManufacturer: asus, deviceModel: ASUS_X00TD, deviceName: J5AXGF00V036ZZZ, deviceScreenDensity: 480, deviceScreenSize: 1080x2160, deviceUDID: J5AXGF00V036ZZZ, fullReset: false, javascriptEnabled: true, locationContextEnabled: false, networkConnectionEnabled: true, newCommandTimeout: 1800, noReset: true, pixelRatio: 3, platform: ANDROID, platformName: ANDROID, platformVersion: 8.1.0, statBarHeight: 72, takesScreenshot: true, udid: J5AXGF00V036ZZZ, viewportRect: {height: 1944, left: 0, top: 72, width: 1080}, warnings: {}, webStorageEnabled: false}
Session ID: 6cba1687-0548-4184-8c22-058b1ba965be)

2018-10-10 17:39:58 - [TEST_STEP][PASSED] - delay: Delayed 7 second(s)

2018-10-10 17:40:05 - [MESSAGE][PASSED] - Delayed 7 second(s)

2018-10-10 17:40:05 - [TEST_STEP][PASSED] - tap: Tapped on element 'Object Repository/My Home Credit Indonesia/DONA/android.widget.ImageView5 (Dona Banner 2)'

2018-10-10 17:40:09 - [MESSAGE][PASSED] - Tapped on element 'Object Repository/My Home Credit Indonesia/DONA/android.widget.ImageView5 (Dona Banner 2)'

2018-10-10 17:40:09 - [TEST_STEP][PASSED] - tap: Tapped on element 'Object Repository/My Home Credit Indonesia/DONA/android.widget.TextView6 - AJUKAN SEKARANG'

2018-10-10 17:40:13 - [MESSAGE][PASSED] - Tapped on element 'Object Repository/My Home Credit Indonesia/DONA/android.widget.TextView6 - AJUKAN SEKARANG'

2018-10-10 17:40:13 - [TEST_STEP][PASSED] - tap: Tapped on element 'Object Repository/My Home Credit Indonesia/DONA/android.widget.TextView4 - LANJUTKAN (1)'

2018-10-10 17:40:15 - [MESSAGE][PASSED] - Tapped on element 'Object Repository/My Home Credit Indonesia/DONA/android.widget.TextView4 - LANJUTKAN (1)'

2018-10-10 17:40:15 - [TEST_STEP][PASSED] - tap: Tapped on element 'Object Repository/My Home Credit Indonesia/DONA/android.widget.TextView7 - MULAI PENGAJUAN (1)'

2018-10-10 17:40:23 - [MESSAGE][PASSED] - Tapped on element 'Object Repository/My Home Credit Indonesia/DONA/android.widget.TextView7 - MULAI PENGAJUAN (1)'

2018-10-10 17:40:23 - [TEST_STEP][FAILED] - tap: Failed to tap on element 'Object Repository/My Home Credit Indonesia/DONA/android.widget.ImageView1 (3)' (Root cause: org.openqa.selenium.WebDriverException: An unknown server-side error occurred while processing the command. Original error: Could not proxy command to remote server. Original error: Error: socket hang up (WARNING: The server did not provide any stacktrace information)
Command duration or timeout: 0 milliseconds
Build info: version: '3.7.1', revision: '8a0099a', time: '2017-11-06T21:07:36.161Z'
System info: host: 'ID-L1719', ip: '10.58.17.105', os.name: 'Windows 7', os.arch: 'amd64', os.version: '6.1', java.version: '1.8.0_181'
Driver info: com.kms.katalon.core.appium.driver.SwipeableAndroidDriver
Capabilities {app: C:\Users\pramudityo.pratant..., appPackage: id.co.myhomecredit.dev, appWaitActivity: id.co.homecredit.*, autoGrantPermissions: true, automationName: uiautomator2, databaseEnabled: false, desired: {app: C:\Users\pramudityo.pratant..., appWaitActivity: id.co.homecredit.*, autoGrantPermissions: true, automationName: uiautomator2, deviceId: , deviceName: asus ASUS_X00TD (Android 8...., fullReset: false, newCommandTimeout: 1800, noReset: true, platform: ANDROID, platformName: Android, udid: J5AXGF00V036ZZZ}, deviceApiLevel: 27, deviceId: , deviceManufacturer: asus, deviceModel: ASUS_X00TD, deviceName: J5AXGF00V036ZZZ, deviceScreenDensity: 480, deviceScreenSize: 1080x2160, deviceUDID: J5AXGF00V036ZZZ, fullReset: false, javascriptEnabled: true, locationContextEnabled: false, networkConnectionEnabled: true, newCommandTimeout: 1800, noReset: true, pixelRatio: 3, platform: ANDROID, platformName: ANDROID, platformVersion: 8.1.0, statBarHeight: 72, takesScreenshot: true, udid: J5AXGF00V036ZZZ, viewportRect: {height: 1944, left: 0, top: 72, width: 1080}, warnings: {}, webStorageEnabled: false}
Session ID: 6cba1687-0548-4184-8c22-058b1ba965be)

2018-10-10 17:40:25 - [MESSAGE][WARNING] - Cannot take screenshot

2018-10-10 17:40:25 - [MESSAGE][FAILED] - Failed to tap on element 'Object Repository/My Home Credit Indonesia/DONA/android.widget.ImageView1 (3)' (Root cause: org.openqa.selenium.WebDriverException: An unknown server-side error occurred while processing the command. Original error: Could not proxy command to remote server. Original error: Error: socket hang up (WARNING: The server did not provide any stacktrace information)
Command duration or timeout: 0 milliseconds
Build info: version: '3.7.1', revision: '8a0099a', time: '2017-11-06T21:07:36.161Z'
System info: host: 'ID-L1719', ip: '10.58.17.105', os.name: 'Windows 7', os.arch: 'amd64', os.version: '6.1', java.version: '1.8.0_181'
Driver info: com.kms.katalon.core.appium.driver.SwipeableAndroidDriver
Capabilities {app: C:\Users\pramudityo.pratant..., appPackage: id.co.myhomecredit.dev, appWaitActivity: id.co.homecredit.*, autoGrantPermissions: true, automationName: uiautomator2, databaseEnabled: false, desired: {app: C:\Users\pramudityo.pratant..., appWaitActivity: id.co.homecredit.*, autoGrantPermissions: true, automationName: uiautomator2, deviceId: , deviceName: asus ASUS_X00TD (Android 8...., fullReset: false, newCommandTimeout: 1800, noReset: true, platform: ANDROID, platformName: Android, udid: J5AXGF00V036ZZZ}, deviceApiLevel: 27, deviceId: , deviceManufacturer: asus, deviceModel: ASUS_X00TD, deviceName: J5AXGF00V036ZZZ, deviceScreenDensity: 480, deviceScreenSize: 1080x2160, deviceUDID: J5AXGF00V036ZZZ, fullReset: false, javascriptEnabled: true, locationContextEnabled: false, networkConnectionEnabled: true, newCommandTimeout: 1800, noReset: true, pixelRatio: 3, platform: ANDROID, platformName: ANDROID, platformVersion: 8.1.0, statBarHeight: 72, takesScreenshot: true, udid: J5AXGF00V036ZZZ, viewportRect: {height: 1944, left: 0, top: 72, width: 1080}, warnings: {}, webStorageEnabled: false}
Session ID: 6cba1687-0548-4184-8c22-058b1ba965be)]]></system-out>
         <system-err><![CDATA[2018-10-10 17:39:57 - [TEST_CASE][FAILED] - Test Cases/DONA 1st bod: Test Cases/DONA 1st bod FAILED because (of) Failed to tap on element 'Object Repository/My Home Credit Indonesia/DONA/android.widget.ImageView1 (3)' (Root cause: org.openqa.selenium.WebDriverException: An unknown server-side error occurred while processing the command. Original error: Could not proxy command to remote server. Original error: Error: socket hang up (WARNING: The server did not provide any stacktrace information)
Command duration or timeout: 0 milliseconds
Build info: version: '3.7.1', revision: '8a0099a', time: '2017-11-06T21:07:36.161Z'
System info: host: 'ID-L1719', ip: '10.58.17.105', os.name: 'Windows 7', os.arch: 'amd64', os.version: '6.1', java.version: '1.8.0_181'
Driver info: com.kms.katalon.core.appium.driver.SwipeableAndroidDriver
Capabilities {app: C:\Users\pramudityo.pratant..., appPackage: id.co.myhomecredit.dev, appWaitActivity: id.co.homecredit.*, autoGrantPermissions: true, automationName: uiautomator2, databaseEnabled: false, desired: {app: C:\Users\pramudityo.pratant..., appWaitActivity: id.co.homecredit.*, autoGrantPermissions: true, automationName: uiautomator2, deviceId: , deviceName: asus ASUS_X00TD (Android 8...., fullReset: false, newCommandTimeout: 1800, noReset: true, platform: ANDROID, platformName: Android, udid: J5AXGF00V036ZZZ}, deviceApiLevel: 27, deviceId: , deviceManufacturer: asus, deviceModel: ASUS_X00TD, deviceName: J5AXGF00V036ZZZ, deviceScreenDensity: 480, deviceScreenSize: 1080x2160, deviceUDID: J5AXGF00V036ZZZ, fullReset: false, javascriptEnabled: true, locationContextEnabled: false, networkConnectionEnabled: true, newCommandTimeout: 1800, noReset: true, pixelRatio: 3, platform: ANDROID, platformName: ANDROID, platformVersion: 8.1.0, statBarHeight: 72, takesScreenshot: true, udid: J5AXGF00V036ZZZ, viewportRect: {height: 1944, left: 0, top: 72, width: 1080}, warnings: {}, webStorageEnabled: false}
Session ID: 6cba1687-0548-4184-8c22-058b1ba965be)]]></system-err>
      </testcase>
      <system-out><![CDATA[2018-10-10 17:39:26 - [TEST_SUITE][FAILED] - DONA 1st BOD ONLINE: Test Cases/DONA 1st bod FAILED because (of) Failed to tap on element 'Object Repository/My Home Credit Indonesia/DONA/android.widget.ImageView1 (3)' (Root cause: org.openqa.selenium.WebDriverException: An unknown server-side error occurred while processing the command. Original error: Could not proxy command to remote server. Original error: Error: socket hang up (WARNING: The server did not provide any stacktrace information)
Command duration or timeout: 0 milliseconds
Build info: version: '3.7.1', revision: '8a0099a', time: '2017-11-06T21:07:36.161Z'
System info: host: 'ID-L1719', ip: '10.58.17.105', os.name: 'Windows 7', os.arch: 'amd64', os.version: '6.1', java.version: '1.8.0_181'
Driver info: com.kms.katalon.core.appium.driver.SwipeableAndroidDriver
Capabilities {app: C:\Users\pramudityo.pratant..., appPackage: id.co.myhomecredit.dev, appWaitActivity: id.co.homecredit.*, autoGrantPermissions: true, automationName: uiautomator2, databaseEnabled: false, desired: {app: C:\Users\pramudityo.pratant..., appWaitActivity: id.co.homecredit.*, autoGrantPermissions: true, automationName: uiautomator2, deviceId: , deviceName: asus ASUS_X00TD (Android 8...., fullReset: false, newCommandTimeout: 1800, noReset: true, platform: ANDROID, platformName: Android, udid: J5AXGF00V036ZZZ}, deviceApiLevel: 27, deviceId: , deviceManufacturer: asus, deviceModel: ASUS_X00TD, deviceName: J5AXGF00V036ZZZ, deviceScreenDensity: 480, deviceScreenSize: 1080x2160, deviceUDID: J5AXGF00V036ZZZ, fullReset: false, javascriptEnabled: true, locationContextEnabled: false, networkConnectionEnabled: true, newCommandTimeout: 1800, noReset: true, pixelRatio: 3, platform: ANDROID, platformName: ANDROID, platformVersion: 8.1.0, statBarHeight: 72, takesScreenshot: true, udid: J5AXGF00V036ZZZ, viewportRect: {height: 1944, left: 0, top: 72, width: 1080}, warnings: {}, webStorageEnabled: false}
Session ID: 6cba1687-0548-4184-8c22-058b1ba965be)]]></system-out>
      <system-err><![CDATA[2018-10-10 17:39:26 - [TEST_SUITE][FAILED] - DONA 1st BOD ONLINE: Test Cases/DONA 1st bod FAILED because (of) Failed to tap on element 'Object Repository/My Home Credit Indonesia/DONA/android.widget.ImageView1 (3)' (Root cause: org.openqa.selenium.WebDriverException: An unknown server-side error occurred while processing the command. Original error: Could not proxy command to remote server. Original error: Error: socket hang up (WARNING: The server did not provide any stacktrace information)
Command duration or timeout: 0 milliseconds
Build info: version: '3.7.1', revision: '8a0099a', time: '2017-11-06T21:07:36.161Z'
System info: host: 'ID-L1719', ip: '10.58.17.105', os.name: 'Windows 7', os.arch: 'amd64', os.version: '6.1', java.version: '1.8.0_181'
Driver info: com.kms.katalon.core.appium.driver.SwipeableAndroidDriver
Capabilities {app: C:\Users\pramudityo.pratant..., appPackage: id.co.myhomecredit.dev, appWaitActivity: id.co.homecredit.*, autoGrantPermissions: true, automationName: uiautomator2, databaseEnabled: false, desired: {app: C:\Users\pramudityo.pratant..., appWaitActivity: id.co.homecredit.*, autoGrantPermissions: true, automationName: uiautomator2, deviceId: , deviceName: asus ASUS_X00TD (Android 8...., fullReset: false, newCommandTimeout: 1800, noReset: true, platform: ANDROID, platformName: Android, udid: J5AXGF00V036ZZZ}, deviceApiLevel: 27, deviceId: , deviceManufacturer: asus, deviceModel: ASUS_X00TD, deviceName: J5AXGF00V036ZZZ, deviceScreenDensity: 480, deviceScreenSize: 1080x2160, deviceUDID: J5AXGF00V036ZZZ, fullReset: false, javascriptEnabled: true, locationContextEnabled: false, networkConnectionEnabled: true, newCommandTimeout: 1800, noReset: true, pixelRatio: 3, platform: ANDROID, platformName: ANDROID, platformVersion: 8.1.0, statBarHeight: 72, takesScreenshot: true, udid: J5AXGF00V036ZZZ, viewportRect: {height: 1944, left: 0, top: 72, width: 1080}, warnings: {}, webStorageEnabled: false}
Session ID: 6cba1687-0548-4184-8c22-058b1ba965be)]]></system-err>
   </testsuite>
</testsuites>
